Log file open, 10/19/18 11:16:01
LogWindows: Failed to load 'aqProf.dll' (GetLastError=126)
LogWindows: File 'aqProf.dll' does not exist
LogWindows: Failed to load 'VtuneApi.dll' (GetLastError=126)
LogWindows: File 'VtuneApi.dll' does not exist
LogWindows: Failed to load 'VtuneApi32e.dll' (GetLastError=126)
LogWindows: File 'VtuneApi32e.dll' does not exist
LogInit: Display: Running engine for game: Assignment2
LogPlatformFile: Not using cached read wrapper
LogInit: Display: RandInit(929533367) SRandInit(929533368).
LogInit: Read version file with build ID '3944462'
LogInit: Overriding engine version to CL 4033788, compatible CL 3944462
LogInit: Registered custom module enumerator with build ID '3944462'
LogTaskGraph: Started task graph with 5 named threads and 23 total threads with 3 sets of task threads.
LogStats: Stats thread started at 0.300420
LogD3D11RHI: Aftermath initialized
LogICUInternationalization: Display: ICU TimeZone Detection - Raw Offset: +10:00, Platform Override: ''
LogPluginManager: Mounting plugin Paper2D
LogPluginManager: Mounting plugin LiveLink
LogPluginManager: Mounting plugin LightPropagationVolume
LogPluginManager: Mounting plugin CLionSourceCodeAccess
LogPluginManager: Mounting plugin CodeLiteSourceCodeAccess
LogPluginManager: Mounting plugin GitSourceControl
LogPluginManager: Mounting plugin KDevelopSourceCodeAccess
LogPluginManager: Mounting plugin NullSourceCodeAccess
LogPluginManager: Mounting plugin PerforceSourceControl
LogPluginManager: Mounting plugin SubversionSourceControl
LogPluginManager: Mounting plugin UObjectPlugin
LogPluginManager: Mounting plugin VisualStudioCodeSourceCodeAccess
LogPluginManager: Mounting plugin VisualStudioSourceCodeAccess
LogPluginManager: Mounting plugin XCodeSourceCodeAccess
LogPluginManager: Mounting plugin AssetManagerEditor
LogPluginManager: Mounting plugin CryptoKeys
LogPluginManager: Mounting plugin DataValidation
LogPluginManager: Mounting plugin FacialAnimation
LogPluginManager: Mounting plugin GameplayTagsEditor
LogPluginManager: Mounting plugin MobileLauncherProfileWizard
LogPluginManager: Mounting plugin PluginBrowser
LogPluginManager: Mounting plugin SpeedTreeImporter
LogPluginManager: Mounting plugin DatasmithContent
LogPluginManager: Mounting plugin AlembicImporter
LogPluginManager: Mounting plugin CharacterAI
LogPluginManager: Mounting plugin HTML5Networking
LogPluginManager: Mounting plugin AndroidMedia
LogPluginManager: Mounting plugin AvfMedia
LogPluginManager: Mounting plugin ImgMedia
LogPluginManager: Mounting plugin LinearTimecode
LogPluginManager: Mounting plugin MediaCompositing
LogPluginManager: Mounting plugin MediaPlayerEditor
LogPluginManager: Mounting plugin WmfMedia
LogPluginManager: Mounting plugin TcpMessaging
LogPluginManager: Mounting plugin UdpMessaging
LogPluginManager: Mounting plugin ActorSequence
LogPluginManager: Mounting plugin LevelSequenceEditor
LogPluginManager: Mounting plugin MatineeToLevelSequence
LogPluginManager: Mounting plugin NetcodeUnitTest
LogPluginManager: Mounting plugin NUTUnrealEngine4
LogPluginManager: Mounting plugin OnlineSubsystemGooglePlay
LogPluginManager: Mounting plugin OnlineSubsystemIOS
LogPluginManager: Mounting plugin OnlineSubsystem
LogPluginManager: Mounting plugin OnlineSubsystemNull
LogPluginManager: Mounting plugin OnlineSubsystemUtils
LogPluginManager: Mounting plugin AndroidDeviceProfileSelector
LogPluginManager: Mounting plugin AndroidMoviePlayer
LogPluginManager: Mounting plugin AndroidPermission
LogPluginManager: Mounting plugin AppleARKit
LogPluginManager: Mounting plugin AppleMoviePlayer
LogPluginManager: Mounting plugin ArchVisCharacter
LogPluginManager: Mounting plugin AudioCapture
LogPluginManager: Mounting plugin CableComponent
LogPluginManager: Mounting plugin CustomMeshComponent
LogPluginManager: Mounting plugin ExampleDeviceProfileSelector
LogPluginManager: Mounting plugin GoogleCloudMessaging
LogPluginManager: Mounting plugin ImmediatePhysics
LogPluginManager: Mounting plugin IOSDeviceProfileSelector
LogPluginManager: Mounting plugin LinuxDeviceProfileSelector
LogPluginManager: Mounting plugin LocationServicesBPLibrary
LogPluginManager: Mounting plugin MobilePatchingUtils
LogPluginManager: Mounting plugin OculusVR
LogPluginManager: Plugin shader directory ../../../Engine/Plugins/Runtime/Oculus/OculusVR/Shaders found
LogPluginManager: Mapping shader source directory ../../../Engine/Plugins/Runtime/Oculus/OculusVR/Shaders to virtual directory /Plugin/OculusVR
LogPluginManager: Mounting plugin PhysXVehicles
LogPluginManager: Mounting plugin ProceduralMeshComponent
LogPluginManager: Mounting plugin RuntimePhysXCooking
LogPluginManager: Mounting plugin SteamVR
LogPluginManager: Mounting plugin WindowsMoviePlayer
LogStreaming: Display: Took  2.810s to configure plugins.
LogModuleManager: Display: Found up-to-date module file I:/Assignment2/Binaries/Win64/UE4Editor-Assignment2-2644.dll (API version 3944462).
LogModuleManager: Display: Found up-to-date module file ../../../Engine/Plugins/2D/Paper2D/Binaries/Win64/UE4Editor-Paper2D.dll (API version 3944462).
LogModuleManager: Display: Found up-to-date module file ../../../Engine/Plugins/2D/Paper2D/Binaries/Win64/UE4Editor-Paper2DEditor.dll (API version 3944462).
LogModuleManager: Display: Found up-to-date module file ../../../Engine/Plugins/2D/Paper2D/Binaries/Win64/UE4Editor-PaperSpriteSheetImporter.dll (API version 3944462).
LogModuleManager: Display: Found up-to-date module file ../../../Engine/Plugins/2D/Paper2D/Binaries/Win64/UE4Editor-PaperTiledImporter.dll (API version 3944462).
LogModuleManager: Display: Found up-to-date module file ../../../Engine/Plugins/2D/Paper2D/Binaries/Win64/UE4Editor-SmartSnapping.dll (API version 3944462).
LogModuleManager: Display: Found up-to-date module file ../../../Engine/Plugins/Animation/LiveLink/Binaries/Win64/UE4Editor-LiveLink.dll (API version 3944462).
LogModuleManager: Display: Found up-to-date module file ../../../Engine/Plugins/Animation/LiveLink/Binaries/Win64/UE4Editor-LiveLinkEditor.dll (API version 3944462).
LogModuleManager: Display: Found up-to-date module file ../../../Engine/Plugins/Blendables/LightPropagationVolume/Binaries/Win64/UE4Editor-LightPropagationVolumeRuntime.dll (API version 3944462).
LogModuleManager: Display: Found up-to-date module file ../../../Engine/Plugins/Blendables/LightPropagationVolume/Binaries/Win64/UE4Editor-LightPropagationVolumeEditor.dll (API version 3944462).
LogModuleManager: Display: Found up-to-date module file ../../../Engine/Plugins/Developer/CLionSourceCodeAccess/Binaries/Win64/UE4Editor-CLionSourceCodeAccess.dll (API version 3944462).
LogModuleManager: Display: Found up-to-date module file ../../../Engine/Plugins/Developer/GitSourceControl/Binaries/Win64/UE4Editor-GitSourceControl.dll (API version 3944462).
LogModuleManager: Display: Found up-to-date module file ../../../Engine/Plugins/Developer/PerforceSourceControl/Binaries/Win64/UE4Editor-PerforceSourceControl.dll (API version 3944462).
LogModuleManager: Display: Found up-to-date module file ../../../Engine/Plugins/Developer/SubversionSourceControl/Binaries/Win64/UE4Editor-SubversionSourceControl.dll (API version 3944462).
LogModuleManager: Display: Found up-to-date module file ../../../Engine/Plugins/Developer/UObjectPlugin/Binaries/Win64/UE4Editor-UObjectPlugin.dll (API version 3944462).
LogModuleManager: Display: Found up-to-date module file ../../../Engine/Plugins/Developer/VisualStudioCodeSourceCodeAccess/Binaries/Win64/UE4Editor-VisualStudioCodeSourceCodeAccess.dll (API version 3944462).
LogModuleManager: Display: Found up-to-date module file ../../../Engine/Plugins/Developer/VisualStudioSourceCodeAccess/Binaries/Win64/UE4Editor-VisualStudioSourceCodeAccess.dll (API version 3944462).
LogModuleManager: Display: Found up-to-date module file ../../../Engine/Plugins/Editor/AssetManagerEditor/Binaries/Win64/UE4Editor-AssetManagerEditor.dll (API version 3944462).
LogModuleManager: Display: Found up-to-date module file ../../../Engine/Plugins/Editor/CryptoKeys/Binaries/Win64/UE4Editor-CryptoKeys.dll (API version 3944462).
LogModuleManager: Display: Found up-to-date module file ../../../Engine/Plugins/Editor/CryptoKeys/Binaries/Win64/UE4Editor-CryptoKeysOpenSSL.dll (API version 3944462).
LogModuleManager: Display: Found up-to-date module file ../../../Engine/Plugins/Editor/DataValidation/Binaries/Win64/UE4Editor-DataValidation.dll (API version 3944462).
LogModuleManager: Display: Found up-to-date module file ../../../Engine/Plugins/Editor/FacialAnimation/Binaries/Win64/UE4Editor-FacialAnimation.dll (API version 3944462).
LogModuleManager: Display: Found up-to-date module file ../../../Engine/Plugins/Editor/FacialAnimation/Binaries/Win64/UE4Editor-FacialAnimationEditor.dll (API version 3944462).
LogModuleManager: Display: Found up-to-date module file ../../../Engine/Plugins/Editor/GameplayTagsEditor/Binaries/Win64/UE4Editor-GameplayTagsEditor.dll (API version 3944462).
LogModuleManager: Display: Found up-to-date module file ../../../Engine/Plugins/Editor/MobileLauncherProfileWizard/Binaries/Win64/UE4Editor-MobileLauncherProfileWizard.dll (API version 3944462).
LogModuleManager: Display: Found up-to-date module file ../../../Engine/Plugins/Editor/PluginBrowser/Binaries/Win64/UE4Editor-PluginBrowser.dll (API version 3944462).
LogModuleManager: Display: Found up-to-date module file ../../../Engine/Plugins/Editor/SpeedTreeImporter/Binaries/Win64/UE4Editor-SpeedTreeImporter.dll (API version 3944462).
LogModuleManager: Display: Found up-to-date module file ../../../Engine/Plugins/Enterprise/DatasmithContent/Binaries/Win64/UE4Editor-DatasmithContent.dll (API version 3944462).
LogModuleManager: Display: Found up-to-date module file ../../../Engine/Plugins/Experimental/AlembicImporter/Binaries/Win64/UE4Editor-AlembicImporter.dll (API version 3944462).
LogModuleManager: Display: Found up-to-date module file ../../../Engine/Plugins/Experimental/AlembicImporter/Binaries/Win64/UE4Editor-AlembicLibrary.dll (API version 3944462).
LogModuleManager: Display: Found up-to-date module file ../../../Engine/Plugins/Experimental/CharacterAI/Binaries/Win64/UE4Editor-CharacterAI.dll (API version 3944462).
LogModuleManager: Display: Found up-to-date module file ../../../Engine/Plugins/Experimental/HTML5Networking/Binaries/Win64/UE4Editor-HTML5Networking.dll (API version 3944462).
LogModuleManager: Display: Found up-to-date module file ../../../Engine/Plugins/Media/AndroidMedia/Binaries/Win64/UE4Editor-AndroidMediaEditor.dll (API version 3944462).
LogModuleManager: Display: Found up-to-date module file ../../../Engine/Plugins/Media/AndroidMedia/Binaries/Win64/UE4Editor-AndroidMediaFactory.dll (API version 3944462).
LogModuleManager: Display: Found up-to-date module file ../../../Engine/Plugins/Media/AvfMedia/Binaries/Win64/UE4Editor-AvfMediaEditor.dll (API version 3944462).
LogModuleManager: Display: Found up-to-date module file ../../../Engine/Plugins/Media/AvfMedia/Binaries/Win64/UE4Editor-AvfMediaFactory.dll (API version 3944462).
LogModuleManager: Display: Found up-to-date module file ../../../Engine/Plugins/Media/AvfMedia/Binaries/Win64/UE4Editor-AvfMediaFactory.dll (API version 3944462).
LogModuleManager: Display: Found up-to-date module file ../../../Engine/Plugins/Media/ImgMedia/Binaries/Win64/UE4Editor-ImgMedia.dll (API version 3944462).
LogModuleManager: Display: Found up-to-date module file ../../../Engine/Plugins/Media/ImgMedia/Binaries/Win64/UE4Editor-ImgMediaEditor.dll (API version 3944462).
LogModuleManager: Display: Found up-to-date module file ../../../Engine/Plugins/Media/ImgMedia/Binaries/Win64/UE4Editor-ImgMediaFactory.dll (API version 3944462).
LogModuleManager: Display: Found up-to-date module file ../../../Engine/Plugins/Media/ImgMedia/Binaries/Win64/UE4Editor-ImgMediaFactory.dll (API version 3944462).
LogModuleManager: Display: Found up-to-date module file ../../../Engine/Plugins/Media/ImgMedia/Binaries/Win64/UE4Editor-OpenExrWrapper.dll (API version 3944462).
LogModuleManager: Display: Found up-to-date module file ../../../Engine/Plugins/Media/LinearTimecode/Binaries/Win64/UE4Editor-LinearTimecode.dll (API version 3944462).
LogModuleManager: Display: Found up-to-date module file ../../../Engine/Plugins/Media/MediaCompositing/Binaries/Win64/UE4Editor-MediaCompositing.dll (API version 3944462).
LogModuleManager: Display: Found up-to-date module file ../../../Engine/Plugins/Media/MediaCompositing/Binaries/Win64/UE4Editor-MediaCompositingEditor.dll (API version 3944462).
LogModuleManager: Display: Found up-to-date module file ../../../Engine/Plugins/Media/MediaPlayerEditor/Binaries/Win64/UE4Editor-MediaPlayerEditor.dll (API version 3944462).
LogModuleManager: Display: Found up-to-date module file ../../../Engine/Plugins/Media/WmfMedia/Binaries/Win64/UE4Editor-WmfMedia.dll (API version 3944462).
LogModuleManager: Display: Found up-to-date module file ../../../Engine/Plugins/Media/WmfMedia/Binaries/Win64/UE4Editor-WmfMediaEditor.dll (API version 3944462).
LogModuleManager: Display: Found up-to-date module file ../../../Engine/Plugins/Media/WmfMedia/Binaries/Win64/UE4Editor-WmfMediaFactory.dll (API version 3944462).
LogModuleManager: Display: Found up-to-date module file ../../../Engine/Plugins/Media/WmfMedia/Binaries/Win64/UE4Editor-WmfMediaFactory.dll (API version 3944462).
LogModuleManager: Display: Found up-to-date module file ../../../Engine/Plugins/Messaging/TcpMessaging/Binaries/Win64/UE4Editor-TcpMessaging.dll (API version 3944462).
LogModuleManager: Display: Found up-to-date module file ../../../Engine/Plugins/Messaging/UdpMessaging/Binaries/Win64/UE4Editor-UdpMessaging.dll (API version 3944462).
LogModuleManager: Display: Found up-to-date module file ../../../Engine/Plugins/MovieScene/ActorSequence/Binaries/Win64/UE4Editor-ActorSequence.dll (API version 3944462).
LogModuleManager: Display: Found up-to-date module file ../../../Engine/Plugins/MovieScene/LevelSequenceEditor/Binaries/Win64/UE4Editor-LevelSequenceEditor.dll (API version 3944462).
LogModuleManager: Display: Found up-to-date module file ../../../Engine/Plugins/MovieScene/MatineeToLevelSequence/Binaries/Win64/UE4Editor-MatineeToLevelSequence.dll (API version 3944462).
LogModuleManager: Display: Found up-to-date module file ../../../Engine/Plugins/NetcodeUnitTest/NetcodeUnitTest/Binaries/Win64/UE4Editor-NetcodeUnitTest.dll (API version 3944462).
LogModuleManager: Display: Found up-to-date module file ../../../Engine/Plugins/NetcodeUnitTest/NUTUnrealEngine4/Binaries/Win64/UE4Editor-NUTUnrealEngine4.dll (API version 3944462).
LogModuleManager: Display: Found up-to-date module file ../../../Engine/Plugins/Online/OnlineSubsystem/Binaries/Win64/UE4Editor-OnlineSubsystem.dll (API version 3944462).
LogModuleManager: Display: Found up-to-date module file ../../../Engine/Plugins/Online/OnlineSubsystemNull/Binaries/Win64/UE4Editor-OnlineSubsystemNull.dll (API version 3944462).
LogModuleManager: Display: Found up-to-date module file ../../../Engine/Plugins/Online/OnlineSubsystemUtils/Binaries/Win64/UE4Editor-OnlineSubsystemUtils.dll (API version 3944462).
LogModuleManager: Display: Found up-to-date module file ../../../Engine/Plugins/Online/OnlineSubsystemUtils/Binaries/Win64/UE4Editor-OnlineBlueprintSupport.dll (API version 3944462).
LogModuleManager: Display: Found up-to-date module file ../../../Engine/Plugins/Runtime/AndroidDeviceProfileSelector/Binaries/Win64/UE4Editor-AndroidDeviceProfileSelector.dll (API version 3944462).
LogModuleManager: Display: Found up-to-date module file ../../../Engine/Plugins/Runtime/AndroidPermission/Binaries/Win64/UE4Editor-AndroidPermission.dll (API version 3944462).
LogModuleManager: Display: Found up-to-date module file ../../../Engine/Plugins/Runtime/AppleARKit/Binaries/Win64/UE4Editor-AppleARKit.dll (API version 3944462).
LogModuleManager: Display: Found up-to-date module file ../../../Engine/Plugins/Runtime/ArchVisCharacter/Binaries/Win64/UE4Editor-ArchVisCharacter.dll (API version 3944462).
LogModuleManager: Display: Found up-to-date module file ../../../Engine/Plugins/Runtime/AudioCapture/Binaries/Win64/UE4Editor-AudioCapture.dll (API version 3944462).
LogModuleManager: Display: Found up-to-date module file ../../../Engine/Plugins/Runtime/AudioCapture/Binaries/Win64/UE4Editor-AudioCaptureEditor.dll (API version 3944462).
LogModuleManager: Display: Found up-to-date module file ../../../Engine/Plugins/Runtime/CableComponent/Binaries/Win64/UE4Editor-CableComponent.dll (API version 3944462).
LogModuleManager: Display: Found up-to-date module file ../../../Engine/Plugins/Runtime/CustomMeshComponent/Binaries/Win64/UE4Editor-CustomMeshComponent.dll (API version 3944462).
LogModuleManager: Display: Found up-to-date module file ../../../Engine/Plugins/Runtime/ExampleDeviceProfileSelector/Binaries/Win64/UE4Editor-ExampleDeviceProfileSelector.dll (API version 3944462).
LogModuleManager: Display: Found up-to-date module file ../../../Engine/Plugins/Runtime/ImmediatePhysics/Binaries/Win64/UE4Editor-ImmediatePhysics.dll (API version 3944462).
LogModuleManager: Display: Found up-to-date module file ../../../Engine/Plugins/Runtime/ImmediatePhysics/Binaries/Win64/UE4Editor-ImmediatePhysicsEditor.dll (API version 3944462).
LogModuleManager: Display: Found up-to-date module file ../../../Engine/Plugins/Runtime/LocationServicesBPLibrary/Binaries/Win64/UE4Editor-LocationServicesBPLibrary.dll (API version 3944462).
LogModuleManager: Display: Found up-to-date module file ../../../Engine/Plugins/Runtime/MobilePatchingUtils/Binaries/Win64/UE4Editor-MobilePatchingUtils.dll (API version 3944462).
LogModuleManager: Display: Found up-to-date module file ../../../Engine/Plugins/Runtime/Oculus/OculusVR/Binaries/Win64/UE4Editor-OculusHMD.dll (API version 3944462).
LogModuleManager: Display: Found up-to-date module file ../../../Engine/Plugins/Runtime/Oculus/OculusVR/Binaries/Win64/UE4Editor-OculusInput.dll (API version 3944462).
LogModuleManager: Display: Found up-to-date module file ../../../Engine/Plugins/Runtime/Oculus/OculusVR/Binaries/Win64/UE4Editor-OculusEditor.dll (API version 3944462).
LogModuleManager: Display: Found up-to-date module file ../../../Engine/Plugins/Runtime/PhysXVehicles/Binaries/Win64/UE4Editor-PhysXVehicles.dll (API version 3944462).
LogModuleManager: Display: Found up-to-date module file ../../../Engine/Plugins/Runtime/PhysXVehicles/Binaries/Win64/UE4Editor-PhysXVehiclesEditor.dll (API version 3944462).
LogModuleManager: Display: Found up-to-date module file ../../../Engine/Plugins/Runtime/ProceduralMeshComponent/Binaries/Win64/UE4Editor-ProceduralMeshComponent.dll (API version 3944462).
LogModuleManager: Display: Found up-to-date module file ../../../Engine/Plugins/Runtime/ProceduralMeshComponent/Binaries/Win64/UE4Editor-ProceduralMeshComponentEditor.dll (API version 3944462).
LogModuleManager: Display: Found up-to-date module file ../../../Engine/Plugins/Runtime/RuntimePhysXCooking/Binaries/Win64/UE4Editor-RuntimePhysXCooking.dll (API version 3944462).
LogModuleManager: Display: Found up-to-date module file ../../../Engine/Plugins/Runtime/Steam/SteamVR/Binaries/Win64/UE4Editor-SteamVR.dll (API version 3944462).
LogModuleManager: Display: Found up-to-date module file ../../../Engine/Plugins/Runtime/Steam/SteamVR/Binaries/Win64/UE4Editor-SteamVRController.dll (API version 3944462).
LogModuleManager: Display: Found up-to-date module file ../../../Engine/Plugins/Runtime/WindowsMoviePlayer/Binaries/Win64/UE4Editor-WindowsMoviePlayer.dll (API version 3944462).
LogInit: Using libcurl 7.47.1
LogInit:  - built for x86_64-pc-win32
LogInit:  - supports SSL with OpenSSL/1.0.2g
LogInit:  - supports HTTP deflate (compression) using libz 1.2.8
LogInit:  - other features:
LogInit:      CURL_VERSION_SSL
LogInit:      CURL_VERSION_LIBZ
LogInit:      CURL_VERSION_IPV6
LogInit:      CURL_VERSION_ASYNCHDNS
LogInit:      CURL_VERSION_LARGEFILE
LogInit:      CURL_VERSION_IDN
LogInit:  CurlRequestOptions (configurable via config and command line):
LogInit:  - bVerifyPeer = false  - Libcurl will NOT verify peer certificate
LogInit:  - bUseHttpProxy = false  - Libcurl will NOT use HTTP proxy
LogInit:  - bDontReuseConnections = false  - Libcurl will reuse connections
LogInit:  - CertBundlePath = nullptr  - Libcurl will use whatever was configured at build time.
LogInit:  - MaxHostConnections = 16  - Libcurl will limit the number of connections to a host
LogInit:  - LocalHostAddr = Default
LogInit: WinSock: version 1.1 (2.2), MaxSocks=32767, MaxUdp=65467
LogInit: WinSock: I am DESKTOP-1DG4IFS (118.139.82.85:0)
LogInit: Build: ++UE4+Release-4.19-CL-4033788
LogInit: Engine Version: 4.19.2-4033788+++UE4+Release-4.19
LogInit: Compatible Engine Version: 4.19.0-3944462+++UE4+Release-4.19
LogInit: Net CL: 3944462
LogDevObjectVersion: Number of dev versions registered: 18
LogDevObjectVersion:   Dev-Blueprints (B0D832E4-1F89-4F0D-ACCF-7EB736FD4AA2): 10
LogDevObjectVersion:   Dev-Build (E1C64328-A22C-4D53-A36C-8E866417BD8C): 0
LogDevObjectVersion:   Dev-Core (375EC13C-06E4-48FB-B500-84F0262A717E): 2
LogDevObjectVersion:   Dev-Editor (E4B068ED-F494-42E9-A231-DA0B2E46BB41): 23
LogDevObjectVersion:   Dev-Framework (CFFC743F-43B0-4480-9391-14DF171D2073): 33
LogDevObjectVersion:   Dev-Mobile (B02B49B5-BB20-44E9-A304-32B752E40360): 2
LogDevObjectVersion:   Dev-Networking (A4E4105C-59A1-49B5-A7C5-40C4547EDFEE): 0
LogDevObjectVersion:   Dev-Online (39C831C9-5AE6-47DC-9A44-9C173E1C8E7C): 0
LogDevObjectVersion:   Dev-Physics (78F01B33-EBEA-4F98-B9B4-84EACCB95AA2): 0
LogDevObjectVersion:   Dev-Platform (6631380F-2D4D-43E0-8009-CF276956A95A): 0
LogDevObjectVersion:   Dev-Rendering (12F88B9F-8875-4AFC-A67C-D90C383ABD29): 25
LogDevObjectVersion:   Dev-Sequencer (7B5AE74C-D270-4C10-A958-57980B212A5A): 6
LogDevObjectVersion:   Dev-VR (D7296918-1DD6-4BDD-9DE2-64A83CC13884): 1
LogDevObjectVersion:   Dev-LoadTimes (C2A15278-BFE7-4AFE-6C17-90FF531DF755): 1
LogDevObjectVersion:   Private-Geometry (6EACA3D4-40EC-4CC1-B786-8BED09428FC5): 2
LogDevObjectVersion:   Dev-AnimPhys (29E575DD-E0A3-4627-9D10-D276232CDCEA): 16
LogDevObjectVersion:   Dev-ReflectionCapture (6B266CEC-1EC7-4B8F-A30B-E4D90942FC07): 1
LogDevObjectVersion:   Dev-Automation (0DF73D61-A23F-47EA-B727-89E90C41499A): 1
LogInit: Compiled (64-bit): Apr 27 2018 02:06:57
LogInit: Compiled with Visual C++: 19.00.24215.01
LogInit: Build Configuration: Development
LogInit: Branch Name: ++UE4+Release-4.19
LogInit: Command Line:  
LogInit: Base Directory: F:/UE_4.19/Engine/Binaries/Win64/
LogInit: Installed Engine Build: 1
LogStreaming: Display: Took  0.675s to delete old logs.
LogInit: Presizing for max 8388607 objects, including 0 objects not considered by GC, pre-allocating 0 bytes for permanent pool.
LogInit: Object subsystem initialized
[2018.10.19-00.16.05:794][  0]LogInit: Selected Device Profile: [Windows]
[2018.10.19-00.16.05:794][  0]LogInit: Applying CVar settings loaded from the selected device profile: [Windows]
[2018.10.19-00.16.05:908][  0]LogInit: Computer: DESKTOP-1DG4IFS
[2018.10.19-00.16.05:908][  0]LogInit: User: asus
[2018.10.19-00.16.05:908][  0]LogInit: CPU Page size=4096, Cores=4
[2018.10.19-00.16.05:908][  0]LogInit: High frequency timer resolution =2.531252 MHz
[2018.10.19-00.16.05:908][  0]LogMemory: Memory total: Physical=15.9GB (16GB approx)
[2018.10.19-00.16.05:908][  0]LogMemory: Platform Memory Stats for Windows
[2018.10.19-00.16.05:908][  0]LogMemory: Process Physical Memory: 274.57 MB used, 274.57 MB peak
[2018.10.19-00.16.05:908][  0]LogMemory: Process Virtual Memory: 264.77 MB used, 264.77 MB peak
[2018.10.19-00.16.05:908][  0]LogMemory: Physical Memory: 4896.47 MB used,  11348.33 MB free, 16244.80 MB total
[2018.10.19-00.16.05:908][  0]LogMemory: Virtual Memory: 4795.28 MB used,  11348.33 MB free, 134217728.00 MB total
[2018.10.19-00.16.06:302][  0]LogInit: Overriding language with editor language configuration option (en).
[2018.10.19-00.16.06:302][  0]LogInit: Overriding locale with editor locale configuration option (en).
[2018.10.19-00.16.06:738][  0]LogStreaming: Display: Took  0.436s to EndInitTextLocalization.
[2018.10.19-00.16.06:738][  0]LogInit: Setting process to per monitor DPI aware
[2018.10.19-00.16.07:061][  0]LogSlate: New Slate User Created.  User Index 0, Is Virtual User: 0
[2018.10.19-00.16.07:061][  0]LogSlate: Slate User Registered.  User Index 0, Is Virtual User: 0
[2018.10.19-00.16.07:239][  0]LogD3D11RHI: D3D11 adapters:
[2018.10.19-00.16.07:916][  0]LogD3D11RHI:    0. 'NVIDIA GeForce GTX 970M' (Feature Level 11_0)
[2018.10.19-00.16.07:917][  0]LogD3D11RHI:       6108/0/8122 MB DedicatedVideo/DedicatedSystem/SharedSystem, Outputs:1, VendorId:0x10de
[2018.10.19-00.16.07:927][  0]LogD3D11RHI:    1. 'Intel(R) HD Graphics 530' (Feature Level 11_0)
[2018.10.19-00.16.07:927][  0]LogD3D11RHI:       128/0/8122 MB DedicatedVideo/DedicatedSystem/SharedSystem, Outputs:0, VendorId:0x8086
[2018.10.19-00.16.07:930][  0]LogD3D11RHI:    2. 'Microsoft Basic Render Driver' (Feature Level 11_0)
[2018.10.19-00.16.07:930][  0]LogD3D11RHI:       0/0/8122 MB DedicatedVideo/DedicatedSystem/SharedSystem, Outputs:0, VendorId:0x1414
[2018.10.19-00.16.07:930][  0]LogD3D11RHI: Chosen D3D11 Adapter: 0
[2018.10.19-00.16.07:946][  0]LogD3D11RHI: Creating new Direct3DDevice
[2018.10.19-00.16.07:946][  0]LogD3D11RHI:     GPU DeviceId: 0x13d8 (for the marketing name, search the web for "GPU Device Id")
[2018.10.19-00.16.07:946][  0]LogWindows: EnumDisplayDevices:
[2018.10.19-00.16.07:946][  0]LogWindows:    0. 'Intel(R) HD Graphics 530' (P:1 D:1)
[2018.10.19-00.16.07:947][  0]LogWindows:    1. 'Intel(R) HD Graphics 530' (P:0 D:0)
[2018.10.19-00.16.07:947][  0]LogWindows:    2. 'Intel(R) HD Graphics 530' (P:0 D:0)
[2018.10.19-00.16.07:947][  0]LogWindows: DebugString: GetVideoDriverDetailsInvalid PrimaryIsNotTheChoosenAdapter GetVideoDriverDetailsInvalid PrimaryIsNotTheChoosenAdapter GetVideoDriverDetailsInvalid PrimaryIsNotTheChoosenAdapter FoundDriverCount:0 
[2018.10.19-00.16.07:947][  0]LogD3D11RHI:     Adapter Name: NVIDIA GeForce GTX 970M
[2018.10.19-00.16.07:947][  0]LogD3D11RHI:   Driver Version: Unknown (internal:Unknown, unified:Unknown)
[2018.10.19-00.16.07:947][  0]LogD3D11RHI:      Driver Date: Unknown
[2018.10.19-00.16.07:947][  0]LogRHI: Texture pool is 4276 MB (70% of 6108 MB)
[2018.10.19-00.16.08:620][  0]LogD3D11RHI: [Aftermath] Aftermath enabled but failed to initialize
[2018.10.19-00.16.08:620][  0]LogD3D11RHI: [Aftermath] Aftermath enabled and primed
[2018.10.19-00.16.08:620][  0]LogD3D11RHI: Async texture creation enabled
[2018.10.19-00.16.08:799][  0]LogD3D11RHI: GPU Timing Frequency: 1000.000000 (Debug: 2 1)
[2018.10.19-00.16.08:800][  0]LogShaderCompilers: Guid format shader working directory is 31 characters bigger than the processId version (I:/Assignment2/Intermediate/Shaders/WorkingDirectory/2772/).
[2018.10.19-00.16.08:800][  0]LogShaderCompilers: Cleaned the shader compiler working directory 'C:/Users/asus/AppData/Local/Temp/UnrealShaderWorkingDir/2E81D0C4429FF186163B6A92DD05BA19/'.
[2018.10.19-00.16.09:062][  0]LogTemp: Display: Loaded TP AllDesktopTargetPlatform
[2018.10.19-00.16.09:077][  0]LogTemp: Display: Loaded TP MacClientTargetPlatform
[2018.10.19-00.16.09:092][  0]LogTemp: Display: Loaded TP MacNoEditorTargetPlatform
[2018.10.19-00.16.09:105][  0]LogTemp: Display: Loaded TP MacServerTargetPlatform
[2018.10.19-00.16.09:121][  0]LogTemp: Display: Loaded TP MacTargetPlatform
[2018.10.19-00.16.09:136][  0]LogTemp: Display: Loaded TP WindowsClientTargetPlatform
[2018.10.19-00.16.09:152][  0]LogTemp: Display: Loaded TP WindowsNoEditorTargetPlatform
[2018.10.19-00.16.09:167][  0]LogTemp: Display: Loaded TP WindowsServerTargetPlatform
[2018.10.19-00.16.09:175][  0]LogTemp: Display: Loaded TP WindowsTargetPlatform
[2018.10.19-00.16.09:188][  0]LogTemp: Display: Loaded TP Android_ASTCTargetPlatform
[2018.10.19-00.16.09:202][  0]LogTemp: Display: Loaded TP Android_ATCTargetPlatform
[2018.10.19-00.16.09:215][  0]LogTemp: Display: Loaded TP Android_DXTTargetPlatform
[2018.10.19-00.16.09:228][  0]LogTemp: Display: Loaded TP Android_ETC1aTargetPlatform
[2018.10.19-00.16.09:242][  0]LogTemp: Display: Loaded TP Android_ETC1TargetPlatform
[2018.10.19-00.16.09:255][  0]LogTemp: Display: Loaded TP Android_ETC2TargetPlatform
[2018.10.19-00.16.09:282][  0]LogTemp: Display: Loaded TP Android_MultiTargetPlatform
[2018.10.19-00.16.09:282][  0]LogTemp: Display: Loaded TP Android_PVRTCTargetPlatform
[2018.10.19-00.16.09:295][  0]LogTemp: Display: Loaded TP AndroidTargetPlatform
[2018.10.19-00.16.09:297][  0]LogTemp: Display: Loaded TP HTML5TargetPlatform
[2018.10.19-00.16.09:335][  0]LogTemp: Display: Loaded TP IOSTargetPlatform
[2018.10.19-00.16.09:347][  0]LogTemp: Display: Loaded TP TVOSTargetPlatform
[2018.10.19-00.16.09:361][  0]LogTemp: Display: Loaded TP LinuxClientTargetPlatform
[2018.10.19-00.16.09:374][  0]LogTemp: Display: Loaded TP LinuxNoEditorTargetPlatform
[2018.10.19-00.16.09:387][  0]LogTemp: Display: Loaded TP LinuxServerTargetPlatform
[2018.10.19-00.16.09:401][  0]LogTemp: Display: Loaded TP LinuxTargetPlatform
[2018.10.19-00.16.09:401][  0]LogTargetPlatformManager: Display: Building Assets For Windows
[2018.10.19-00.16.09:513][  0]LogXGEController: Cleaning working directory: C:/Users/asus/AppData/Local/Temp/UnrealXGEWorkingDir/
[2018.10.19-00.16.09:514][  0]LogXGEController: Cannot use XGE Controller as Incredibuild is not installed on this machine.
[2018.10.19-00.16.09:514][  0]LogShaderCompilers: Cannot use XGE Shader Compiler as Incredibuild is not installed on this machine.
[2018.10.19-00.16.09:514][  0]LogShaderCompilers: Display: Using Local Shader Compiler.
[2018.10.19-00.16.10:266][  0]LogDerivedDataCache: Display: Max Cache Size: 512 MB
[2018.10.19-00.16.10:333][  0]LogDerivedDataCache: Loaded boot cache 0.07s 76MB C:/Users/asus/AppData/Local/UnrealEngine/4.19/DerivedDataCache/Boot.ddc.
[2018.10.19-00.16.10:333][  0]LogDerivedDataCache: Display: Loaded Boot cache: C:/Users/asus/AppData/Local/UnrealEngine/4.19/DerivedDataCache/Boot.ddc
[2018.10.19-00.16.10:333][  0]LogDerivedDataCache: FDerivedDataBackendGraph:  Pak pak cache file I:/Assignment2/DerivedDataCache/DDC.ddp not found, will not use a pak cache.
[2018.10.19-00.16.10:333][  0]LogDerivedDataCache: Unable to find inner node Pak for hierarchical cache Hierarchy.
[2018.10.19-00.16.10:333][  0]LogDerivedDataCache: FDerivedDataBackendGraph:  CompressedPak pak cache file I:/Assignment2/DerivedDataCache/Compressed.ddp not found, will not use a pak cache.
[2018.10.19-00.16.10:333][  0]LogDerivedDataCache: Unable to find inner node CompressedPak for hierarchical cache Hierarchy.
[2018.10.19-00.16.10:350][  0]LogDerivedDataCache: Display: Pak cache opened for reading ../../../Engine/DerivedDataCache/Compressed.ddp.
[2018.10.19-00.16.10:363][  0]LogDerivedDataCache: Using Local data cache path C:/Users/asus/AppData/Local/UnrealEngine/Common/DerivedDataCache: Writable
[2018.10.19-00.16.10:363][  0]LogDerivedDataCache: Shared data cache path not found in *engine.ini, will not use an Shared cache.
[2018.10.19-00.16.10:363][  0]LogDerivedDataCache: Unable to find inner node Shared for hierarchical cache Hierarchy.
[2018.10.19-00.16.10:375][  0]LogMaterial: Verifying Global Shaders for PCD3D_SM5
[2018.10.19-00.16.10:376][  0]LogSlate: Using Freetype 2.6.0
[2018.10.19-00.16.10:376][  0]LogSlate: SlateFontCache - WITH_FREETYPE: 1, WITH_HARFBUZZ: 1
[2018.10.19-00.16.10:376][  0]LogSlate: SlateFontCache - WITH_FREETYPE: 1, WITH_HARFBUZZ: 1
[2018.10.19-00.16.10:521][  0]LogAssetRegistry: FAssetRegistry took 0.0267 seconds to start up
[2018.10.19-00.16.10:911][  0]LogInit: Selected Device Profile: [Windows]
[2018.10.19-00.16.11:069][  0]LogSimplygon: Simplygon DLL not present - disabling.
[2018.10.19-00.16.11:072][  0]LogMeshReduction: Using SimplygonSwarm for distributed automatic mesh merging
[2018.10.19-00.16.11:073][  0]LogMeshReduction: Using QuadricMeshReduction for automatic static mesh reduction
[2018.10.19-00.16.11:073][  0]LogMeshReduction: No automatic skeletal mesh reduction module available
[2018.10.19-00.16.11:073][  0]LogMeshReduction: No automatic mesh merging module available
[2018.10.19-00.16.11:073][  0]LogMeshMerging: No automatic mesh merging module available
[2018.10.19-00.16.11:103][  0]LogNetVersion: Assignment2 , NetCL: 3944462, EngineNetVer: 2, GameNetVer: 0 (Checksum: 48999329)
[2018.10.19-00.16.13:543][  0]LogPackageLocalizationCache: Processed 9 localized package path(s) for 1 prioritized culture(s) in 1.837163 seconds
[2018.10.19-00.16.13:549][  0]LogUObjectArray: 36728 objects as part of root set at end of initial load.
[2018.10.19-00.16.13:549][  0]LogUObjectAllocator: 7314304 out of 0 bytes used by permanent object pool.
[2018.10.19-00.16.13:549][  0]LogUObjectArray: CloseDisregardForGC: 0/0 objects in disregard for GC pool
[2018.10.19-00.16.15:646][  0]LogTcpMessaging: Initializing TcpMessaging bridge
[2018.10.19-00.16.15:671][  0]LogUdpMessaging: Initializing bridge on interface 0.0.0.0:0 to multicast group 230.0.0.1:6666.
[2018.10.19-00.16.16:578][  0]LogUObjectGlobals: Created PersistentFrame Addr=0x000001e9a8a0ba10, Size=72, Default__FirstPerson_AnimBP_C Function /Game/FirstPerson/Animations/FirstPerson_AnimBP.FirstPerson_AnimBP_C:ExecuteUbergraph_FirstPerson_AnimBP
[2018.10.19-00.16.16:587][  0]LogUObjectGlobals: Destroyed PersistentFrame Addr=0x000001e9a8a0ba10, Size=72
[2018.10.19-00.16.16:587][  0]LogUObjectGlobals: Created PersistentFrame Addr=0x000001e9a89a6520, Size=72, Default__FirstPerson_AnimBP_C Function /Engine/Transient.REINST_FirstPerson_AnimBP_C_0:ExecuteUbergraph_FirstPerson_AnimBP
[2018.10.19-00.16.16:596][  0]LogUObjectGlobals: Created PersistentFrame Addr=0x000001e9a893b830, Size=72, Default__FirstPerson_AnimBP_C Function /Game/FirstPerson/Animations/FirstPerson_AnimBP.FirstPerson_AnimBP_C:ExecuteUbergraph_FirstPerson_AnimBP
[2018.10.19-00.16.17:249][  0]LogSkeletalMesh: Skeletal Mesh found in DDC [0.514765ms] /Game/FirstPerson/FPWeapon/Mesh/SK_FPGun.SK_FPGun
[2018.10.19-00.16.17:260][  0]LogSkeletalMesh: Skeletal Mesh found in DDC [0.811061ms] /Game/FirstPerson/Character/Mesh/SK_Mannequin_Arms.SK_Mannequin_Arms
[2018.10.19-00.16.17:393][  0]SourceControl: Source control is disabled
[2018.10.19-00.16.17:393][  0]SourceControl: Source control is disabled
[2018.10.19-00.16.17:408][  0]SourceControl: Source control is disabled
[2018.10.19-00.16.17:422][  0]SourceControl: Source control is disabled
[2018.10.19-00.16.18:466][  0]LogAndroidPermission: UAndroidPermissionCallbackProxy::GetInstance
[2018.10.19-00.16.18:606][  0]LogOcInput: OculusInput pre-init called
[2018.10.19-00.16.18:706][  0]LogEngine: Initializing Engine...
[2018.10.19-00.16.18:708][  0]LogHMD: Failed to initialize OpenVR with code 110
[2018.10.19-00.16.18:709][  0]LogStats: UGameplayTagsManager::ConstructGameplayTagTree: Construct from data asset -  0.000 s
[2018.10.19-00.16.18:709][  0]LogStats: UGameplayTagsManager::ConstructGameplayTagTree: GameplayTagTreeChangedEvent.Broadcast -  0.000 s
[2018.10.19-00.16.18:954][  0]LogAIModule: Creating AISystem for world Untitled
[2018.10.19-00.16.18:972][  0]LogInit: XAudio2 using '扬声器 (Realtek High Definition Audio)' : 2 channels at 48 kHz using 32 bits per sample (channel mask 0x3)
[2018.10.19-00.16.19:101][  0]LogInit: FAudioDevice initialized.
[2018.10.19-00.16.19:196][  0]LogDerivedDataCache: Saved boot cache 0.09s 76MB C:/Users/asus/AppData/Local/UnrealEngine/4.19/DerivedDataCache/Boot.ddc.
[2018.10.19-00.16.19:207][  0]LogInit: Texture streaming: Enabled
[2018.10.19-00.16.19:224][  0]LogEngineSessionManager: EngineSessionManager initialized
[2018.10.19-00.16.19:238][  0]LogInit: Transaction tracking system initialized
[2018.10.19-00.16.19:266][  0]BlueprintLog: New page: Editor Load
[2018.10.19-00.16.19:395][  0]LocalizationService: Localization service is disabled
[2018.10.19-00.16.19:526][  0]LogConsoleResponse: Display: 
[2018.10.19-00.16.20:463][  0]LogCook: Display: Max memory allowance for cook 16384mb min free memory 0mb
[2018.10.19-00.16.20:463][  0]LogCook: Display: Mobile HDR setting 1
[2018.10.19-00.16.20:463][  0]LogGameplayTags: Display: UGameplayTagsManager::DoneAddingNativeTags. DelegateIsBound: 0
[2018.10.19-00.16.20:463][  0]LogStats: UGameplayTagsManager::ConstructGameplayTagTree: Construct from data asset -  0.000 s
[2018.10.19-00.16.20:463][  0]LogStats: UGameplayTagsManager::ConstructGameplayTagTree: GameplayTagTreeChangedEvent.Broadcast -  0.000 s
[2018.10.19-00.16.20:674][  0]LogFileCache: Scanning file cache for directory 'I:/Assignment2/Content/' took 0.76s
[2018.10.19-00.16.20:774][  0]SourceControl: Source control is disabled
[2018.10.19-00.16.20:775][  0]Cmd: MAP LOAD FILE="I:/Assignment2/Content/Levels/MainLevel.umap" TEMPLATE=0 SHOWPROGRESS=1 FEATURELEVEL=3
[2018.10.19-00.16.20:775][  0]LightingResults: New page: Lighting Build
[2018.10.19-00.16.20:778][  0]MapCheck: New page: Map Check
[2018.10.19-00.16.20:778][  0]LightingResults: New page: Lighting Build
[2018.10.19-00.16.20:790][  0]LogUObjectGlobals: Destroyed PersistentFrame Addr=0x000001e9a89a6520, Size=72
[2018.10.19-00.16.21:416][  0]LogUObjectGlobals: Created PersistentFrame Addr=0x000001e999190c00, Size=232, Default__FusePack_C Function /Game/Blueprints/FusePack.FusePack_C:ExecuteUbergraph_FusePack
[2018.10.19-00.16.21:419][  0]LogUObjectGlobals: Destroyed PersistentFrame Addr=0x000001e999190c00, Size=232
[2018.10.19-00.16.21:419][  0]LogUObjectGlobals: Created PersistentFrame Addr=0x000001e999190c00, Size=232, Default__FusePack_C Function /Engine/Transient.REINST_FusePack_C_6:ExecuteUbergraph_FusePack
[2018.10.19-00.16.21:421][  0]LogUObjectGlobals: Created PersistentFrame Addr=0x000001e9ab2e2a00, Size=232, Default__FusePack_C Function /Game/Blueprints/FusePack.FusePack_C:ExecuteUbergraph_FusePack
[2018.10.19-00.16.21:440][  0]LogUObjectGlobals: Created PersistentFrame Addr=0x000001e9ab2e0200, Size=232, Default__KeyPack_C Function /Game/Blueprints/KeyPack.KeyPack_C:ExecuteUbergraph_KeyPack
[2018.10.19-00.16.21:443][  0]LogUObjectGlobals: Destroyed PersistentFrame Addr=0x000001e9ab2e0200, Size=232
[2018.10.19-00.16.21:443][  0]LogUObjectGlobals: Created PersistentFrame Addr=0x000001e9ab2e0200, Size=232, Default__KeyPack_C Function /Engine/Transient.REINST_KeyPack_C_8:ExecuteUbergraph_KeyPack
[2018.10.19-00.16.21:445][  0]LogUObjectGlobals: Created PersistentFrame Addr=0x000001e9a8a12200, Size=232, Default__KeyPack_C Function /Game/Blueprints/KeyPack.KeyPack_C:ExecuteUbergraph_KeyPack
[2018.10.19-00.16.22:444][  0]LogUObjectGlobals: Created PersistentFrame Addr=0x000001e98c5ffc48, Size=8, Default__NoFuse_C Function /Game/Blueprints/NoFuse.NoFuse_C:ExecuteUbergraph_NoFuse
[2018.10.19-00.16.22:447][  0]LogUObjectGlobals: Destroyed PersistentFrame Addr=0x000001e98c5ffc48, Size=8
[2018.10.19-00.16.22:447][  0]LogUObjectGlobals: Created PersistentFrame Addr=0x000001e98c5ffc48, Size=8, Default__NoFuse_C Function /Engine/Transient.REINST_NoFuse_C_0:ExecuteUbergraph_NoFuse
[2018.10.19-00.16.22:449][  0]LogUObjectGlobals: Created PersistentFrame Addr=0x000001e98c5ffb68, Size=8, Default__NoFuse_C Function /Game/Blueprints/NoFuse.NoFuse_C:ExecuteUbergraph_NoFuse
[2018.10.19-00.16.22:455][  0]LogUObjectGlobals: Created PersistentFrame Addr=0x000001e98c5ffa28, Size=8, Default__NoKey_C Function /Game/Blueprints/NoKey.NoKey_C:ExecuteUbergraph_NoKey
[2018.10.19-00.16.22:458][  0]LogUObjectGlobals: Destroyed PersistentFrame Addr=0x000001e98c5ffa28, Size=8
[2018.10.19-00.16.22:459][  0]LogUObjectGlobals: Created PersistentFrame Addr=0x000001e98c5ffa28, Size=8, Default__NoKey_C Function /Engine/Transient.REINST_NoKey_C_1:ExecuteUbergraph_NoKey
[2018.10.19-00.16.22:460][  0]LogUObjectGlobals: Created PersistentFrame Addr=0x000001e98c5ff948, Size=8, Default__NoKey_C Function /Game/Blueprints/NoKey.NoKey_C:ExecuteUbergraph_NoKey
[2018.10.19-00.16.22:466][  0]LogUObjectGlobals: Created PersistentFrame Addr=0x000001e9a8c82000, Size=32, Default__PauseMenu_C Function /Game/Blueprints/PauseMenu.PauseMenu_C:ExecuteUbergraph_PauseMenu
[2018.10.19-00.16.22:470][  0]LogUObjectGlobals: Destroyed PersistentFrame Addr=0x000001e9a8c82000, Size=32
[2018.10.19-00.16.22:470][  0]LogUObjectGlobals: Created PersistentFrame Addr=0x000001e9a8c82000, Size=32, Default__PauseMenu_C Function /Engine/Transient.REINST_PauseMenu_C_2:ExecuteUbergraph_PauseMenu
[2018.10.19-00.16.22:473][  0]LogUObjectGlobals: Created PersistentFrame Addr=0x000001e9a8c83800, Size=32, Default__PauseMenu_C Function /Game/Blueprints/PauseMenu.PauseMenu_C:ExecuteUbergraph_PauseMenu
[2018.10.19-00.16.22:481][  0]LogUObjectGlobals: Created PersistentFrame Addr=0x000001e98e876f80, Size=128, Default__StatusScreen_C Function /Game/Blueprints/StatusScreen.StatusScreen_C:ExecuteUbergraph_StatusScreen
[2018.10.19-00.16.22:487][  0]LogUObjectGlobals: Destroyed PersistentFrame Addr=0x000001e98e876f80, Size=128
[2018.10.19-00.16.22:487][  0]LogUObjectGlobals: Created PersistentFrame Addr=0x000001e98e876f80, Size=128, Default__StatusScreen_C Function /Engine/Transient.REINST_StatusScreen_C_3:ExecuteUbergraph_StatusScreen
[2018.10.19-00.16.22:490][  0]LogUObjectGlobals: Created PersistentFrame Addr=0x000001e98e875e00, Size=128, Default__StatusScreen_C Function /Game/Blueprints/StatusScreen.StatusScreen_C:ExecuteUbergraph_StatusScreen
[2018.10.19-00.16.22:495][  0]LogUObjectGlobals: Created PersistentFrame Addr=0x000001e98e856f70, Size=16, Default__WinScreen_C Function /Game/Blueprints/WinScreen.WinScreen_C:ExecuteUbergraph_WinScreen
[2018.10.19-00.16.22:497][  0]LogUObjectGlobals: Destroyed PersistentFrame Addr=0x000001e98e856f70, Size=16
[2018.10.19-00.16.22:497][  0]LogUObjectGlobals: Created PersistentFrame Addr=0x000001e98e856f70, Size=16, Default__WinScreen_C Function /Engine/Transient.REINST_WinScreen_C_4:ExecuteUbergraph_WinScreen
[2018.10.19-00.16.22:498][  0]LogUObjectGlobals: Created PersistentFrame Addr=0x000001e98e856fe0, Size=16, Default__WinScreen_C Function /Game/Blueprints/WinScreen.WinScreen_C:ExecuteUbergraph_WinScreen
[2018.10.19-00.16.23:236][  0]LogUObjectGlobals: Created PersistentFrame Addr=0x000001e98f068600, Size=248, Default__MainLevel_C Function /Game/Levels/MainLevel.MainLevel_C:ExecuteUbergraph_MainLevel
[2018.10.19-00.16.23:248][  0]LogUObjectGlobals: Destroyed PersistentFrame Addr=0x000001e98f068600, Size=248
[2018.10.19-00.16.23:248][  0]LogUObjectGlobals: Created PersistentFrame Addr=0x000001e98ec2fb00, Size=248, Default__MainLevel_C Function /Engine/Transient.REINST_MainLevel_C_15:ExecuteUbergraph_MainLevel
[2018.10.19-00.16.23:261][  0]LogUObjectGlobals: Created PersistentFrame Addr=0x000001e992843c00, Size=248, Default__MainLevel_C Function /Game/Levels/MainLevel.MainLevel_C:ExecuteUbergraph_MainLevel
[2018.10.19-00.16.25:232][  0]LogAIModule: Creating AISystem for world MainLevel
[2018.10.19-00.16.25:256][  0]LogEditorServer: Finished looking for orphan Actors (0.000 secs)
[2018.10.19-00.16.25:273][  0]LogUObjectGlobals: Destroyed PersistentFrame Addr=0x000001e9ab2e0200, Size=232
[2018.10.19-00.16.25:273][  0]LogUObjectGlobals: Destroyed PersistentFrame Addr=0x000001e999190c00, Size=232
[2018.10.19-00.16.25:273][  0]LogUObjectGlobals: Destroyed PersistentFrame Addr=0x000001e98c5ffc48, Size=8
[2018.10.19-00.16.25:273][  0]LogUObjectGlobals: Destroyed PersistentFrame Addr=0x000001e98c5ffa28, Size=8
[2018.10.19-00.16.25:273][  0]LogUObjectGlobals: Destroyed PersistentFrame Addr=0x000001e9a8c82000, Size=32
[2018.10.19-00.16.25:273][  0]LogUObjectGlobals: Destroyed PersistentFrame Addr=0x000001e98e876f80, Size=128
[2018.10.19-00.16.25:273][  0]LogUObjectGlobals: Destroyed PersistentFrame Addr=0x000001e98e856f70, Size=16
[2018.10.19-00.16.25:273][  0]LogUObjectGlobals: Destroyed PersistentFrame Addr=0x000001e98ec2fb00, Size=248
[2018.10.19-00.16.25:274][  0]Cmd: MAP CHECKDEP NOCLEARLOG
[2018.10.19-00.16.25:364][  0]MapCheck: Map check complete: 0 Error(s), 0 Warning(s), took 90.308ms to complete.
[2018.10.19-00.16.25:365][  0]LogFileHelpers: Loading map 'MainLevel' took 4.590
[2018.10.19-00.16.25:500][  0]LogCollectionManager: Loaded 0 collections in 0.001530 seconds
[2018.10.19-00.16.25:542][  0]LogFileCache: Scanning file cache for directory 'I:/Assignment2/Saved/Collections/' took 0.01s
[2018.10.19-00.16.25:542][  0]LogFileCache: Scanning file cache for directory 'I:/Assignment2/Content/Developers/asus/Collections/' took 0.01s
[2018.10.19-00.16.25:542][  0]LogFileCache: Scanning file cache for directory 'I:/Assignment2/Content/Collections/' took 0.01s
[2018.10.19-00.16.25:542][  0]LogCollectionManager: Rebuilt the GUID cache for 0 collections in 0.000001 seconds
[2018.10.19-00.16.25:552][  0]LogContentBrowser: Native class hierarchy populated in 0.0099 seconds. Added 2460 classes and 560 folders.
[2018.10.19-00.16.25:559][  0]LogContentBrowser: Native class hierarchy updated for 'WidgetCarousel' in 0.0005 seconds. Added 0 classes and 0 folders.
[2018.10.19-00.16.25:600][  0]LogContentBrowser: Native class hierarchy updated for 'AddContentDialog' in 0.0006 seconds. Added 0 classes and 0 folders.
[2018.10.19-00.16.25:606][  0]LogContentBrowser: Native class hierarchy updated for 'SceneOutliner' in 0.0005 seconds. Added 1 classes and 2 folders.
[2018.10.19-00.16.26:141][  0]LogSlate: Took 0.000173 seconds to synchronously load lazily loaded font '../../../Engine/Content/Slate/Fonts/Roboto-Regular.ttf' (155K)
[2018.10.19-00.16.26:142][  0]LogSlate: Took 0.000312 seconds to synchronously load lazily loaded font '../../../Engine/Content/Slate/Fonts/Roboto-Bold.ttf' (160K)
[2018.10.19-00.16.26:149][  0]LogSlate: Took 0.000190 seconds to synchronously load lazily loaded font '../../../Engine/Content/Editor/Slate/Fonts/FontAwesome.ttf' (139K)
[2018.10.19-00.16.26:238][  0]LogRenderer: Reallocating scene render targets to support 804x412 Format 10 NumSamples 1 (Frame:1).
[2018.10.19-00.16.26:408][  0]LogContentBrowser: Native class hierarchy updated for 'HierarchicalLODOutliner' in 0.0004 seconds. Added 0 classes and 0 folders.
[2018.10.19-00.16.26:408][  0]LogLoad: (Engine Initialization) Total time: 29.76 seconds
[2018.10.19-00.16.26:408][  0]LogLoad: (Engine Initialization) Total Blueprint compile time: 0.00 seconds
[2018.10.19-00.16.26:768][  0]LogContentStreaming: Texture pool size now 1000 MB
[2018.10.19-00.16.26:822][  0]LogSlate: Took 0.000141 seconds to synchronously load lazily loaded font '../../../Engine/Content/Slate/Fonts/Roboto-Light.ttf' (167K)
[2018.10.19-00.16.27:119][  1]LogAssetRegistry: Asset discovery search completed in 16.6198 seconds
[2018.10.19-00.16.27:122][  1]LogCollectionManager: Rebuilt the object cache for 0 collections in 0.000001 seconds (found 0 objects)
[2018.10.19-00.16.27:122][  1]LogCollectionManager: Fixed up redirectors for 0 collections in 0.000092 seconds (updated 0 objects)
[2018.10.19-00.16.28:024][  3]LogSlate: Took 0.000200 seconds to synchronously load lazily loaded font '../../../Engine/Content/Slate/Fonts/Roboto-Light.ttf' (167K)
[2018.10.19-00.16.39:222][233]LogSlate: FSceneViewport::OnFocusLost() reason 0
[2018.10.19-00.16.39:330][246]LogTemp: Repeating last play command: New Editor Window (PIE)
[2018.10.19-00.16.39:376][246]LogBlueprintUserMessages: Early PlayInEditor Detection: Level '/Game/Levels/MainLevel.MainLevel:PersistentLevel' has LevelScriptBlueprint '/Game/Levels/MainLevel.MainLevel:PersistentLevel.MainLevel' with GeneratedClass '/Game/Levels/MainLevel.MainLevel_C' with ClassGeneratedBy '/Game/Levels/MainLevel.MainLevel:PersistentLevel.MainLevel'
[2018.10.19-00.16.39:376][246]LogPlayLevel: PlayLevel: No blueprints needed recompiling
[2018.10.19-00.16.39:377][246]PIE: New page: PIE session: MainLevel (Oct 19, 2018, 10:16:39 PM)
[2018.10.19-00.16.39:377][246]LogPlayLevel: Creating play world package: /Game/Levels/UEDPIE_1_MainLevel
[2018.10.19-00.16.39:403][246]LogPlayLevel: PIE: StaticDuplicateObject took: (0.025161s)
[2018.10.19-00.16.39:403][246]LogAIModule: Creating AISystem for world MainLevel
[2018.10.19-00.16.39:404][246]LogPlayLevel: PIE: World Init took: (0.000799s)
[2018.10.19-00.16.39:404][246]LogPlayLevel: PIE: Created PIE world by copying editor world from /Game/Levels/MainLevel.MainLevel to /Game/Levels/UEDPIE_1_MainLevel.MainLevel (0.026226s)
[2018.10.19-00.16.39:419][246]LogInit: XAudio2 using '扬声器 (Realtek High Definition Audio)' : 2 channels at 48 kHz using 32 bits per sample (channel mask 0x3)
[2018.10.19-00.16.39:426][246]LogInit: FAudioDevice initialized.
[2018.10.19-00.16.39:546][246]LogLoad: Game class is 'Assignment2GameMode'
[2018.10.19-00.16.39:553][246]LogWorld: Bringing World /Game/Levels/UEDPIE_1_MainLevel.MainLevel up for play (max tick rate 0) at 2018.10.19-11.16.39
[2018.10.19-00.16.39:554][246]LogWorld: Bringing up level for play took: 0.006313
[2018.10.19-00.16.39:558][246]LogContentBrowser: Native class hierarchy updated for 'MovieSceneCapture' in 0.0005 seconds. Added 11 classes and 0 folders.
[2018.10.19-00.16.39:559][246]LogTemp: Display: ParseSettings for GameNetDriver
[2018.10.19-00.16.39:560][246]LogTemp: Display: ParseSettings for IpNetDriver_0
[2018.10.19-00.16.39:560][246]LogTemp: Display: ParseSettings for GameNetDriver
[2018.10.19-00.16.39:560][246]LogInit: WinSock: Socket queue 131072 / 131072
[2018.10.19-00.16.39:560][246]PacketHandlerLog: Loaded PacketHandler component: Engine.EngineHandlerComponentFactory (StatelessConnectHandlerComponent)
[2018.10.19-00.16.39:560][246]LogNet: GameNetDriver IpNetDriver_0 IpNetDriver listening on port 17777
[2018.10.19-00.16.39:566][246]PIE: Play in editor start time for /Game/Levels/UEDPIE_1_MainLevel 0.752
[2018.10.19-00.16.39:569][246]PIE: New page: PIE session: MainLevel (Oct 19, 2018, 10:16:39 PM)
[2018.10.19-00.16.39:577][246]LogSlate: FSceneViewport::OnFocusLost() reason 2
[2018.10.19-00.16.39:664][246]LogNet: Browse: 127.0.0.1:17777//Game/Levels/MainLevel
[2018.10.19-00.16.39:664][246]LogTemp: Display: ParseSettings for GameNetDriver
[2018.10.19-00.16.39:664][246]LogTemp: Display: ParseSettings for IpNetDriver_1
[2018.10.19-00.16.39:664][246]LogTemp: Display: ParseSettings for PendingNetDriver
[2018.10.19-00.16.39:664][246]LogInit: WinSock: Socket queue 32768 / 32768
[2018.10.19-00.16.39:665][246]PacketHandlerLog: Loaded PacketHandler component: Engine.EngineHandlerComponentFactory (StatelessConnectHandlerComponent)
[2018.10.19-00.16.39:665][246]LogNet: Game client on port 17777, rate 10000
[2018.10.19-00.16.39:669][246]PIE: Play in editor start time for /Game/Levels/MainLevel 0.856
[2018.10.19-00.16.39:684][246]LogBlueprintUserMessages: Late PlayInEditor Detection: Level '/Game/Levels/MainLevel.MainLevel:PersistentLevel' has LevelScriptBlueprint '/Game/Levels/MainLevel.MainLevel:PersistentLevel.MainLevel' with GeneratedClass '/Game/Levels/MainLevel.MainLevel_C' with ClassGeneratedBy '/Game/Levels/MainLevel.MainLevel:PersistentLevel.MainLevel'
[2018.10.19-00.16.39:684][246]LogNet: NotifyAcceptingConnection accepted from: 127.0.0.1:64720
[2018.10.19-00.16.39:684][246]LogHandshake: SendConnectChallenge. Timestamp: 0.008333, Cookie: 215171161110092096194099122011023207153042025235106132117141
[2018.10.19-00.16.39:690][246]LogHandshake: SendChallengeResponse. Timestamp: 0.008333, Cookie: 215171161110092096194099122011023207153042025235106132117141
[2018.10.19-00.16.39:722][246]LogRenderer: Reallocating scene render targets to support 804x720 Format 10 NumSamples 1 (Frame:1).
[2018.10.19-00.16.39:817][247]LogNet: NotifyAcceptingConnection accepted from: 127.0.0.1:64720
[2018.10.19-00.16.39:817][247]LogHandshake: SendChallengeAck. InCookie: 215171161110092096194099122011023207153042025235106132117141
[2018.10.19-00.16.39:817][247]LogNet: Server accepting post-challenge connection from: 127.0.0.1:64720
[2018.10.19-00.16.39:817][247]PacketHandlerLog: Loaded PacketHandler component: Engine.EngineHandlerComponentFactory (StatelessConnectHandlerComponent)
[2018.10.19-00.16.39:817][247]LogNet: NotifyAcceptedConnection: Name: MainLevel, TimeStamp: 10/19/18 11:16:39, [UNetConnection] RemoteAddr: 127.0.0.1:64720, Name: IpConnection_1, Driver: GameNetDriver IpNetDriver_0, IsServer: YES, PC: NULL, Owner: NULL, UniqueId: INVALID
[2018.10.19-00.16.39:817][247]LogNet: AddClientConnection: Added client connection: [UNetConnection] RemoteAddr: 127.0.0.1:64720, Name: IpConnection_1, Driver: GameNetDriver IpNetDriver_0, IsServer: YES, PC: NULL, Owner: NULL, UniqueId: INVALID
[2018.10.19-00.16.39:818][247]LogNetVersion: Assignment2 1.0.0.0, NetCL: 3944462, EngineNetVer: 2, GameNetVer: 0 (Checksum: 416247383)
[2018.10.19-00.16.39:818][247]LogNet: UPendingNetGame::SendInitialJoin: Sending hello. [UNetConnection] RemoteAddr: 127.0.0.1:17777, Name: IpConnection_0, Driver: PendingNetDriver IpNetDriver_1, IsServer: NO, PC: NULL, Owner: NULL, UniqueId: INVALID
[2018.10.19-00.16.39:838][248]LogNet: NotifyAcceptingChannel Control 0 server World /Game/Levels/UEDPIE_1_MainLevel.MainLevel: Accepted
[2018.10.19-00.16.39:838][248]LogNet: Remote platform little endian=1
[2018.10.19-00.16.39:838][248]LogNet: This platform little endian=1
[2018.10.19-00.16.39:851][249]LogNet: Login request: /Game/Levels/MainLevel userId: Invalid
[2018.10.19-00.16.39:852][249]LogNet: Welcomed by server (Level: /Game/Levels/UEDPIE_1_MainLevel, Game: /Script/Assignment2.Assignment2GameMode)
[2018.10.19-00.16.39:854][249]LogLoad: LoadMap: 127.0.0.1:17777//Game/Levels/UEDPIE_1_MainLevel?game=/Script/Assignment2.Assignment2GameMode
[2018.10.19-00.16.39:892][249]LogAIModule: Creating AISystem for world MainLevel
[2018.10.19-00.16.39:893][249]LogTemp: Display: ParseSettings for GameNetDriver
[2018.10.19-00.16.39:900][249]LogWorld: Bringing World /Game/Levels/UEDPIE_2_MainLevel.MainLevel up for play (max tick rate 0) at 2018.10.19-11.16.39
[2018.10.19-00.16.39:901][249]LogWorld: Bringing up level for play took: 0.006521
[2018.10.19-00.16.39:901][249]LogLoad: Took 0.047503 seconds to LoadMap(/Game/Levels/UEDPIE_1_MainLevel)
[2018.10.19-00.16.39:926][250]LogNet: Client netspeed is 10000
[2018.10.19-00.16.39:926][250]LogNet: Join request: /Game/Levels/MainLevel?SplitscreenCount=1
[2018.10.19-00.16.39:930][250]LogNet: Join succeeded: 257
[2018.10.19-00.16.40:435][280]LogSlate: FSceneViewport::OnFocusLost() reason 2
[2018.10.19-00.16.53:301][990]LogSlate: FSceneViewport::OnFocusLost() reason 2
[2018.10.19-00.17.06:382][927]LogBlueprintUserMessages: Early EndPlayMap Detection: Level '/Game/Levels/MainLevel.MainLevel:PersistentLevel' has LevelScriptBlueprint '/Game/Levels/MainLevel.MainLevel:PersistentLevel.MainLevel' with GeneratedClass '/Game/Levels/MainLevel.MainLevel_C' with ClassGeneratedBy '/Game/Levels/MainLevel.MainLevel:PersistentLevel.MainLevel'
[2018.10.19-00.17.06:434][927]LogSlate: Window 'Assignment2 Game Preview Client 1 (64-bit/PCD3D_SM5)' being destroyed
[2018.10.19-00.17.06:518][927]LogSlate: Window 'Assignment2 Game Preview Server (64-bit/PCD3D_SM5)' being destroyed
[2018.10.19-00.17.06:553][927]LogBlueprintUserMessages: Late EndPlayMap Detection: Level '/Game/Levels/MainLevel.MainLevel:PersistentLevel' has LevelScriptBlueprint '/Game/Levels/MainLevel.MainLevel:PersistentLevel.MainLevel' with GeneratedClass '/Game/Levels/MainLevel.MainLevel_C' with ClassGeneratedBy '/Game/Levels/MainLevel.MainLevel:PersistentLevel.MainLevel'
[2018.10.19-00.17.06:570][927]LogNet: UChannel::CleanUp: ChIndex == 0. Closing connection. [UChannel] ChIndex: 0, Closing: 0 [UNetConnection] RemoteAddr: 127.0.0.1:17777, Name: None, Driver: GameNetDriver None, IsServer: NO, PC: PlayerController_1, Owner: PlayerController_1, UniqueId: INVALID
[2018.10.19-00.17.06:570][927]LogNet: UNetConnection::Close: [UNetConnection] RemoteAddr: 127.0.0.1:17777, Name: None, Driver: GameNetDriver None, IsServer: NO, PC: PlayerController_1, Owner: PlayerController_1, UniqueId: INVALID, Channels: 33, Time: 2018.10.19-00.17.06
[2018.10.19-00.17.06:570][927]LogNet: UChannel::Close: Sending CloseBunch. ChIndex == 0. Name: [UChannel] ChIndex: 0, Closing: 0 [UNetConnection] RemoteAddr: 127.0.0.1:17777, Name: None, Driver: GameNetDriver None, IsServer: NO, PC: PlayerController_1, Owner: PlayerController_1, UniqueId: INVALID
[2018.10.19-00.17.06:570][927]LogNet: UChannel::CleanUp: ChIndex == 0. Closing connection. [UChannel] ChIndex: 0, Closing: 0 [UNetConnection] RemoteAddr: 127.0.0.1:64720, Name: None, Driver: GameNetDriver None, IsServer: YES, PC: PlayerController_1, Owner: PlayerController_1, UniqueId: INVALID
[2018.10.19-00.17.06:570][927]LogNet: UNetConnection::Close: [UNetConnection] RemoteAddr: 127.0.0.1:64720, Name: None, Driver: GameNetDriver None, IsServer: YES, PC: PlayerController_1, Owner: PlayerController_1, UniqueId: INVALID, Channels: 33, Time: 2018.10.19-00.17.06
[2018.10.19-00.17.06:571][927]LogNet: UChannel::Close: Sending CloseBunch. ChIndex == 0. Name: [UChannel] ChIndex: 0, Closing: 0 [UNetConnection] RemoteAddr: 127.0.0.1:64720, Name: None, Driver: GameNetDriver None, IsServer: YES, PC: PlayerController_1, Owner: PlayerController_1, UniqueId: INVALID
[2018.10.19-00.17.06:574][927]LogExit: GameNetDriver None shut down
[2018.10.19-00.17.06:574][927]LogExit: GameNetDriver None shut down
[2018.10.19-00.17.07:928][ 59]LogTemp: Repeating last play command: New Editor Window (PIE)
[2018.10.19-00.17.08:425][ 59]LogBlueprintUserMessages: Early PlayInEditor Detection: Level '/Game/Levels/MainLevel.MainLevel:PersistentLevel' has LevelScriptBlueprint '/Game/Levels/MainLevel.MainLevel:PersistentLevel.MainLevel' with GeneratedClass '/Game/Levels/MainLevel.MainLevel_C' with ClassGeneratedBy '/Game/Levels/MainLevel.MainLevel:PersistentLevel.MainLevel'
[2018.10.19-00.17.08:426][ 59]LogPlayLevel: PlayLevel: No blueprints needed recompiling
[2018.10.19-00.17.08:427][ 59]PIE: New page: PIE session: MainLevel (Oct 19, 2018, 10:17:08 PM)
[2018.10.19-00.17.08:427][ 59]LogPlayLevel: Creating play world package: /Game/Levels/UEDPIE_1_MainLevel
[2018.10.19-00.17.08:449][ 59]LogPlayLevel: PIE: StaticDuplicateObject took: (0.022081s)
[2018.10.19-00.17.08:451][ 59]LogAIModule: Creating AISystem for world MainLevel
[2018.10.19-00.17.08:451][ 59]LogPlayLevel: PIE: World Init took: (0.001375s)
[2018.10.19-00.17.08:451][ 59]LogPlayLevel: PIE: Created PIE world by copying editor world from /Game/Levels/MainLevel.MainLevel to /Game/Levels/UEDPIE_1_MainLevel.MainLevel (0.023760s)
[2018.10.19-00.17.08:467][ 59]LogInit: XAudio2 using '扬声器 (Realtek High Definition Audio)' : 2 channels at 48 kHz using 32 bits per sample (channel mask 0x3)
[2018.10.19-00.17.08:475][ 59]LogInit: FAudioDevice initialized.
[2018.10.19-00.17.08:561][ 59]LogLoad: Game class is 'Assignment2GameMode'
[2018.10.19-00.17.08:569][ 59]LogWorld: Bringing World /Game/Levels/UEDPIE_1_MainLevel.MainLevel up for play (max tick rate 0) at 2018.10.19-11.17.08
[2018.10.19-00.17.08:570][ 59]LogWorld: Bringing up level for play took: 0.007799
[2018.10.19-00.17.08:571][ 59]LogTemp: Display: ParseSettings for GameNetDriver
[2018.10.19-00.17.08:571][ 59]LogTemp: Display: ParseSettings for IpNetDriver_2
[2018.10.19-00.17.08:571][ 59]LogTemp: Display: ParseSettings for GameNetDriver
[2018.10.19-00.17.08:571][ 59]LogInit: WinSock: Socket queue 131072 / 131072
[2018.10.19-00.17.08:572][ 59]PacketHandlerLog: Loaded PacketHandler component: Engine.EngineHandlerComponentFactory (StatelessConnectHandlerComponent)
[2018.10.19-00.17.08:572][ 59]LogNet: GameNetDriver IpNetDriver_2 IpNetDriver listening on port 17777
[2018.10.19-00.17.08:576][ 59]PIE: Play in editor start time for /Game/Levels/UEDPIE_1_MainLevel -0.237
[2018.10.19-00.17.08:577][ 59]PIE: New page: PIE session: MainLevel (Oct 19, 2018, 10:17:08 PM)
[2018.10.19-00.17.08:588][ 59]LogSlate: FSceneViewport::OnFocusLost() reason 2
[2018.10.19-00.17.08:677][ 59]LogNet: Browse: 127.0.0.1:17777//Game/Levels/MainLevel
[2018.10.19-00.17.08:677][ 59]LogTemp: Display: ParseSettings for GameNetDriver
[2018.10.19-00.17.08:677][ 59]LogTemp: Display: ParseSettings for IpNetDriver_3
[2018.10.19-00.17.08:677][ 59]LogTemp: Display: ParseSettings for PendingNetDriver
[2018.10.19-00.17.08:677][ 59]LogInit: WinSock: Socket queue 32768 / 32768
[2018.10.19-00.17.08:678][ 59]PacketHandlerLog: Loaded PacketHandler component: Engine.EngineHandlerComponentFactory (StatelessConnectHandlerComponent)
[2018.10.19-00.17.08:678][ 59]LogNet: Game client on port 17777, rate 10000
[2018.10.19-00.17.08:683][ 59]PIE: Play in editor start time for /Game/Levels/MainLevel -0.13
[2018.10.19-00.17.08:696][ 59]LogBlueprintUserMessages: Late PlayInEditor Detection: Level '/Game/Levels/MainLevel.MainLevel:PersistentLevel' has LevelScriptBlueprint '/Game/Levels/MainLevel.MainLevel:PersistentLevel.MainLevel' with GeneratedClass '/Game/Levels/MainLevel.MainLevel_C' with ClassGeneratedBy '/Game/Levels/MainLevel.MainLevel:PersistentLevel.MainLevel'
[2018.10.19-00.17.08:696][ 59]LogNet: NotifyAcceptingConnection accepted from: 127.0.0.1:64722
[2018.10.19-00.17.08:696][ 59]LogHandshake: SendConnectChallenge. Timestamp: 0.008333, Cookie: 130209097014231197086120129013222224081092217102244121092079
[2018.10.19-00.17.08:698][ 59]LogHandshake: SendChallengeResponse. Timestamp: 0.008333, Cookie: 130209097014231197086120129013222224081092217102244121092079
[2018.10.19-00.17.08:840][ 60]LogNet: NotifyAcceptingConnection accepted from: 127.0.0.1:64722
[2018.10.19-00.17.08:840][ 60]LogHandshake: SendChallengeAck. InCookie: 130209097014231197086120129013222224081092217102244121092079
[2018.10.19-00.17.08:840][ 60]LogNet: Server accepting post-challenge connection from: 127.0.0.1:64722
[2018.10.19-00.17.08:840][ 60]PacketHandlerLog: Loaded PacketHandler component: Engine.EngineHandlerComponentFactory (StatelessConnectHandlerComponent)
[2018.10.19-00.17.08:841][ 60]LogNet: NotifyAcceptedConnection: Name: MainLevel, TimeStamp: 10/19/18 11:17:08, [UNetConnection] RemoteAddr: 127.0.0.1:64722, Name: IpConnection_3, Driver: GameNetDriver IpNetDriver_2, IsServer: YES, PC: NULL, Owner: NULL, UniqueId: INVALID
[2018.10.19-00.17.08:841][ 60]LogNet: AddClientConnection: Added client connection: [UNetConnection] RemoteAddr: 127.0.0.1:64722, Name: IpConnection_3, Driver: GameNetDriver IpNetDriver_2, IsServer: YES, PC: NULL, Owner: NULL, UniqueId: INVALID
[2018.10.19-00.17.08:841][ 60]LogNet: UPendingNetGame::SendInitialJoin: Sending hello. [UNetConnection] RemoteAddr: 127.0.0.1:17777, Name: IpConnection_2, Driver: PendingNetDriver IpNetDriver_3, IsServer: NO, PC: NULL, Owner: NULL, UniqueId: INVALID
[2018.10.19-00.17.08:857][ 61]LogNet: NotifyAcceptingChannel Control 0 server World /Game/Levels/UEDPIE_1_MainLevel.MainLevel: Accepted
[2018.10.19-00.17.08:857][ 61]LogNet: Remote platform little endian=1
[2018.10.19-00.17.08:857][ 61]LogNet: This platform little endian=1
[2018.10.19-00.17.08:882][ 62]LogNet: Login request: /Game/Levels/MainLevel userId: Invalid
[2018.10.19-00.17.08:884][ 62]LogNet: Welcomed by server (Level: /Game/Levels/UEDPIE_1_MainLevel, Game: /Script/Assignment2.Assignment2GameMode)
[2018.10.19-00.17.08:891][ 62]LogLoad: LoadMap: 127.0.0.1:17777//Game/Levels/UEDPIE_1_MainLevel?game=/Script/Assignment2.Assignment2GameMode
[2018.10.19-00.17.08:928][ 62]LogAIModule: Creating AISystem for world MainLevel
[2018.10.19-00.17.08:928][ 62]LogTemp: Display: ParseSettings for GameNetDriver
[2018.10.19-00.17.08:937][ 62]LogWorld: Bringing World /Game/Levels/UEDPIE_2_MainLevel.MainLevel up for play (max tick rate 0) at 2018.10.19-11.17.08
[2018.10.19-00.17.08:937][ 62]LogWorld: Bringing up level for play took: 0.007707
[2018.10.19-00.17.08:938][ 62]LogLoad: Took 0.046232 seconds to LoadMap(/Game/Levels/UEDPIE_1_MainLevel)
[2018.10.19-00.17.08:957][ 63]LogNet: Client netspeed is 10000
[2018.10.19-00.17.08:958][ 63]LogNet: Join request: /Game/Levels/MainLevel?SplitscreenCount=1
[2018.10.19-00.17.08:960][ 63]LogNet: Join succeeded: 259
[2018.10.19-00.17.09:851][128]LogSlate: FSceneViewport::OnFocusLost() reason 2
[2018.10.19-00.17.23:364][876]LogSlate: FSceneViewport::OnFocusLost() reason 2
[2018.10.19-00.17.29:708][306]LogSlate: FSceneViewport::OnFocusLost() reason 2
[2018.10.19-00.17.38:272][928]LogBlueprintUserMessages: Early EndPlayMap Detection: Level '/Game/Levels/MainLevel.MainLevel:PersistentLevel' has LevelScriptBlueprint '/Game/Levels/MainLevel.MainLevel:PersistentLevel.MainLevel' with GeneratedClass '/Game/Levels/MainLevel.MainLevel_C' with ClassGeneratedBy '/Game/Levels/MainLevel.MainLevel:PersistentLevel.MainLevel'
[2018.10.19-00.17.38:321][928]LogSlate: Window 'Assignment2 Game Preview Client 1 (64-bit/PCD3D_SM5)' being destroyed
[2018.10.19-00.17.38:401][928]LogSlate: Window 'Assignment2 Game Preview Server (64-bit/PCD3D_SM5)' being destroyed
[2018.10.19-00.17.38:437][928]LogBlueprintUserMessages: Late EndPlayMap Detection: Level '/Game/Levels/MainLevel.MainLevel:PersistentLevel' has LevelScriptBlueprint '/Game/Levels/MainLevel.MainLevel:PersistentLevel.MainLevel' with GeneratedClass '/Game/Levels/MainLevel.MainLevel_C' with ClassGeneratedBy '/Game/Levels/MainLevel.MainLevel:PersistentLevel.MainLevel'
[2018.10.19-00.17.38:452][928]LogNet: UChannel::CleanUp: ChIndex == 0. Closing connection. [UChannel] ChIndex: 0, Closing: 0 [UNetConnection] RemoteAddr: 127.0.0.1:64722, Name: IpConnection_3, Driver: GameNetDriver IpNetDriver_2, IsServer: YES, PC: None, Owner: None, UniqueId: INVALID
[2018.10.19-00.17.38:452][928]LogNet: UNetConnection::Close: [UNetConnection] RemoteAddr: 127.0.0.1:64722, Name: IpConnection_3, Driver: GameNetDriver IpNetDriver_2, IsServer: YES, PC: None, Owner: None, UniqueId: INVALID, Channels: 2, Time: 2018.10.19-00.17.38
[2018.10.19-00.17.38:452][928]LogNet: UChannel::Close: Sending CloseBunch. ChIndex == 0. Name: [UChannel] ChIndex: 0, Closing: 0 [UNetConnection] RemoteAddr: 127.0.0.1:64722, Name: IpConnection_3, Driver: GameNetDriver IpNetDriver_2, IsServer: YES, PC: None, Owner: None, UniqueId: INVALID
[2018.10.19-00.17.38:453][928]LogNet: UChannel::CleanUp: ChIndex == 0. Closing connection. [UChannel] ChIndex: 0, Closing: 0 [UNetConnection] RemoteAddr: 127.0.0.1:17777, Name: IpConnection_2, Driver: GameNetDriver IpNetDriver_3, IsServer: NO, PC: None, Owner: None, UniqueId: INVALID
[2018.10.19-00.17.38:453][928]LogNet: UNetConnection::Close: [UNetConnection] RemoteAddr: 127.0.0.1:17777, Name: IpConnection_2, Driver: GameNetDriver IpNetDriver_3, IsServer: NO, PC: None, Owner: None, UniqueId: INVALID, Channels: 2, Time: 2018.10.19-00.17.38
[2018.10.19-00.17.38:453][928]LogNet: UChannel::Close: Sending CloseBunch. ChIndex == 0. Name: [UChannel] ChIndex: 0, Closing: 0 [UNetConnection] RemoteAddr: 127.0.0.1:17777, Name: IpConnection_2, Driver: GameNetDriver IpNetDriver_3, IsServer: NO, PC: None, Owner: None, UniqueId: INVALID
[2018.10.19-00.17.38:457][928]LogExit: GameNetDriver None shut down
[2018.10.19-00.17.38:457][928]LogExit: GameNetDriver None shut down
[2018.10.19-00.17.51:693][474]LogSlate: FSceneViewport::OnFocusLost() reason 0
[2018.10.19-00.17.51:801][487]LogTemp: Repeating last play command: New Editor Window (PIE)
[2018.10.19-00.17.51:854][487]LogBlueprintUserMessages: Early PlayInEditor Detection: Level '/Game/Levels/MainLevel.MainLevel:PersistentLevel' has LevelScriptBlueprint '/Game/Levels/MainLevel.MainLevel:PersistentLevel.MainLevel' with GeneratedClass '/Game/Levels/MainLevel.MainLevel_C' with ClassGeneratedBy '/Game/Levels/MainLevel.MainLevel:PersistentLevel.MainLevel'
[2018.10.19-00.17.51:854][487]LogPlayLevel: PlayLevel: No blueprints needed recompiling
[2018.10.19-00.17.51:855][487]PIE: New page: PIE session: MainLevel (Oct 19, 2018, 10:17:51 PM)
[2018.10.19-00.17.51:855][487]LogPlayLevel: Creating play world package: /Game/Levels/UEDPIE_1_MainLevel
[2018.10.19-00.17.51:878][487]LogPlayLevel: PIE: StaticDuplicateObject took: (0.022328s)
[2018.10.19-00.17.51:879][487]LogAIModule: Creating AISystem for world MainLevel
[2018.10.19-00.17.51:879][487]LogPlayLevel: PIE: World Init took: (0.001523s)
[2018.10.19-00.17.51:880][487]LogPlayLevel: PIE: Created PIE world by copying editor world from /Game/Levels/MainLevel.MainLevel to /Game/Levels/UEDPIE_1_MainLevel.MainLevel (0.024076s)
[2018.10.19-00.17.51:895][487]LogInit: XAudio2 using '扬声器 (Realtek High Definition Audio)' : 2 channels at 48 kHz using 32 bits per sample (channel mask 0x3)
[2018.10.19-00.17.51:903][487]LogInit: FAudioDevice initialized.
[2018.10.19-00.17.51:993][487]LogLoad: Game class is 'Assignment2GameMode'
[2018.10.19-00.17.52:002][487]LogWorld: Bringing World /Game/Levels/UEDPIE_1_MainLevel.MainLevel up for play (max tick rate 0) at 2018.10.19-11.17.52
[2018.10.19-00.17.52:003][487]LogWorld: Bringing up level for play took: 0.008209
[2018.10.19-00.17.52:004][487]LogTemp: Display: ParseSettings for GameNetDriver
[2018.10.19-00.17.52:004][487]LogTemp: Display: ParseSettings for IpNetDriver_4
[2018.10.19-00.17.52:004][487]LogTemp: Display: ParseSettings for GameNetDriver
[2018.10.19-00.17.52:004][487]LogInit: WinSock: Socket queue 131072 / 131072
[2018.10.19-00.17.52:005][487]PacketHandlerLog: Loaded PacketHandler component: Engine.EngineHandlerComponentFactory (StatelessConnectHandlerComponent)
[2018.10.19-00.17.52:005][487]LogNet: GameNetDriver IpNetDriver_4 IpNetDriver listening on port 17777
[2018.10.19-00.17.52:009][487]PIE: Play in editor start time for /Game/Levels/UEDPIE_1_MainLevel -0.805
[2018.10.19-00.17.52:010][487]PIE: New page: PIE session: MainLevel (Oct 19, 2018, 10:17:52 PM)
[2018.10.19-00.17.52:021][487]LogSlate: FSceneViewport::OnFocusLost() reason 2
[2018.10.19-00.17.52:115][487]LogNet: Browse: 127.0.0.1:17777//Game/Levels/MainLevel
[2018.10.19-00.17.52:115][487]LogTemp: Display: ParseSettings for GameNetDriver
[2018.10.19-00.17.52:115][487]LogTemp: Display: ParseSettings for IpNetDriver_5
[2018.10.19-00.17.52:115][487]LogTemp: Display: ParseSettings for PendingNetDriver
[2018.10.19-00.17.52:115][487]LogInit: WinSock: Socket queue 32768 / 32768
[2018.10.19-00.17.52:116][487]PacketHandlerLog: Loaded PacketHandler component: Engine.EngineHandlerComponentFactory (StatelessConnectHandlerComponent)
[2018.10.19-00.17.52:116][487]LogNet: Game client on port 17777, rate 10000
[2018.10.19-00.17.52:120][487]PIE: Play in editor start time for /Game/Levels/MainLevel -0.694
[2018.10.19-00.17.52:133][487]LogBlueprintUserMessages: Late PlayInEditor Detection: Level '/Game/Levels/MainLevel.MainLevel:PersistentLevel' has LevelScriptBlueprint '/Game/Levels/MainLevel.MainLevel:PersistentLevel.MainLevel' with GeneratedClass '/Game/Levels/MainLevel.MainLevel_C' with ClassGeneratedBy '/Game/Levels/MainLevel.MainLevel:PersistentLevel.MainLevel'
[2018.10.19-00.17.52:134][487]LogNet: NotifyAcceptingConnection accepted from: 127.0.0.1:50399
[2018.10.19-00.17.52:134][487]LogHandshake: SendConnectChallenge. Timestamp: 0.008333, Cookie: 191016225031161021246173228118252185038027220217003012179094
[2018.10.19-00.17.52:135][487]LogHandshake: SendChallengeResponse. Timestamp: 0.008333, Cookie: 191016225031161021246173228118252185038027220217003012179094
[2018.10.19-00.17.52:272][488]LogNet: NotifyAcceptingConnection accepted from: 127.0.0.1:50399
[2018.10.19-00.17.52:272][488]LogHandshake: SendChallengeAck. InCookie: 191016225031161021246173228118252185038027220217003012179094
[2018.10.19-00.17.52:272][488]LogNet: Server accepting post-challenge connection from: 127.0.0.1:50399
[2018.10.19-00.17.52:272][488]PacketHandlerLog: Loaded PacketHandler component: Engine.EngineHandlerComponentFactory (StatelessConnectHandlerComponent)
[2018.10.19-00.17.52:272][488]LogNet: NotifyAcceptedConnection: Name: MainLevel, TimeStamp: 10/19/18 11:17:52, [UNetConnection] RemoteAddr: 127.0.0.1:50399, Name: IpConnection_5, Driver: GameNetDriver IpNetDriver_4, IsServer: YES, PC: NULL, Owner: NULL, UniqueId: INVALID
[2018.10.19-00.17.52:272][488]LogNet: AddClientConnection: Added client connection: [UNetConnection] RemoteAddr: 127.0.0.1:50399, Name: IpConnection_5, Driver: GameNetDriver IpNetDriver_4, IsServer: YES, PC: NULL, Owner: NULL, UniqueId: INVALID
[2018.10.19-00.17.52:273][488]LogNet: UPendingNetGame::SendInitialJoin: Sending hello. [UNetConnection] RemoteAddr: 127.0.0.1:17777, Name: IpConnection_4, Driver: PendingNetDriver IpNetDriver_5, IsServer: NO, PC: NULL, Owner: NULL, UniqueId: INVALID
[2018.10.19-00.17.52:291][489]LogNet: NotifyAcceptingChannel Control 0 server World /Game/Levels/UEDPIE_1_MainLevel.MainLevel: Accepted
[2018.10.19-00.17.52:291][489]LogNet: Remote platform little endian=1
[2018.10.19-00.17.52:291][489]LogNet: This platform little endian=1
[2018.10.19-00.17.52:320][490]LogNet: Login request: /Game/Levels/MainLevel userId: Invalid
[2018.10.19-00.17.52:321][490]LogNet: Welcomed by server (Level: /Game/Levels/UEDPIE_1_MainLevel, Game: /Script/Assignment2.Assignment2GameMode)
[2018.10.19-00.17.52:331][490]LogLoad: LoadMap: 127.0.0.1:17777//Game/Levels/UEDPIE_1_MainLevel?game=/Script/Assignment2.Assignment2GameMode
[2018.10.19-00.17.52:373][490]LogAIModule: Creating AISystem for world MainLevel
[2018.10.19-00.17.52:373][490]LogTemp: Display: ParseSettings for GameNetDriver
[2018.10.19-00.17.52:381][490]LogWorld: Bringing World /Game/Levels/UEDPIE_2_MainLevel.MainLevel up for play (max tick rate 0) at 2018.10.19-11.17.52
[2018.10.19-00.17.52:382][490]LogWorld: Bringing up level for play took: 0.008064
[2018.10.19-00.17.52:382][490]LogLoad: Took 0.051786 seconds to LoadMap(/Game/Levels/UEDPIE_1_MainLevel)
[2018.10.19-00.17.52:401][491]LogNet: Client netspeed is 10000
[2018.10.19-00.17.52:402][491]LogNet: Join request: /Game/Levels/MainLevel?SplitscreenCount=1
[2018.10.19-00.17.52:404][491]LogNet: Join succeeded: 261
[2018.10.19-00.17.53:006][534]LogSlate: FSceneViewport::OnFocusLost() reason 2
[2018.10.19-00.18.05:145][288]LogSlate: FSceneViewport::OnFocusLost() reason 2
[2018.10.19-00.18.13:065][871]LogSlate: FSceneViewport::OnFocusLost() reason 2
[2018.10.19-00.18.25:004][719]LogSlate: FSceneViewport::OnFocusLost() reason 2
[2018.10.19-00.18.25:675][770]LogSlate: FSceneViewport::OnFocusLost() reason 0
[2018.10.19-00.18.25:758][776]LogBlueprintUserMessages: Early EndPlayMap Detection: Level '/Game/Levels/MainLevel.MainLevel:PersistentLevel' has LevelScriptBlueprint '/Game/Levels/MainLevel.MainLevel:PersistentLevel.MainLevel' with GeneratedClass '/Game/Levels/MainLevel.MainLevel_C' with ClassGeneratedBy '/Game/Levels/MainLevel.MainLevel:PersistentLevel.MainLevel'
[2018.10.19-00.18.25:806][776]LogSlate: Window 'Assignment2 Game Preview Client 1 (64-bit/PCD3D_SM5)' being destroyed
[2018.10.19-00.18.25:888][776]LogSlate: Window 'Assignment2 Game Preview Server (64-bit/PCD3D_SM5)' being destroyed
[2018.10.19-00.18.25:929][776]LogBlueprintUserMessages: Late EndPlayMap Detection: Level '/Game/Levels/MainLevel.MainLevel:PersistentLevel' has LevelScriptBlueprint '/Game/Levels/MainLevel.MainLevel:PersistentLevel.MainLevel' with GeneratedClass '/Game/Levels/MainLevel.MainLevel_C' with ClassGeneratedBy '/Game/Levels/MainLevel.MainLevel:PersistentLevel.MainLevel'
[2018.10.19-00.18.25:945][776]LogNet: UChannel::CleanUp: ChIndex == 0. Closing connection. [UChannel] ChIndex: 0, Closing: 0 [UNetConnection] RemoteAddr: 127.0.0.1:50399, Name: IpConnection_5, Driver: GameNetDriver IpNetDriver_4, IsServer: YES, PC: None, Owner: None, UniqueId: INVALID
[2018.10.19-00.18.25:945][776]LogNet: UNetConnection::Close: [UNetConnection] RemoteAddr: 127.0.0.1:50399, Name: IpConnection_5, Driver: GameNetDriver IpNetDriver_4, IsServer: YES, PC: None, Owner: None, UniqueId: INVALID, Channels: 2, Time: 2018.10.19-00.18.25
[2018.10.19-00.18.25:945][776]LogNet: UChannel::Close: Sending CloseBunch. ChIndex == 0. Name: [UChannel] ChIndex: 0, Closing: 0 [UNetConnection] RemoteAddr: 127.0.0.1:50399, Name: IpConnection_5, Driver: GameNetDriver IpNetDriver_4, IsServer: YES, PC: None, Owner: None, UniqueId: INVALID
[2018.10.19-00.18.25:945][776]LogNet: UChannel::CleanUp: ChIndex == 0. Closing connection. [UChannel] ChIndex: 0, Closing: 0 [UNetConnection] RemoteAddr: 127.0.0.1:17777, Name: IpConnection_4, Driver: GameNetDriver IpNetDriver_5, IsServer: NO, PC: None, Owner: None, UniqueId: INVALID
[2018.10.19-00.18.25:945][776]LogNet: UNetConnection::Close: [UNetConnection] RemoteAddr: 127.0.0.1:17777, Name: IpConnection_4, Driver: GameNetDriver IpNetDriver_5, IsServer: NO, PC: None, Owner: None, UniqueId: INVALID, Channels: 2, Time: 2018.10.19-00.18.25
[2018.10.19-00.18.25:945][776]LogNet: UChannel::Close: Sending CloseBunch. ChIndex == 0. Name: [UChannel] ChIndex: 0, Closing: 0 [UNetConnection] RemoteAddr: 127.0.0.1:17777, Name: IpConnection_4, Driver: GameNetDriver IpNetDriver_5, IsServer: NO, PC: None, Owner: None, UniqueId: INVALID
[2018.10.19-00.18.25:949][776]LogExit: GameNetDriver None shut down
[2018.10.19-00.18.25:949][776]LogExit: GameNetDriver None shut down
[2018.10.19-00.21.13:723][169]LogSlate: Window 'Assignment2 - Unreal Editor' being destroyed
[2018.10.19-00.21.13:727][169]LogWindowsTextInputMethodSystem: Display: IME system now activated using TSF (搜狗拼音输入法).
[2018.10.19-00.21.14:036][170]Cmd: QUIT_EDITOR
