Log file open, 10/19/18 15:49:15
LogWindows: Failed to load 'aqProf.dll' (GetLastError=126)
LogWindows: File 'aqProf.dll' does not exist
LogWindows: Failed to load 'VtuneApi.dll' (GetLastError=126)
LogWindows: File 'VtuneApi.dll' does not exist
LogWindows: Failed to load 'VtuneApi32e.dll' (GetLastError=126)
LogWindows: File 'VtuneApi32e.dll' does not exist
LogInit: Display: Running engine for game: Assignment2
LogPlatformFile: Not using cached read wrapper
LogInit: Display: RandInit(-514009811) SRandInit(-514009811).
LogInit: Read version file with build ID '3944462'
LogInit: Overriding engine version to CL 4033788, compatible CL 3944462
LogInit: Registered custom module enumerator with build ID '3944462'
LogTaskGraph: Started task graph with 5 named threads and 23 total threads with 3 sets of task threads.
LogStats: Stats thread started at 0.287652
LogD3D11RHI: Aftermath initialized
LogICUInternationalization: Display: ICU TimeZone Detection - Raw Offset: +10:00, Platform Override: ''
LogPluginManager: Mounting plugin Paper2D
LogPluginManager: Mounting plugin LiveLink
LogPluginManager: Mounting plugin LightPropagationVolume
LogPluginManager: Mounting plugin CLionSourceCodeAccess
LogPluginManager: Mounting plugin CodeLiteSourceCodeAccess
LogPluginManager: Mounting plugin GitSourceControl
LogPluginManager: Mounting plugin KDevelopSourceCodeAccess
LogPluginManager: Mounting plugin NullSourceCodeAccess
LogPluginManager: Mounting plugin PerforceSourceControl
LogPluginManager: Mounting plugin SubversionSourceControl
LogPluginManager: Mounting plugin UObjectPlugin
LogPluginManager: Mounting plugin VisualStudioCodeSourceCodeAccess
LogPluginManager: Mounting plugin VisualStudioSourceCodeAccess
LogPluginManager: Mounting plugin XCodeSourceCodeAccess
LogPluginManager: Mounting plugin AssetManagerEditor
LogPluginManager: Mounting plugin CryptoKeys
LogPluginManager: Mounting plugin DataValidation
LogPluginManager: Mounting plugin FacialAnimation
LogPluginManager: Mounting plugin GameplayTagsEditor
LogPluginManager: Mounting plugin MobileLauncherProfileWizard
LogPluginManager: Mounting plugin PluginBrowser
LogPluginManager: Mounting plugin SpeedTreeImporter
LogPluginManager: Mounting plugin DatasmithContent
LogPluginManager: Mounting plugin AlembicImporter
LogPluginManager: Mounting plugin CharacterAI
LogPluginManager: Mounting plugin HTML5Networking
LogPluginManager: Mounting plugin AndroidMedia
LogPluginManager: Mounting plugin AvfMedia
LogPluginManager: Mounting plugin ImgMedia
LogPluginManager: Mounting plugin LinearTimecode
LogPluginManager: Mounting plugin MediaCompositing
LogPluginManager: Mounting plugin MediaPlayerEditor
LogPluginManager: Mounting plugin WmfMedia
LogPluginManager: Mounting plugin TcpMessaging
LogPluginManager: Mounting plugin UdpMessaging
LogPluginManager: Mounting plugin ActorSequence
LogPluginManager: Mounting plugin LevelSequenceEditor
LogPluginManager: Mounting plugin MatineeToLevelSequence
LogPluginManager: Mounting plugin NetcodeUnitTest
LogPluginManager: Mounting plugin NUTUnrealEngine4
LogPluginManager: Mounting plugin OnlineSubsystemGooglePlay
LogPluginManager: Mounting plugin OnlineSubsystemIOS
LogPluginManager: Mounting plugin OnlineSubsystem
LogPluginManager: Mounting plugin OnlineSubsystemNull
LogPluginManager: Mounting plugin OnlineSubsystemUtils
LogPluginManager: Mounting plugin AndroidDeviceProfileSelector
LogPluginManager: Mounting plugin AndroidMoviePlayer
LogPluginManager: Mounting plugin AndroidPermission
LogPluginManager: Mounting plugin AppleARKit
LogPluginManager: Mounting plugin AppleMoviePlayer
LogPluginManager: Mounting plugin ArchVisCharacter
LogPluginManager: Mounting plugin AudioCapture
LogPluginManager: Mounting plugin CableComponent
LogPluginManager: Mounting plugin CustomMeshComponent
LogPluginManager: Mounting plugin ExampleDeviceProfileSelector
LogPluginManager: Mounting plugin GoogleCloudMessaging
LogPluginManager: Mounting plugin ImmediatePhysics
LogPluginManager: Mounting plugin IOSDeviceProfileSelector
LogPluginManager: Mounting plugin LinuxDeviceProfileSelector
LogPluginManager: Mounting plugin LocationServicesBPLibrary
LogPluginManager: Mounting plugin MobilePatchingUtils
LogPluginManager: Mounting plugin OculusVR
LogPluginManager: Plugin shader directory ../../../Engine/Plugins/Runtime/Oculus/OculusVR/Shaders found
LogPluginManager: Mapping shader source directory ../../../Engine/Plugins/Runtime/Oculus/OculusVR/Shaders to virtual directory /Plugin/OculusVR
LogPluginManager: Mounting plugin PhysXVehicles
LogPluginManager: Mounting plugin ProceduralMeshComponent
LogPluginManager: Mounting plugin RuntimePhysXCooking
LogPluginManager: Mounting plugin SteamVR
LogPluginManager: Mounting plugin WindowsMoviePlayer
LogStreaming: Display: Took  1.219s to configure plugins.
LogModuleManager: Display: Found up-to-date module file I:/Assignment2/Binaries/Win64/UE4Editor-Assignment2-2644.dll (API version 3944462).
LogModuleManager: Display: Found up-to-date module file ../../../Engine/Plugins/2D/Paper2D/Binaries/Win64/UE4Editor-Paper2D.dll (API version 3944462).
LogModuleManager: Display: Found up-to-date module file ../../../Engine/Plugins/2D/Paper2D/Binaries/Win64/UE4Editor-Paper2DEditor.dll (API version 3944462).
LogModuleManager: Display: Found up-to-date module file ../../../Engine/Plugins/2D/Paper2D/Binaries/Win64/UE4Editor-PaperSpriteSheetImporter.dll (API version 3944462).
LogModuleManager: Display: Found up-to-date module file ../../../Engine/Plugins/2D/Paper2D/Binaries/Win64/UE4Editor-PaperTiledImporter.dll (API version 3944462).
LogModuleManager: Display: Found up-to-date module file ../../../Engine/Plugins/2D/Paper2D/Binaries/Win64/UE4Editor-SmartSnapping.dll (API version 3944462).
LogModuleManager: Display: Found up-to-date module file ../../../Engine/Plugins/Animation/LiveLink/Binaries/Win64/UE4Editor-LiveLink.dll (API version 3944462).
LogModuleManager: Display: Found up-to-date module file ../../../Engine/Plugins/Animation/LiveLink/Binaries/Win64/UE4Editor-LiveLinkEditor.dll (API version 3944462).
LogModuleManager: Display: Found up-to-date module file ../../../Engine/Plugins/Blendables/LightPropagationVolume/Binaries/Win64/UE4Editor-LightPropagationVolumeRuntime.dll (API version 3944462).
LogModuleManager: Display: Found up-to-date module file ../../../Engine/Plugins/Blendables/LightPropagationVolume/Binaries/Win64/UE4Editor-LightPropagationVolumeEditor.dll (API version 3944462).
LogModuleManager: Display: Found up-to-date module file ../../../Engine/Plugins/Developer/CLionSourceCodeAccess/Binaries/Win64/UE4Editor-CLionSourceCodeAccess.dll (API version 3944462).
LogModuleManager: Display: Found up-to-date module file ../../../Engine/Plugins/Developer/GitSourceControl/Binaries/Win64/UE4Editor-GitSourceControl.dll (API version 3944462).
LogModuleManager: Display: Found up-to-date module file ../../../Engine/Plugins/Developer/PerforceSourceControl/Binaries/Win64/UE4Editor-PerforceSourceControl.dll (API version 3944462).
LogModuleManager: Display: Found up-to-date module file ../../../Engine/Plugins/Developer/SubversionSourceControl/Binaries/Win64/UE4Editor-SubversionSourceControl.dll (API version 3944462).
LogModuleManager: Display: Found up-to-date module file ../../../Engine/Plugins/Developer/UObjectPlugin/Binaries/Win64/UE4Editor-UObjectPlugin.dll (API version 3944462).
LogModuleManager: Display: Found up-to-date module file ../../../Engine/Plugins/Developer/VisualStudioCodeSourceCodeAccess/Binaries/Win64/UE4Editor-VisualStudioCodeSourceCodeAccess.dll (API version 3944462).
LogModuleManager: Display: Found up-to-date module file ../../../Engine/Plugins/Developer/VisualStudioSourceCodeAccess/Binaries/Win64/UE4Editor-VisualStudioSourceCodeAccess.dll (API version 3944462).
LogModuleManager: Display: Found up-to-date module file ../../../Engine/Plugins/Editor/AssetManagerEditor/Binaries/Win64/UE4Editor-AssetManagerEditor.dll (API version 3944462).
LogModuleManager: Display: Found up-to-date module file ../../../Engine/Plugins/Editor/CryptoKeys/Binaries/Win64/UE4Editor-CryptoKeys.dll (API version 3944462).
LogModuleManager: Display: Found up-to-date module file ../../../Engine/Plugins/Editor/CryptoKeys/Binaries/Win64/UE4Editor-CryptoKeysOpenSSL.dll (API version 3944462).
LogModuleManager: Display: Found up-to-date module file ../../../Engine/Plugins/Editor/DataValidation/Binaries/Win64/UE4Editor-DataValidation.dll (API version 3944462).
LogModuleManager: Display: Found up-to-date module file ../../../Engine/Plugins/Editor/FacialAnimation/Binaries/Win64/UE4Editor-FacialAnimation.dll (API version 3944462).
LogModuleManager: Display: Found up-to-date module file ../../../Engine/Plugins/Editor/FacialAnimation/Binaries/Win64/UE4Editor-FacialAnimationEditor.dll (API version 3944462).
LogModuleManager: Display: Found up-to-date module file ../../../Engine/Plugins/Editor/GameplayTagsEditor/Binaries/Win64/UE4Editor-GameplayTagsEditor.dll (API version 3944462).
LogModuleManager: Display: Found up-to-date module file ../../../Engine/Plugins/Editor/MobileLauncherProfileWizard/Binaries/Win64/UE4Editor-MobileLauncherProfileWizard.dll (API version 3944462).
LogModuleManager: Display: Found up-to-date module file ../../../Engine/Plugins/Editor/PluginBrowser/Binaries/Win64/UE4Editor-PluginBrowser.dll (API version 3944462).
LogModuleManager: Display: Found up-to-date module file ../../../Engine/Plugins/Editor/SpeedTreeImporter/Binaries/Win64/UE4Editor-SpeedTreeImporter.dll (API version 3944462).
LogModuleManager: Display: Found up-to-date module file ../../../Engine/Plugins/Enterprise/DatasmithContent/Binaries/Win64/UE4Editor-DatasmithContent.dll (API version 3944462).
LogModuleManager: Display: Found up-to-date module file ../../../Engine/Plugins/Experimental/AlembicImporter/Binaries/Win64/UE4Editor-AlembicImporter.dll (API version 3944462).
LogModuleManager: Display: Found up-to-date module file ../../../Engine/Plugins/Experimental/AlembicImporter/Binaries/Win64/UE4Editor-AlembicLibrary.dll (API version 3944462).
LogModuleManager: Display: Found up-to-date module file ../../../Engine/Plugins/Experimental/CharacterAI/Binaries/Win64/UE4Editor-CharacterAI.dll (API version 3944462).
LogModuleManager: Display: Found up-to-date module file ../../../Engine/Plugins/Experimental/HTML5Networking/Binaries/Win64/UE4Editor-HTML5Networking.dll (API version 3944462).
LogModuleManager: Display: Found up-to-date module file ../../../Engine/Plugins/Media/AndroidMedia/Binaries/Win64/UE4Editor-AndroidMediaEditor.dll (API version 3944462).
LogModuleManager: Display: Found up-to-date module file ../../../Engine/Plugins/Media/AndroidMedia/Binaries/Win64/UE4Editor-AndroidMediaFactory.dll (API version 3944462).
LogModuleManager: Display: Found up-to-date module file ../../../Engine/Plugins/Media/AvfMedia/Binaries/Win64/UE4Editor-AvfMediaEditor.dll (API version 3944462).
LogModuleManager: Display: Found up-to-date module file ../../../Engine/Plugins/Media/AvfMedia/Binaries/Win64/UE4Editor-AvfMediaFactory.dll (API version 3944462).
LogModuleManager: Display: Found up-to-date module file ../../../Engine/Plugins/Media/AvfMedia/Binaries/Win64/UE4Editor-AvfMediaFactory.dll (API version 3944462).
LogModuleManager: Display: Found up-to-date module file ../../../Engine/Plugins/Media/ImgMedia/Binaries/Win64/UE4Editor-ImgMedia.dll (API version 3944462).
LogModuleManager: Display: Found up-to-date module file ../../../Engine/Plugins/Media/ImgMedia/Binaries/Win64/UE4Editor-ImgMediaEditor.dll (API version 3944462).
LogModuleManager: Display: Found up-to-date module file ../../../Engine/Plugins/Media/ImgMedia/Binaries/Win64/UE4Editor-ImgMediaFactory.dll (API version 3944462).
LogModuleManager: Display: Found up-to-date module file ../../../Engine/Plugins/Media/ImgMedia/Binaries/Win64/UE4Editor-ImgMediaFactory.dll (API version 3944462).
LogModuleManager: Display: Found up-to-date module file ../../../Engine/Plugins/Media/ImgMedia/Binaries/Win64/UE4Editor-OpenExrWrapper.dll (API version 3944462).
LogModuleManager: Display: Found up-to-date module file ../../../Engine/Plugins/Media/LinearTimecode/Binaries/Win64/UE4Editor-LinearTimecode.dll (API version 3944462).
LogModuleManager: Display: Found up-to-date module file ../../../Engine/Plugins/Media/MediaCompositing/Binaries/Win64/UE4Editor-MediaCompositing.dll (API version 3944462).
LogModuleManager: Display: Found up-to-date module file ../../../Engine/Plugins/Media/MediaCompositing/Binaries/Win64/UE4Editor-MediaCompositingEditor.dll (API version 3944462).
LogModuleManager: Display: Found up-to-date module file ../../../Engine/Plugins/Media/MediaPlayerEditor/Binaries/Win64/UE4Editor-MediaPlayerEditor.dll (API version 3944462).
LogModuleManager: Display: Found up-to-date module file ../../../Engine/Plugins/Media/WmfMedia/Binaries/Win64/UE4Editor-WmfMedia.dll (API version 3944462).
LogModuleManager: Display: Found up-to-date module file ../../../Engine/Plugins/Media/WmfMedia/Binaries/Win64/UE4Editor-WmfMediaEditor.dll (API version 3944462).
LogModuleManager: Display: Found up-to-date module file ../../../Engine/Plugins/Media/WmfMedia/Binaries/Win64/UE4Editor-WmfMediaFactory.dll (API version 3944462).
LogModuleManager: Display: Found up-to-date module file ../../../Engine/Plugins/Media/WmfMedia/Binaries/Win64/UE4Editor-WmfMediaFactory.dll (API version 3944462).
LogModuleManager: Display: Found up-to-date module file ../../../Engine/Plugins/Messaging/TcpMessaging/Binaries/Win64/UE4Editor-TcpMessaging.dll (API version 3944462).
LogModuleManager: Display: Found up-to-date module file ../../../Engine/Plugins/Messaging/UdpMessaging/Binaries/Win64/UE4Editor-UdpMessaging.dll (API version 3944462).
LogModuleManager: Display: Found up-to-date module file ../../../Engine/Plugins/MovieScene/ActorSequence/Binaries/Win64/UE4Editor-ActorSequence.dll (API version 3944462).
LogModuleManager: Display: Found up-to-date module file ../../../Engine/Plugins/MovieScene/LevelSequenceEditor/Binaries/Win64/UE4Editor-LevelSequenceEditor.dll (API version 3944462).
LogModuleManager: Display: Found up-to-date module file ../../../Engine/Plugins/MovieScene/MatineeToLevelSequence/Binaries/Win64/UE4Editor-MatineeToLevelSequence.dll (API version 3944462).
LogModuleManager: Display: Found up-to-date module file ../../../Engine/Plugins/NetcodeUnitTest/NetcodeUnitTest/Binaries/Win64/UE4Editor-NetcodeUnitTest.dll (API version 3944462).
LogModuleManager: Display: Found up-to-date module file ../../../Engine/Plugins/NetcodeUnitTest/NUTUnrealEngine4/Binaries/Win64/UE4Editor-NUTUnrealEngine4.dll (API version 3944462).
LogModuleManager: Display: Found up-to-date module file ../../../Engine/Plugins/Online/OnlineSubsystem/Binaries/Win64/UE4Editor-OnlineSubsystem.dll (API version 3944462).
LogModuleManager: Display: Found up-to-date module file ../../../Engine/Plugins/Online/OnlineSubsystemNull/Binaries/Win64/UE4Editor-OnlineSubsystemNull.dll (API version 3944462).
LogModuleManager: Display: Found up-to-date module file ../../../Engine/Plugins/Online/OnlineSubsystemUtils/Binaries/Win64/UE4Editor-OnlineSubsystemUtils.dll (API version 3944462).
LogModuleManager: Display: Found up-to-date module file ../../../Engine/Plugins/Online/OnlineSubsystemUtils/Binaries/Win64/UE4Editor-OnlineBlueprintSupport.dll (API version 3944462).
LogModuleManager: Display: Found up-to-date module file ../../../Engine/Plugins/Runtime/AndroidDeviceProfileSelector/Binaries/Win64/UE4Editor-AndroidDeviceProfileSelector.dll (API version 3944462).
LogModuleManager: Display: Found up-to-date module file ../../../Engine/Plugins/Runtime/AndroidPermission/Binaries/Win64/UE4Editor-AndroidPermission.dll (API version 3944462).
LogModuleManager: Display: Found up-to-date module file ../../../Engine/Plugins/Runtime/AppleARKit/Binaries/Win64/UE4Editor-AppleARKit.dll (API version 3944462).
LogModuleManager: Display: Found up-to-date module file ../../../Engine/Plugins/Runtime/ArchVisCharacter/Binaries/Win64/UE4Editor-ArchVisCharacter.dll (API version 3944462).
LogModuleManager: Display: Found up-to-date module file ../../../Engine/Plugins/Runtime/AudioCapture/Binaries/Win64/UE4Editor-AudioCapture.dll (API version 3944462).
LogModuleManager: Display: Found up-to-date module file ../../../Engine/Plugins/Runtime/AudioCapture/Binaries/Win64/UE4Editor-AudioCaptureEditor.dll (API version 3944462).
LogModuleManager: Display: Found up-to-date module file ../../../Engine/Plugins/Runtime/CableComponent/Binaries/Win64/UE4Editor-CableComponent.dll (API version 3944462).
LogModuleManager: Display: Found up-to-date module file ../../../Engine/Plugins/Runtime/CustomMeshComponent/Binaries/Win64/UE4Editor-CustomMeshComponent.dll (API version 3944462).
LogModuleManager: Display: Found up-to-date module file ../../../Engine/Plugins/Runtime/ExampleDeviceProfileSelector/Binaries/Win64/UE4Editor-ExampleDeviceProfileSelector.dll (API version 3944462).
LogModuleManager: Display: Found up-to-date module file ../../../Engine/Plugins/Runtime/ImmediatePhysics/Binaries/Win64/UE4Editor-ImmediatePhysics.dll (API version 3944462).
LogModuleManager: Display: Found up-to-date module file ../../../Engine/Plugins/Runtime/ImmediatePhysics/Binaries/Win64/UE4Editor-ImmediatePhysicsEditor.dll (API version 3944462).
LogModuleManager: Display: Found up-to-date module file ../../../Engine/Plugins/Runtime/LocationServicesBPLibrary/Binaries/Win64/UE4Editor-LocationServicesBPLibrary.dll (API version 3944462).
LogModuleManager: Display: Found up-to-date module file ../../../Engine/Plugins/Runtime/MobilePatchingUtils/Binaries/Win64/UE4Editor-MobilePatchingUtils.dll (API version 3944462).
LogModuleManager: Display: Found up-to-date module file ../../../Engine/Plugins/Runtime/Oculus/OculusVR/Binaries/Win64/UE4Editor-OculusHMD.dll (API version 3944462).
LogModuleManager: Display: Found up-to-date module file ../../../Engine/Plugins/Runtime/Oculus/OculusVR/Binaries/Win64/UE4Editor-OculusInput.dll (API version 3944462).
LogModuleManager: Display: Found up-to-date module file ../../../Engine/Plugins/Runtime/Oculus/OculusVR/Binaries/Win64/UE4Editor-OculusEditor.dll (API version 3944462).
LogModuleManager: Display: Found up-to-date module file ../../../Engine/Plugins/Runtime/PhysXVehicles/Binaries/Win64/UE4Editor-PhysXVehicles.dll (API version 3944462).
LogModuleManager: Display: Found up-to-date module file ../../../Engine/Plugins/Runtime/PhysXVehicles/Binaries/Win64/UE4Editor-PhysXVehiclesEditor.dll (API version 3944462).
LogModuleManager: Display: Found up-to-date module file ../../../Engine/Plugins/Runtime/ProceduralMeshComponent/Binaries/Win64/UE4Editor-ProceduralMeshComponent.dll (API version 3944462).
LogModuleManager: Display: Found up-to-date module file ../../../Engine/Plugins/Runtime/ProceduralMeshComponent/Binaries/Win64/UE4Editor-ProceduralMeshComponentEditor.dll (API version 3944462).
LogModuleManager: Display: Found up-to-date module file ../../../Engine/Plugins/Runtime/RuntimePhysXCooking/Binaries/Win64/UE4Editor-RuntimePhysXCooking.dll (API version 3944462).
LogModuleManager: Display: Found up-to-date module file ../../../Engine/Plugins/Runtime/Steam/SteamVR/Binaries/Win64/UE4Editor-SteamVR.dll (API version 3944462).
LogModuleManager: Display: Found up-to-date module file ../../../Engine/Plugins/Runtime/Steam/SteamVR/Binaries/Win64/UE4Editor-SteamVRController.dll (API version 3944462).
LogModuleManager: Display: Found up-to-date module file ../../../Engine/Plugins/Runtime/WindowsMoviePlayer/Binaries/Win64/UE4Editor-WindowsMoviePlayer.dll (API version 3944462).
LogInit: Using libcurl 7.47.1
LogInit:  - built for x86_64-pc-win32
LogInit:  - supports SSL with OpenSSL/1.0.2g
LogInit:  - supports HTTP deflate (compression) using libz 1.2.8
LogInit:  - other features:
LogInit:      CURL_VERSION_SSL
LogInit:      CURL_VERSION_LIBZ
LogInit:      CURL_VERSION_IPV6
LogInit:      CURL_VERSION_ASYNCHDNS
LogInit:      CURL_VERSION_LARGEFILE
LogInit:      CURL_VERSION_IDN
LogInit:  CurlRequestOptions (configurable via config and command line):
LogInit:  - bVerifyPeer = false  - Libcurl will NOT verify peer certificate
LogInit:  - bUseHttpProxy = false  - Libcurl will NOT use HTTP proxy
LogInit:  - bDontReuseConnections = false  - Libcurl will reuse connections
LogInit:  - CertBundlePath = nullptr  - Libcurl will use whatever was configured at build time.
LogInit:  - MaxHostConnections = 16  - Libcurl will limit the number of connections to a host
LogInit:  - LocalHostAddr = Default
LogInit: WinSock: version 1.1 (2.2), MaxSocks=32767, MaxUdp=65467
LogInit: WinSock: I am DESKTOP-1DG4IFS (118.139.66.216:0)
LogInit: Build: ++UE4+Release-4.19-CL-4033788
LogInit: Engine Version: 4.19.2-4033788+++UE4+Release-4.19
LogInit: Compatible Engine Version: 4.19.0-3944462+++UE4+Release-4.19
LogInit: Net CL: 3944462
LogDevObjectVersion: Number of dev versions registered: 18
LogDevObjectVersion:   Dev-Blueprints (B0D832E4-1F89-4F0D-ACCF-7EB736FD4AA2): 10
LogDevObjectVersion:   Dev-Build (E1C64328-A22C-4D53-A36C-8E866417BD8C): 0
LogDevObjectVersion:   Dev-Core (375EC13C-06E4-48FB-B500-84F0262A717E): 2
LogDevObjectVersion:   Dev-Editor (E4B068ED-F494-42E9-A231-DA0B2E46BB41): 23
LogDevObjectVersion:   Dev-Framework (CFFC743F-43B0-4480-9391-14DF171D2073): 33
LogDevObjectVersion:   Dev-Mobile (B02B49B5-BB20-44E9-A304-32B752E40360): 2
LogDevObjectVersion:   Dev-Networking (A4E4105C-59A1-49B5-A7C5-40C4547EDFEE): 0
LogDevObjectVersion:   Dev-Online (39C831C9-5AE6-47DC-9A44-9C173E1C8E7C): 0
LogDevObjectVersion:   Dev-Physics (78F01B33-EBEA-4F98-B9B4-84EACCB95AA2): 0
LogDevObjectVersion:   Dev-Platform (6631380F-2D4D-43E0-8009-CF276956A95A): 0
LogDevObjectVersion:   Dev-Rendering (12F88B9F-8875-4AFC-A67C-D90C383ABD29): 25
LogDevObjectVersion:   Dev-Sequencer (7B5AE74C-D270-4C10-A958-57980B212A5A): 6
LogDevObjectVersion:   Dev-VR (D7296918-1DD6-4BDD-9DE2-64A83CC13884): 1
LogDevObjectVersion:   Dev-LoadTimes (C2A15278-BFE7-4AFE-6C17-90FF531DF755): 1
LogDevObjectVersion:   Private-Geometry (6EACA3D4-40EC-4CC1-B786-8BED09428FC5): 2
LogDevObjectVersion:   Dev-AnimPhys (29E575DD-E0A3-4627-9D10-D276232CDCEA): 16
LogDevObjectVersion:   Dev-ReflectionCapture (6B266CEC-1EC7-4B8F-A30B-E4D90942FC07): 1
LogDevObjectVersion:   Dev-Automation (0DF73D61-A23F-47EA-B727-89E90C41499A): 1
LogInit: Compiled (64-bit): Apr 27 2018 02:06:57
LogInit: Compiled with Visual C++: 19.00.24215.01
LogInit: Build Configuration: Development
LogInit: Branch Name: ++UE4+Release-4.19
LogInit: Command Line:  
LogInit: Base Directory: F:/UE_4.19/Engine/Binaries/Win64/
LogInit: Installed Engine Build: 1
LogStreaming: Display: Took  0.745s to delete old logs.
LogInit: Presizing for max 8388607 objects, including 0 objects not considered by GC, pre-allocating 0 bytes for permanent pool.
LogInit: Object subsystem initialized
[2018.10.19-04.49.18:651][  0]LogInit: Selected Device Profile: [Windows]
[2018.10.19-04.49.18:651][  0]LogInit: Applying CVar settings loaded from the selected device profile: [Windows]
[2018.10.19-04.49.19:249][  0]LogInit: Computer: DESKTOP-1DG4IFS
[2018.10.19-04.49.19:249][  0]LogInit: User: asus
[2018.10.19-04.49.19:249][  0]LogInit: CPU Page size=4096, Cores=4
[2018.10.19-04.49.19:249][  0]LogInit: High frequency timer resolution =2.531252 MHz
[2018.10.19-04.49.19:250][  0]LogMemory: Memory total: Physical=15.9GB (16GB approx)
[2018.10.19-04.49.19:250][  0]LogMemory: Platform Memory Stats for Windows
[2018.10.19-04.49.19:250][  0]LogMemory: Process Physical Memory: 274.18 MB used, 274.18 MB peak
[2018.10.19-04.49.19:250][  0]LogMemory: Process Virtual Memory: 264.58 MB used, 264.58 MB peak
[2018.10.19-04.49.19:250][  0]LogMemory: Physical Memory: 6962.88 MB used,  9281.92 MB free, 16244.80 MB total
[2018.10.19-04.49.19:250][  0]LogMemory: Virtual Memory: 4795.28 MB used,  9281.92 MB free, 134217728.00 MB total
[2018.10.19-04.49.19:468][  0]LogInit: Overriding language with editor language configuration option (en).
[2018.10.19-04.49.19:468][  0]LogInit: Overriding locale with editor locale configuration option (en).
[2018.10.19-04.49.19:925][  0]LogStreaming: Display: Took  0.457s to EndInitTextLocalization.
[2018.10.19-04.49.19:926][  0]LogInit: Setting process to per monitor DPI aware
[2018.10.19-04.49.20:330][  0]LogSlate: New Slate User Created.  User Index 0, Is Virtual User: 0
[2018.10.19-04.49.20:330][  0]LogSlate: Slate User Registered.  User Index 0, Is Virtual User: 0
[2018.10.19-04.49.20:517][  0]LogD3D11RHI: D3D11 adapters:
[2018.10.19-04.49.21:229][  0]LogD3D11RHI:    0. 'NVIDIA GeForce GTX 970M' (Feature Level 11_0)
[2018.10.19-04.49.21:229][  0]LogD3D11RHI:       6108/0/8122 MB DedicatedVideo/DedicatedSystem/SharedSystem, Outputs:1, VendorId:0x10de
[2018.10.19-04.49.21:239][  0]LogD3D11RHI:    1. 'Intel(R) HD Graphics 530' (Feature Level 11_0)
[2018.10.19-04.49.21:239][  0]LogD3D11RHI:       128/0/8122 MB DedicatedVideo/DedicatedSystem/SharedSystem, Outputs:0, VendorId:0x8086
[2018.10.19-04.49.21:241][  0]LogD3D11RHI:    2. 'Microsoft Basic Render Driver' (Feature Level 11_0)
[2018.10.19-04.49.21:241][  0]LogD3D11RHI:       0/0/8122 MB DedicatedVideo/DedicatedSystem/SharedSystem, Outputs:0, VendorId:0x1414
[2018.10.19-04.49.21:241][  0]LogD3D11RHI: Chosen D3D11 Adapter: 0
[2018.10.19-04.49.21:258][  0]LogD3D11RHI: Creating new Direct3DDevice
[2018.10.19-04.49.21:259][  0]LogD3D11RHI:     GPU DeviceId: 0x13d8 (for the marketing name, search the web for "GPU Device Id")
[2018.10.19-04.49.21:259][  0]LogWindows: EnumDisplayDevices:
[2018.10.19-04.49.21:259][  0]LogWindows:    0. 'Intel(R) HD Graphics 530' (P:1 D:1)
[2018.10.19-04.49.21:259][  0]LogWindows:    1. 'Intel(R) HD Graphics 530' (P:0 D:0)
[2018.10.19-04.49.21:259][  0]LogWindows:    2. 'Intel(R) HD Graphics 530' (P:0 D:0)
[2018.10.19-04.49.21:259][  0]LogWindows: DebugString: GetVideoDriverDetailsInvalid PrimaryIsNotTheChoosenAdapter GetVideoDriverDetailsInvalid PrimaryIsNotTheChoosenAdapter GetVideoDriverDetailsInvalid PrimaryIsNotTheChoosenAdapter FoundDriverCount:0 
[2018.10.19-04.49.21:259][  0]LogD3D11RHI:     Adapter Name: NVIDIA GeForce GTX 970M
[2018.10.19-04.49.21:259][  0]LogD3D11RHI:   Driver Version: Unknown (internal:Unknown, unified:Unknown)
[2018.10.19-04.49.21:259][  0]LogD3D11RHI:      Driver Date: Unknown
[2018.10.19-04.49.21:259][  0]LogRHI: Texture pool is 4276 MB (70% of 6108 MB)
[2018.10.19-04.49.21:937][  0]LogD3D11RHI: [Aftermath] Aftermath enabled but failed to initialize
[2018.10.19-04.49.21:937][  0]LogD3D11RHI: [Aftermath] Aftermath enabled and primed
[2018.10.19-04.49.21:937][  0]LogD3D11RHI: Async texture creation enabled
[2018.10.19-04.49.22:106][  0]LogD3D11RHI: GPU Timing Frequency: 1000.000000 (Debug: 2 1)
[2018.10.19-04.49.22:107][  0]LogShaderCompilers: Guid format shader working directory is 31 characters bigger than the processId version (I:/Assignment2/Intermediate/Shaders/WorkingDirectory/9136/).
[2018.10.19-04.49.22:107][  0]LogShaderCompilers: Cleaned the shader compiler working directory 'C:/Users/asus/AppData/Local/Temp/UnrealShaderWorkingDir/1869893749565E1F745EE6B20462ED8A/'.
[2018.10.19-04.49.22:396][  0]LogTemp: Display: Loaded TP AllDesktopTargetPlatform
[2018.10.19-04.49.22:410][  0]LogTemp: Display: Loaded TP MacClientTargetPlatform
[2018.10.19-04.49.22:426][  0]LogTemp: Display: Loaded TP MacNoEditorTargetPlatform
[2018.10.19-04.49.22:441][  0]LogTemp: Display: Loaded TP MacServerTargetPlatform
[2018.10.19-04.49.22:457][  0]LogTemp: Display: Loaded TP MacTargetPlatform
[2018.10.19-04.49.22:475][  0]LogTemp: Display: Loaded TP WindowsClientTargetPlatform
[2018.10.19-04.49.22:491][  0]LogTemp: Display: Loaded TP WindowsNoEditorTargetPlatform
[2018.10.19-04.49.22:508][  0]LogTemp: Display: Loaded TP WindowsServerTargetPlatform
[2018.10.19-04.49.22:516][  0]LogTemp: Display: Loaded TP WindowsTargetPlatform
[2018.10.19-04.49.22:530][  0]LogTemp: Display: Loaded TP Android_ASTCTargetPlatform
[2018.10.19-04.49.22:543][  0]LogTemp: Display: Loaded TP Android_ATCTargetPlatform
[2018.10.19-04.49.22:556][  0]LogTemp: Display: Loaded TP Android_DXTTargetPlatform
[2018.10.19-04.49.22:571][  0]LogTemp: Display: Loaded TP Android_ETC1aTargetPlatform
[2018.10.19-04.49.22:585][  0]LogTemp: Display: Loaded TP Android_ETC1TargetPlatform
[2018.10.19-04.49.22:601][  0]LogTemp: Display: Loaded TP Android_ETC2TargetPlatform
[2018.10.19-04.49.22:628][  0]LogTemp: Display: Loaded TP Android_MultiTargetPlatform
[2018.10.19-04.49.22:628][  0]LogTemp: Display: Loaded TP Android_PVRTCTargetPlatform
[2018.10.19-04.49.22:644][  0]LogTemp: Display: Loaded TP AndroidTargetPlatform
[2018.10.19-04.49.22:646][  0]LogTemp: Display: Loaded TP HTML5TargetPlatform
[2018.10.19-04.49.22:686][  0]LogTemp: Display: Loaded TP IOSTargetPlatform
[2018.10.19-04.49.22:702][  0]LogTemp: Display: Loaded TP TVOSTargetPlatform
[2018.10.19-04.49.22:716][  0]LogTemp: Display: Loaded TP LinuxClientTargetPlatform
[2018.10.19-04.49.22:730][  0]LogTemp: Display: Loaded TP LinuxNoEditorTargetPlatform
[2018.10.19-04.49.22:744][  0]LogTemp: Display: Loaded TP LinuxServerTargetPlatform
[2018.10.19-04.49.22:760][  0]LogTemp: Display: Loaded TP LinuxTargetPlatform
[2018.10.19-04.49.22:760][  0]LogTargetPlatformManager: Display: Building Assets For Windows
[2018.10.19-04.49.22:875][  0]LogXGEController: Cannot use XGE Controller as Incredibuild is not installed on this machine.
[2018.10.19-04.49.22:875][  0]LogShaderCompilers: Cannot use XGE Shader Compiler as Incredibuild is not installed on this machine.
[2018.10.19-04.49.22:875][  0]LogShaderCompilers: Display: Using Local Shader Compiler.
[2018.10.19-04.49.23:685][  0]LogDerivedDataCache: Display: Max Cache Size: 512 MB
[2018.10.19-04.49.23:756][  0]LogDerivedDataCache: Loaded boot cache 0.07s 76MB C:/Users/asus/AppData/Local/UnrealEngine/4.19/DerivedDataCache/Boot.ddc.
[2018.10.19-04.49.23:756][  0]LogDerivedDataCache: Display: Loaded Boot cache: C:/Users/asus/AppData/Local/UnrealEngine/4.19/DerivedDataCache/Boot.ddc
[2018.10.19-04.49.23:757][  0]LogDerivedDataCache: FDerivedDataBackendGraph:  Pak pak cache file I:/Assignment2/DerivedDataCache/DDC.ddp not found, will not use a pak cache.
[2018.10.19-04.49.23:757][  0]LogDerivedDataCache: Unable to find inner node Pak for hierarchical cache Hierarchy.
[2018.10.19-04.49.23:757][  0]LogDerivedDataCache: FDerivedDataBackendGraph:  CompressedPak pak cache file I:/Assignment2/DerivedDataCache/Compressed.ddp not found, will not use a pak cache.
[2018.10.19-04.49.23:757][  0]LogDerivedDataCache: Unable to find inner node CompressedPak for hierarchical cache Hierarchy.
[2018.10.19-04.49.23:774][  0]LogDerivedDataCache: Display: Pak cache opened for reading ../../../Engine/DerivedDataCache/Compressed.ddp.
[2018.10.19-04.49.23:788][  0]LogDerivedDataCache: Using Local data cache path C:/Users/asus/AppData/Local/UnrealEngine/Common/DerivedDataCache: Writable
[2018.10.19-04.49.23:788][  0]LogDerivedDataCache: Shared data cache path not found in *engine.ini, will not use an Shared cache.
[2018.10.19-04.49.23:788][  0]LogDerivedDataCache: Unable to find inner node Shared for hierarchical cache Hierarchy.
[2018.10.19-04.49.23:800][  0]LogMaterial: Verifying Global Shaders for PCD3D_SM5
[2018.10.19-04.49.23:800][  0]LogSlate: Using Freetype 2.6.0
[2018.10.19-04.49.23:801][  0]LogSlate: SlateFontCache - WITH_FREETYPE: 1, WITH_HARFBUZZ: 1
[2018.10.19-04.49.23:801][  0]LogSlate: SlateFontCache - WITH_FREETYPE: 1, WITH_HARFBUZZ: 1
[2018.10.19-04.49.23:947][  0]LogAssetRegistry: FAssetRegistry took 0.0277 seconds to start up
[2018.10.19-04.49.25:647][  0]LogInit: Selected Device Profile: [Windows]
[2018.10.19-04.49.25:827][  0]LogSimplygon: Simplygon DLL not present - disabling.
[2018.10.19-04.49.25:830][  0]LogMeshReduction: Using SimplygonSwarm for distributed automatic mesh merging
[2018.10.19-04.49.25:830][  0]LogMeshReduction: Using QuadricMeshReduction for automatic static mesh reduction
[2018.10.19-04.49.25:830][  0]LogMeshReduction: No automatic skeletal mesh reduction module available
[2018.10.19-04.49.25:830][  0]LogMeshReduction: No automatic mesh merging module available
[2018.10.19-04.49.25:830][  0]LogMeshMerging: No automatic mesh merging module available
[2018.10.19-04.49.25:862][  0]LogNetVersion: Assignment2 , NetCL: 3944462, EngineNetVer: 2, GameNetVer: 0 (Checksum: 48999329)
[2018.10.19-04.49.28:379][  0]LogPackageLocalizationCache: Processed 9 localized package path(s) for 1 prioritized culture(s) in 1.543332 seconds
[2018.10.19-04.49.28:387][  0]LogUObjectArray: 36728 objects as part of root set at end of initial load.
[2018.10.19-04.49.28:387][  0]LogUObjectAllocator: 7314312 out of 0 bytes used by permanent object pool.
[2018.10.19-04.49.28:387][  0]LogUObjectArray: CloseDisregardForGC: 0/0 objects in disregard for GC pool
[2018.10.19-04.49.30:460][  0]LogTcpMessaging: Initializing TcpMessaging bridge
[2018.10.19-04.49.30:487][  0]LogUdpMessaging: Initializing bridge on interface 0.0.0.0:0 to multicast group 230.0.0.1:6666.
[2018.10.19-04.49.31:215][  0]LogUObjectGlobals: Created PersistentFrame Addr=0x00000162a4e87b00, Size=72, Default__FirstPerson_AnimBP_C Function /Game/FirstPerson/Animations/FirstPerson_AnimBP.FirstPerson_AnimBP_C:ExecuteUbergraph_FirstPerson_AnimBP
[2018.10.19-04.49.31:224][  0]LogUObjectGlobals: Destroyed PersistentFrame Addr=0x00000162a4e87b00, Size=72
[2018.10.19-04.49.31:224][  0]LogUObjectGlobals: Created PersistentFrame Addr=0x00000162a4e76610, Size=72, Default__FirstPerson_AnimBP_C Function /Engine/Transient.REINST_FirstPerson_AnimBP_C_0:ExecuteUbergraph_FirstPerson_AnimBP
[2018.10.19-04.49.31:233][  0]LogUObjectGlobals: Created PersistentFrame Addr=0x00000162a4bbf920, Size=72, Default__FirstPerson_AnimBP_C Function /Game/FirstPerson/Animations/FirstPerson_AnimBP.FirstPerson_AnimBP_C:ExecuteUbergraph_FirstPerson_AnimBP
[2018.10.19-04.49.31:857][  0]LogSkeletalMesh: Skeletal Mesh found in DDC [1.084049ms] /Game/FirstPerson/Character/Mesh/SK_Mannequin_Arms.SK_Mannequin_Arms
[2018.10.19-04.49.31:875][  0]LogSkeletalMesh: Skeletal Mesh found in DDC [0.513975ms] /Game/FirstPerson/FPWeapon/Mesh/SK_FPGun.SK_FPGun
[2018.10.19-04.49.32:004][  0]SourceControl: Source control is disabled
[2018.10.19-04.49.32:005][  0]SourceControl: Source control is disabled
[2018.10.19-04.49.32:019][  0]SourceControl: Source control is disabled
[2018.10.19-04.49.32:036][  0]SourceControl: Source control is disabled
[2018.10.19-04.49.33:072][  0]LogAndroidPermission: UAndroidPermissionCallbackProxy::GetInstance
[2018.10.19-04.49.33:219][  0]LogOcInput: OculusInput pre-init called
[2018.10.19-04.49.33:317][  0]LogEngine: Initializing Engine...
[2018.10.19-04.49.33:319][  0]LogHMD: Failed to initialize OpenVR with code 110
[2018.10.19-04.49.33:320][  0]LogStats: UGameplayTagsManager::ConstructGameplayTagTree: Construct from data asset -  0.000 s
[2018.10.19-04.49.33:320][  0]LogStats: UGameplayTagsManager::ConstructGameplayTagTree: GameplayTagTreeChangedEvent.Broadcast -  0.000 s
[2018.10.19-04.49.33:563][  0]LogAIModule: Creating AISystem for world Untitled
[2018.10.19-04.49.33:593][  0]LogInit: XAudio2 using '扬声器 (Realtek High Definition Audio)' : 2 channels at 48 kHz using 32 bits per sample (channel mask 0x3)
[2018.10.19-04.49.33:769][  0]LogInit: FAudioDevice initialized.
[2018.10.19-04.49.33:853][  0]LogDerivedDataCache: Saved boot cache 0.08s 76MB C:/Users/asus/AppData/Local/UnrealEngine/4.19/DerivedDataCache/Boot.ddc.
[2018.10.19-04.49.33:857][  0]LogInit: Texture streaming: Enabled
[2018.10.19-04.49.33:876][  0]LogEngineSessionManager: EngineSessionManager initialized
[2018.10.19-04.49.33:890][  0]LogInit: Transaction tracking system initialized
[2018.10.19-04.49.33:918][  0]BlueprintLog: New page: Editor Load
[2018.10.19-04.49.34:051][  0]LocalizationService: Localization service is disabled
[2018.10.19-04.49.34:242][  0]LogConsoleResponse: Display: 
[2018.10.19-04.49.35:176][  0]LogCook: Display: Max memory allowance for cook 16384mb min free memory 0mb
[2018.10.19-04.49.35:176][  0]LogCook: Display: Mobile HDR setting 1
[2018.10.19-04.49.35:176][  0]LogGameplayTags: Display: UGameplayTagsManager::DoneAddingNativeTags. DelegateIsBound: 0
[2018.10.19-04.49.35:176][  0]LogStats: UGameplayTagsManager::ConstructGameplayTagTree: Construct from data asset -  0.000 s
[2018.10.19-04.49.35:176][  0]LogStats: UGameplayTagsManager::ConstructGameplayTagTree: GameplayTagTreeChangedEvent.Broadcast -  0.000 s
[2018.10.19-04.49.35:404][  0]LogFileCache: Scanning file cache for directory 'I:/Assignment2/Content/' took 0.77s
[2018.10.19-04.49.35:511][  0]SourceControl: Source control is disabled
[2018.10.19-04.49.35:511][  0]Cmd: MAP LOAD FILE="I:/Assignment2/Content/Levels/MainLevel.umap" TEMPLATE=0 SHOWPROGRESS=1 FEATURELEVEL=3
[2018.10.19-04.49.35:511][  0]LightingResults: New page: Lighting Build
[2018.10.19-04.49.35:514][  0]MapCheck: New page: Map Check
[2018.10.19-04.49.35:514][  0]LightingResults: New page: Lighting Build
[2018.10.19-04.49.35:527][  0]LogUObjectGlobals: Destroyed PersistentFrame Addr=0x00000162a4e76610, Size=72
[2018.10.19-04.49.36:123][  0]LogUObjectGlobals: Created PersistentFrame Addr=0x0000016292860d00, Size=232, Default__FusePack_C Function /Game/Blueprints/FusePack.FusePack_C:ExecuteUbergraph_FusePack
[2018.10.19-04.49.36:126][  0]LogUObjectGlobals: Destroyed PersistentFrame Addr=0x0000016292860d00, Size=232
[2018.10.19-04.49.36:126][  0]LogUObjectGlobals: Created PersistentFrame Addr=0x0000016292860d00, Size=232, Default__FusePack_C Function /Engine/Transient.REINST_FusePack_C_6:ExecuteUbergraph_FusePack
[2018.10.19-04.49.36:128][  0]LogUObjectGlobals: Created PersistentFrame Addr=0x00000162928d7100, Size=232, Default__FusePack_C Function /Game/Blueprints/FusePack.FusePack_C:ExecuteUbergraph_FusePack
[2018.10.19-04.49.36:153][  0]LogUObjectGlobals: Created PersistentFrame Addr=0x00000162928d5900, Size=232, Default__KeyPack_C Function /Game/Blueprints/KeyPack.KeyPack_C:ExecuteUbergraph_KeyPack
[2018.10.19-04.49.36:155][  0]LogUObjectGlobals: Destroyed PersistentFrame Addr=0x00000162928d5900, Size=232
[2018.10.19-04.49.36:155][  0]LogUObjectGlobals: Created PersistentFrame Addr=0x00000162928d5900, Size=232, Default__KeyPack_C Function /Engine/Transient.REINST_KeyPack_C_8:ExecuteUbergraph_KeyPack
[2018.10.19-04.49.36:156][  0]LogUObjectGlobals: Created PersistentFrame Addr=0x00000162a4e91f00, Size=232, Default__KeyPack_C Function /Game/Blueprints/KeyPack.KeyPack_C:ExecuteUbergraph_KeyPack
[2018.10.19-04.49.37:100][  0]LogUObjectGlobals: Created PersistentFrame Addr=0x000001628ca5bc10, Size=8, Default__NoFuse_C Function /Game/Blueprints/NoFuse.NoFuse_C:ExecuteUbergraph_NoFuse
[2018.10.19-04.49.37:102][  0]LogUObjectGlobals: Destroyed PersistentFrame Addr=0x000001628ca5bc10, Size=8
[2018.10.19-04.49.37:102][  0]LogUObjectGlobals: Created PersistentFrame Addr=0x000001628ca5bc10, Size=8, Default__NoFuse_C Function /Engine/Transient.REINST_NoFuse_C_0:ExecuteUbergraph_NoFuse
[2018.10.19-04.49.37:105][  0]LogUObjectGlobals: Created PersistentFrame Addr=0x000001628ca5bb30, Size=8, Default__NoFuse_C Function /Game/Blueprints/NoFuse.NoFuse_C:ExecuteUbergraph_NoFuse
[2018.10.19-04.49.37:109][  0]LogUObjectGlobals: Created PersistentFrame Addr=0x000001628ca5b9f0, Size=8, Default__NoKey_C Function /Game/Blueprints/NoKey.NoKey_C:ExecuteUbergraph_NoKey
[2018.10.19-04.49.37:112][  0]LogUObjectGlobals: Destroyed PersistentFrame Addr=0x000001628ca5b9f0, Size=8
[2018.10.19-04.49.37:112][  0]LogUObjectGlobals: Created PersistentFrame Addr=0x000001628ca5b9f0, Size=8, Default__NoKey_C Function /Engine/Transient.REINST_NoKey_C_1:ExecuteUbergraph_NoKey
[2018.10.19-04.49.37:113][  0]LogUObjectGlobals: Created PersistentFrame Addr=0x000001628ca5b910, Size=8, Default__NoKey_C Function /Game/Blueprints/NoKey.NoKey_C:ExecuteUbergraph_NoKey
[2018.10.19-04.49.37:116][  0]LogUObjectGlobals: Created PersistentFrame Addr=0x00000162a4f3b680, Size=32, Default__PauseMenu_C Function /Game/Blueprints/PauseMenu.PauseMenu_C:ExecuteUbergraph_PauseMenu
[2018.10.19-04.49.37:120][  0]LogUObjectGlobals: Destroyed PersistentFrame Addr=0x00000162a4f3b680, Size=32
[2018.10.19-04.49.37:120][  0]LogUObjectGlobals: Created PersistentFrame Addr=0x00000162a4f3b680, Size=32, Default__PauseMenu_C Function /Engine/Transient.REINST_PauseMenu_C_2:ExecuteUbergraph_PauseMenu
[2018.10.19-04.49.37:123][  0]LogUObjectGlobals: Created PersistentFrame Addr=0x00000162a4f39880, Size=32, Default__PauseMenu_C Function /Game/Blueprints/PauseMenu.PauseMenu_C:ExecuteUbergraph_PauseMenu
[2018.10.19-04.49.37:127][  0]LogUObjectGlobals: Created PersistentFrame Addr=0x000001628d676f80, Size=128, Default__StatusScreen_C Function /Game/Blueprints/StatusScreen.StatusScreen_C:ExecuteUbergraph_StatusScreen
[2018.10.19-04.49.37:133][  0]LogUObjectGlobals: Destroyed PersistentFrame Addr=0x000001628d676f80, Size=128
[2018.10.19-04.49.37:134][  0]LogUObjectGlobals: Created PersistentFrame Addr=0x000001628d676f80, Size=128, Default__StatusScreen_C Function /Engine/Transient.REINST_StatusScreen_C_3:ExecuteUbergraph_StatusScreen
[2018.10.19-04.49.37:136][  0]LogUObjectGlobals: Created PersistentFrame Addr=0x000001628d675e00, Size=128, Default__StatusScreen_C Function /Game/Blueprints/StatusScreen.StatusScreen_C:ExecuteUbergraph_StatusScreen
[2018.10.19-04.49.37:140][  0]LogUObjectGlobals: Created PersistentFrame Addr=0x000001628d65ef70, Size=16, Default__WinScreen_C Function /Game/Blueprints/WinScreen.WinScreen_C:ExecuteUbergraph_WinScreen
[2018.10.19-04.49.37:142][  0]LogUObjectGlobals: Destroyed PersistentFrame Addr=0x000001628d65ef70, Size=16
[2018.10.19-04.49.37:142][  0]LogUObjectGlobals: Created PersistentFrame Addr=0x000001628d65ef70, Size=16, Default__WinScreen_C Function /Engine/Transient.REINST_WinScreen_C_4:ExecuteUbergraph_WinScreen
[2018.10.19-04.49.37:143][  0]LogUObjectGlobals: Created PersistentFrame Addr=0x000001628d65efe0, Size=16, Default__WinScreen_C Function /Game/Blueprints/WinScreen.WinScreen_C:ExecuteUbergraph_WinScreen
[2018.10.19-04.49.37:868][  0]LogUObjectGlobals: Created PersistentFrame Addr=0x00000162934a7400, Size=240, Default__MainLevel_C Function /Game/Levels/MainLevel.MainLevel_C:ExecuteUbergraph_MainLevel
[2018.10.19-04.49.37:881][  0]LogUObjectGlobals: Destroyed PersistentFrame Addr=0x00000162934a7400, Size=240
[2018.10.19-04.49.37:881][  0]LogUObjectGlobals: Created PersistentFrame Addr=0x00000162934a7400, Size=240, Default__MainLevel_C Function /Engine/Transient.REINST_MainLevel_C_15:ExecuteUbergraph_MainLevel
[2018.10.19-04.49.37:894][  0]LogUObjectGlobals: Created PersistentFrame Addr=0x000001628d9e2d00, Size=240, Default__MainLevel_C Function /Game/Levels/MainLevel.MainLevel_C:ExecuteUbergraph_MainLevel
[2018.10.19-04.49.39:126][  0]LogAIModule: Creating AISystem for world MainLevel
[2018.10.19-04.49.39:145][  0]LogEditorServer: Finished looking for orphan Actors (0.000 secs)
[2018.10.19-04.49.39:160][  0]LogUObjectGlobals: Destroyed PersistentFrame Addr=0x00000162928d5900, Size=232
[2018.10.19-04.49.39:160][  0]LogUObjectGlobals: Destroyed PersistentFrame Addr=0x0000016292860d00, Size=232
[2018.10.19-04.49.39:160][  0]LogUObjectGlobals: Destroyed PersistentFrame Addr=0x000001628ca5bc10, Size=8
[2018.10.19-04.49.39:160][  0]LogUObjectGlobals: Destroyed PersistentFrame Addr=0x000001628ca5b9f0, Size=8
[2018.10.19-04.49.39:160][  0]LogUObjectGlobals: Destroyed PersistentFrame Addr=0x00000162a4f3b680, Size=32
[2018.10.19-04.49.39:160][  0]LogUObjectGlobals: Destroyed PersistentFrame Addr=0x000001628d676f80, Size=128
[2018.10.19-04.49.39:160][  0]LogUObjectGlobals: Destroyed PersistentFrame Addr=0x000001628d65ef70, Size=16
[2018.10.19-04.49.39:160][  0]LogUObjectGlobals: Destroyed PersistentFrame Addr=0x00000162934a7400, Size=240
[2018.10.19-04.49.39:161][  0]Cmd: MAP CHECKDEP NOCLEARLOG
[2018.10.19-04.49.39:252][  0]MapCheck: Map check complete: 0 Error(s), 0 Warning(s), took 90.597ms to complete.
[2018.10.19-04.49.39:252][  0]LogFileHelpers: Loading map 'MainLevel' took 3.741
[2018.10.19-04.49.39:409][  0]LogCollectionManager: Loaded 0 collections in 0.001444 seconds
[2018.10.19-04.49.39:451][  0]LogFileCache: Scanning file cache for directory 'I:/Assignment2/Saved/Collections/' took 0.01s
[2018.10.19-04.49.39:451][  0]LogFileCache: Scanning file cache for directory 'I:/Assignment2/Content/Developers/asus/Collections/' took 0.01s
[2018.10.19-04.49.39:451][  0]LogFileCache: Scanning file cache for directory 'I:/Assignment2/Content/Collections/' took 0.01s
[2018.10.19-04.49.39:451][  0]LogCollectionManager: Rebuilt the GUID cache for 0 collections in 0.000000 seconds
[2018.10.19-04.49.39:463][  0]LogContentBrowser: Native class hierarchy populated in 0.0116 seconds. Added 2460 classes and 560 folders.
[2018.10.19-04.49.39:473][  0]LogContentBrowser: Native class hierarchy updated for 'WidgetCarousel' in 0.0005 seconds. Added 0 classes and 0 folders.
[2018.10.19-04.49.39:512][  0]LogContentBrowser: Native class hierarchy updated for 'AddContentDialog' in 0.0004 seconds. Added 0 classes and 0 folders.
[2018.10.19-04.49.39:517][  0]LogContentBrowser: Native class hierarchy updated for 'SceneOutliner' in 0.0006 seconds. Added 1 classes and 2 folders.
[2018.10.19-04.49.39:886][  0]LogSlate: Took 0.000220 seconds to synchronously load lazily loaded font '../../../Engine/Content/Slate/Fonts/Roboto-Regular.ttf' (155K)
[2018.10.19-04.49.39:889][  0]LogSlate: Took 0.000217 seconds to synchronously load lazily loaded font '../../../Engine/Content/Slate/Fonts/Roboto-Bold.ttf' (160K)
[2018.10.19-04.49.39:895][  0]LogSlate: Took 0.000200 seconds to synchronously load lazily loaded font '../../../Engine/Content/Editor/Slate/Fonts/FontAwesome.ttf' (139K)
[2018.10.19-04.49.40:015][  0]LogRenderer: Reallocating scene render targets to support 804x412 Format 10 NumSamples 1 (Frame:1).
[2018.10.19-04.49.40:148][  0]LogSlate: Took 0.000151 seconds to synchronously load lazily loaded font '../../../Engine/Content/Slate/Fonts/Roboto-Light.ttf' (167K)
[2018.10.19-04.49.40:322][  0]LogContentBrowser: Native class hierarchy updated for 'HierarchicalLODOutliner' in 0.0004 seconds. Added 0 classes and 0 folders.
[2018.10.19-04.49.40:322][  0]LogLoad: (Engine Initialization) Total time: 27.62 seconds
[2018.10.19-04.49.40:322][  0]LogLoad: (Engine Initialization) Total Blueprint compile time: 0.00 seconds
[2018.10.19-04.49.40:350][  0]LogWindowsTextInputMethodSystem: Display: IME system now activated using TSF (搜狗拼音输入法).
[2018.10.19-04.49.40:376][  0]LogContentStreaming: Texture pool size now 1000 MB
[2018.10.19-04.49.40:438][  1]LogAssetRegistry: Asset discovery search completed in 16.5125 seconds
[2018.10.19-04.49.40:440][  1]LogCollectionManager: Rebuilt the object cache for 0 collections in 0.000000 seconds (found 0 objects)
[2018.10.19-04.49.40:440][  1]LogCollectionManager: Fixed up redirectors for 0 collections in 0.000046 seconds (updated 0 objects)
[2018.10.19-04.49.41:814][ 42]LogSlate: Took 0.000210 seconds to synchronously load lazily loaded font '../../../Engine/Content/Slate/Fonts/Roboto-Light.ttf' (167K)
[2018.10.19-04.49.43:056][114]LogSlate: FSceneViewport::OnFocusLost() reason 0
[2018.10.19-04.49.43:140][119]LogTemp: Repeating last play command: New Editor Window (PIE)
[2018.10.19-04.49.43:705][119]LogBlueprintUserMessages: Early PlayInEditor Detection: Level '/Game/Levels/MainLevel.MainLevel:PersistentLevel' has LevelScriptBlueprint '/Game/Levels/MainLevel.MainLevel:PersistentLevel.MainLevel' with GeneratedClass '/Game/Levels/MainLevel.MainLevel_C' with ClassGeneratedBy '/Game/Levels/MainLevel.MainLevel:PersistentLevel.MainLevel'
[2018.10.19-04.49.43:705][119]LogPlayLevel: PlayLevel: No blueprints needed recompiling
[2018.10.19-04.49.43:707][119]PIE: New page: PIE session: MainLevel (Oct 20, 2018, 2:49:43 AM)
[2018.10.19-04.49.43:707][119]LogPlayLevel: Creating play world package: /Game/Levels/UEDPIE_1_MainLevel
[2018.10.19-04.49.43:735][119]LogPlayLevel: PIE: StaticDuplicateObject took: (0.027521s)
[2018.10.19-04.49.43:735][119]LogAIModule: Creating AISystem for world MainLevel
[2018.10.19-04.49.43:735][119]LogPlayLevel: PIE: World Init took: (0.000776s)
[2018.10.19-04.49.43:736][119]LogPlayLevel: PIE: Created PIE world by copying editor world from /Game/Levels/MainLevel.MainLevel to /Game/Levels/UEDPIE_1_MainLevel.MainLevel (0.028716s)
[2018.10.19-04.49.43:752][119]LogInit: XAudio2 using '扬声器 (Realtek High Definition Audio)' : 2 channels at 48 kHz using 32 bits per sample (channel mask 0x3)
[2018.10.19-04.49.43:761][119]LogInit: FAudioDevice initialized.
[2018.10.19-04.49.43:872][119]LogLoad: Game class is 'Assignment2GameMode'
[2018.10.19-04.49.43:880][119]LogWorld: Bringing World /Game/Levels/UEDPIE_1_MainLevel.MainLevel up for play (max tick rate 60) at 2018.10.19-15.49.43
[2018.10.19-04.49.43:881][119]LogWorld: Bringing up level for play took: 0.008094
[2018.10.19-04.49.43:886][119]LogContentBrowser: Native class hierarchy updated for 'MovieSceneCapture' in 0.0005 seconds. Added 11 classes and 0 folders.
[2018.10.19-04.49.43:888][119]LogTemp: Display: ParseSettings for GameNetDriver
[2018.10.19-04.49.43:888][119]LogTemp: Display: ParseSettings for IpNetDriver_0
[2018.10.19-04.49.43:888][119]LogTemp: Display: ParseSettings for GameNetDriver
[2018.10.19-04.49.43:888][119]LogInit: WinSock: Socket queue 131072 / 131072
[2018.10.19-04.49.43:888][119]PacketHandlerLog: Loaded PacketHandler component: Engine.EngineHandlerComponentFactory (StatelessConnectHandlerComponent)
[2018.10.19-04.49.43:888][119]LogNet: GameNetDriver IpNetDriver_0 IpNetDriver listening on port 17777
[2018.10.19-04.49.43:893][119]PIE: Play in editor start time for /Game/Levels/UEDPIE_1_MainLevel 0.509
[2018.10.19-04.49.43:896][119]PIE: New page: PIE session: MainLevel (Oct 20, 2018, 2:49:43 AM)
[2018.10.19-04.49.43:904][119]LogSlate: FSceneViewport::OnFocusLost() reason 2
[2018.10.19-04.49.43:990][119]LogNet: Browse: 127.0.0.1:17777//Game/Levels/MainLevel
[2018.10.19-04.49.43:990][119]LogTemp: Display: ParseSettings for GameNetDriver
[2018.10.19-04.49.43:990][119]LogTemp: Display: ParseSettings for IpNetDriver_1
[2018.10.19-04.49.43:991][119]LogTemp: Display: ParseSettings for PendingNetDriver
[2018.10.19-04.49.43:991][119]LogInit: WinSock: Socket queue 32768 / 32768
[2018.10.19-04.49.43:991][119]PacketHandlerLog: Loaded PacketHandler component: Engine.EngineHandlerComponentFactory (StatelessConnectHandlerComponent)
[2018.10.19-04.49.43:992][119]LogNet: Game client on port 17777, rate 10000
[2018.10.19-04.49.43:998][119]PIE: Play in editor start time for /Game/Levels/MainLevel 0.613
[2018.10.19-04.49.44:010][119]LogBlueprintUserMessages: Late PlayInEditor Detection: Level '/Game/Levels/MainLevel.MainLevel:PersistentLevel' has LevelScriptBlueprint '/Game/Levels/MainLevel.MainLevel:PersistentLevel.MainLevel' with GeneratedClass '/Game/Levels/MainLevel.MainLevel_C' with ClassGeneratedBy '/Game/Levels/MainLevel.MainLevel:PersistentLevel.MainLevel'
[2018.10.19-04.49.44:011][119]LogNet: NotifyAcceptingConnection accepted from: 127.0.0.1:62305
[2018.10.19-04.49.44:011][119]LogHandshake: SendConnectChallenge. Timestamp: 0.016667, Cookie: 247089095135224128012065087237041079228099145224133032119153
[2018.10.19-04.49.44:018][119]LogHandshake: SendChallengeResponse. Timestamp: 0.016667, Cookie: 247089095135224128012065087237041079228099145224133032119153
[2018.10.19-04.49.44:073][119]LogRenderer: Reallocating scene render targets to support 804x720 Format 10 NumSamples 1 (Frame:1).
[2018.10.19-04.49.44:170][120]LogNet: NotifyAcceptingConnection accepted from: 127.0.0.1:62305
[2018.10.19-04.49.44:170][120]LogHandshake: SendChallengeAck. InCookie: 247089095135224128012065087237041079228099145224133032119153
[2018.10.19-04.49.44:170][120]LogNet: Server accepting post-challenge connection from: 127.0.0.1:62305
[2018.10.19-04.49.44:170][120]PacketHandlerLog: Loaded PacketHandler component: Engine.EngineHandlerComponentFactory (StatelessConnectHandlerComponent)
[2018.10.19-04.49.44:170][120]LogNet: NotifyAcceptedConnection: Name: MainLevel, TimeStamp: 10/19/18 15:49:44, [UNetConnection] RemoteAddr: 127.0.0.1:62305, Name: IpConnection_1, Driver: GameNetDriver IpNetDriver_0, IsServer: YES, PC: NULL, Owner: NULL, UniqueId: INVALID
[2018.10.19-04.49.44:170][120]LogNet: AddClientConnection: Added client connection: [UNetConnection] RemoteAddr: 127.0.0.1:62305, Name: IpConnection_1, Driver: GameNetDriver IpNetDriver_0, IsServer: YES, PC: NULL, Owner: NULL, UniqueId: INVALID
[2018.10.19-04.49.44:171][120]LogNetVersion: Assignment2 1.0.0.0, NetCL: 3944462, EngineNetVer: 2, GameNetVer: 0 (Checksum: 416247383)
[2018.10.19-04.49.44:171][120]LogNet: UPendingNetGame::SendInitialJoin: Sending hello. [UNetConnection] RemoteAddr: 127.0.0.1:17777, Name: IpConnection_0, Driver: PendingNetDriver IpNetDriver_1, IsServer: NO, PC: NULL, Owner: NULL, UniqueId: INVALID
[2018.10.19-04.49.44:200][121]LogNet: NotifyAcceptingChannel Control 0 server World /Game/Levels/UEDPIE_1_MainLevel.MainLevel: Accepted
[2018.10.19-04.49.44:200][121]LogNet: Remote platform little endian=1
[2018.10.19-04.49.44:200][121]LogNet: This platform little endian=1
[2018.10.19-04.49.44:217][122]LogNet: Login request: /Game/Levels/MainLevel userId: Invalid
[2018.10.19-04.49.44:218][122]LogNet: Welcomed by server (Level: /Game/Levels/UEDPIE_1_MainLevel, Game: /Script/Assignment2.Assignment2GameMode)
[2018.10.19-04.49.44:221][122]LogLoad: LoadMap: 127.0.0.1:17777//Game/Levels/UEDPIE_1_MainLevel?game=/Script/Assignment2.Assignment2GameMode
[2018.10.19-04.49.44:265][122]LogAIModule: Creating AISystem for world MainLevel
[2018.10.19-04.49.44:265][122]LogTemp: Display: ParseSettings for GameNetDriver
[2018.10.19-04.49.44:273][122]LogWorld: Bringing World /Game/Levels/UEDPIE_2_MainLevel.MainLevel up for play (max tick rate 60) at 2018.10.19-15.49.44
[2018.10.19-04.49.44:273][122]LogWorld: Bringing up level for play took: 0.007064
[2018.10.19-04.49.44:274][122]LogLoad: Took 0.052717 seconds to LoadMap(/Game/Levels/UEDPIE_1_MainLevel)
[2018.10.19-04.49.44:297][123]LogNet: Client netspeed is 10000
[2018.10.19-04.49.44:297][123]LogNet: Join request: /Game/Levels/MainLevel?SplitscreenCount=1
[2018.10.19-04.49.44:299][123]LogNet: Join succeeded: 257
[2018.10.19-04.49.44:668][144]LogSlate: FSceneViewport::OnFocusLost() reason 2
[2018.10.19-04.50.00:825][979]LogSlate: FSceneViewport::OnFocusLost() reason 2
[2018.10.19-04.50.10:386][552]LogSlate: FSceneViewport::OnFocusLost() reason 2
[2018.10.19-04.50.11:928][644]LogSlate: FSceneViewport::OnFocusLost() reason 2
[2018.10.19-04.50.20:815][176]LogBlueprintUserMessages: Early EndPlayMap Detection: Level '/Game/Levels/MainLevel.MainLevel:PersistentLevel' has LevelScriptBlueprint '/Game/Levels/MainLevel.MainLevel:PersistentLevel.MainLevel' with GeneratedClass '/Game/Levels/MainLevel.MainLevel_C' with ClassGeneratedBy '/Game/Levels/MainLevel.MainLevel:PersistentLevel.MainLevel'
[2018.10.19-04.50.20:864][176]LogSlate: Window 'Assignment2 Game Preview Client 1 (64-bit/PCD3D_SM5)' being destroyed
[2018.10.19-04.50.20:943][176]LogSlate: Window 'Assignment2 Game Preview Server (64-bit/PCD3D_SM5)' being destroyed
[2018.10.19-04.50.20:981][176]LogBlueprintUserMessages: Late EndPlayMap Detection: Level '/Game/Levels/MainLevel.MainLevel:PersistentLevel' has LevelScriptBlueprint '/Game/Levels/MainLevel.MainLevel:PersistentLevel.MainLevel' with GeneratedClass '/Game/Levels/MainLevel.MainLevel_C' with ClassGeneratedBy '/Game/Levels/MainLevel.MainLevel:PersistentLevel.MainLevel'
[2018.10.19-04.50.20:998][176]LogNet: UChannel::CleanUp: ChIndex == 0. Closing connection. [UChannel] ChIndex: 0, Closing: 0 [UNetConnection] RemoteAddr: 127.0.0.1:17777, Name: None, Driver: GameNetDriver None, IsServer: NO, PC: PlayerController_1, Owner: PlayerController_1, UniqueId: INVALID
[2018.10.19-04.50.20:999][176]LogNet: UNetConnection::Close: [UNetConnection] RemoteAddr: 127.0.0.1:17777, Name: None, Driver: GameNetDriver None, IsServer: NO, PC: PlayerController_1, Owner: PlayerController_1, UniqueId: INVALID, Channels: 35, Time: 2018.10.19-04.50.20
[2018.10.19-04.50.20:999][176]LogNet: UChannel::Close: Sending CloseBunch. ChIndex == 0. Name: [UChannel] ChIndex: 0, Closing: 0 [UNetConnection] RemoteAddr: 127.0.0.1:17777, Name: None, Driver: GameNetDriver None, IsServer: NO, PC: PlayerController_1, Owner: PlayerController_1, UniqueId: INVALID
[2018.10.19-04.50.20:999][176]LogNet: UChannel::CleanUp: ChIndex == 0. Closing connection. [UChannel] ChIndex: 0, Closing: 0 [UNetConnection] RemoteAddr: 127.0.0.1:62305, Name: None, Driver: GameNetDriver None, IsServer: YES, PC: PlayerController_1, Owner: PlayerController_1, UniqueId: INVALID
[2018.10.19-04.50.20:999][176]LogNet: UNetConnection::Close: [UNetConnection] RemoteAddr: 127.0.0.1:62305, Name: None, Driver: GameNetDriver None, IsServer: YES, PC: PlayerController_1, Owner: PlayerController_1, UniqueId: INVALID, Channels: 35, Time: 2018.10.19-04.50.20
[2018.10.19-04.50.20:999][176]LogNet: UChannel::Close: Sending CloseBunch. ChIndex == 0. Name: [UChannel] ChIndex: 0, Closing: 0 [UNetConnection] RemoteAddr: 127.0.0.1:62305, Name: None, Driver: GameNetDriver None, IsServer: YES, PC: PlayerController_1, Owner: PlayerController_1, UniqueId: INVALID
[2018.10.19-04.50.21:002][176]LogExit: GameNetDriver None shut down
[2018.10.19-04.50.21:003][176]LogExit: GameNetDriver None shut down
[2018.10.19-04.50.21:811][219]LogTemp: Repeating last play command: New Editor Window (PIE)
[2018.10.19-04.50.21:899][219]LogBlueprintUserMessages: Early PlayInEditor Detection: Level '/Game/Levels/MainLevel.MainLevel:PersistentLevel' has LevelScriptBlueprint '/Game/Levels/MainLevel.MainLevel:PersistentLevel.MainLevel' with GeneratedClass '/Game/Levels/MainLevel.MainLevel_C' with ClassGeneratedBy '/Game/Levels/MainLevel.MainLevel:PersistentLevel.MainLevel'
[2018.10.19-04.50.21:899][219]LogPlayLevel: PlayLevel: No blueprints needed recompiling
[2018.10.19-04.50.21:900][219]PIE: New page: PIE session: MainLevel (Oct 20, 2018, 2:50:21 AM)
[2018.10.19-04.50.21:900][219]LogPlayLevel: Creating play world package: /Game/Levels/UEDPIE_1_MainLevel
[2018.10.19-04.50.21:925][219]LogPlayLevel: PIE: StaticDuplicateObject took: (0.024669s)
[2018.10.19-04.50.21:926][219]LogAIModule: Creating AISystem for world MainLevel
[2018.10.19-04.50.21:926][219]LogPlayLevel: PIE: World Init took: (0.000862s)
[2018.10.19-04.50.21:926][219]LogPlayLevel: PIE: Created PIE world by copying editor world from /Game/Levels/MainLevel.MainLevel to /Game/Levels/UEDPIE_1_MainLevel.MainLevel (0.025709s)
[2018.10.19-04.50.21:942][219]LogInit: XAudio2 using '扬声器 (Realtek High Definition Audio)' : 2 channels at 48 kHz using 32 bits per sample (channel mask 0x3)
[2018.10.19-04.50.21:951][219]LogInit: FAudioDevice initialized.
[2018.10.19-04.50.22:046][219]LogLoad: Game class is 'Assignment2GameMode'
[2018.10.19-04.50.22:053][219]LogWorld: Bringing World /Game/Levels/UEDPIE_1_MainLevel.MainLevel up for play (max tick rate 60) at 2018.10.19-15.50.22
[2018.10.19-04.50.22:054][219]LogWorld: Bringing up level for play took: 0.006999
[2018.10.19-04.50.22:056][219]LogTemp: Display: ParseSettings for GameNetDriver
[2018.10.19-04.50.22:056][219]LogTemp: Display: ParseSettings for IpNetDriver_2
[2018.10.19-04.50.22:056][219]LogTemp: Display: ParseSettings for GameNetDriver
[2018.10.19-04.50.22:056][219]LogInit: WinSock: Socket queue 131072 / 131072
[2018.10.19-04.50.22:056][219]PacketHandlerLog: Loaded PacketHandler component: Engine.EngineHandlerComponentFactory (StatelessConnectHandlerComponent)
[2018.10.19-04.50.22:056][219]LogNet: GameNetDriver IpNetDriver_2 IpNetDriver listening on port 17777
[2018.10.19-04.50.22:062][219]PIE: Play in editor start time for /Game/Levels/UEDPIE_1_MainLevel 0.677
[2018.10.19-04.50.22:063][219]PIE: New page: PIE session: MainLevel (Oct 20, 2018, 2:50:22 AM)
[2018.10.19-04.50.22:072][219]LogSlate: FSceneViewport::OnFocusLost() reason 2
[2018.10.19-04.50.22:162][219]LogNet: Browse: 127.0.0.1:17777//Game/Levels/MainLevel
[2018.10.19-04.50.22:162][219]LogTemp: Display: ParseSettings for GameNetDriver
[2018.10.19-04.50.22:162][219]LogTemp: Display: ParseSettings for IpNetDriver_3
[2018.10.19-04.50.22:162][219]LogTemp: Display: ParseSettings for PendingNetDriver
[2018.10.19-04.50.22:162][219]LogInit: WinSock: Socket queue 32768 / 32768
[2018.10.19-04.50.22:162][219]PacketHandlerLog: Loaded PacketHandler component: Engine.EngineHandlerComponentFactory (StatelessConnectHandlerComponent)
[2018.10.19-04.50.22:162][219]LogNet: Game client on port 17777, rate 10000
[2018.10.19-04.50.22:166][219]PIE: Play in editor start time for /Game/Levels/MainLevel 0.782
[2018.10.19-04.50.22:180][219]LogBlueprintUserMessages: Late PlayInEditor Detection: Level '/Game/Levels/MainLevel.MainLevel:PersistentLevel' has LevelScriptBlueprint '/Game/Levels/MainLevel.MainLevel:PersistentLevel.MainLevel' with GeneratedClass '/Game/Levels/MainLevel.MainLevel_C' with ClassGeneratedBy '/Game/Levels/MainLevel.MainLevel:PersistentLevel.MainLevel'
[2018.10.19-04.50.22:180][219]LogNet: NotifyAcceptingConnection accepted from: 127.0.0.1:60660
[2018.10.19-04.50.22:180][219]LogHandshake: SendConnectChallenge. Timestamp: 0.016667, Cookie: 083073048103073131040164170011130192080124071117055112044143
[2018.10.19-04.50.22:181][219]LogHandshake: SendChallengeResponse. Timestamp: 0.016667, Cookie: 083073048103073131040164170011130192080124071117055112044143
[2018.10.19-04.50.22:318][220]LogNet: NotifyAcceptingConnection accepted from: 127.0.0.1:60660
[2018.10.19-04.50.22:318][220]LogHandshake: SendChallengeAck. InCookie: 083073048103073131040164170011130192080124071117055112044143
[2018.10.19-04.50.22:318][220]LogNet: Server accepting post-challenge connection from: 127.0.0.1:60660
[2018.10.19-04.50.22:319][220]PacketHandlerLog: Loaded PacketHandler component: Engine.EngineHandlerComponentFactory (StatelessConnectHandlerComponent)
[2018.10.19-04.50.22:319][220]LogNet: NotifyAcceptedConnection: Name: MainLevel, TimeStamp: 10/19/18 15:50:22, [UNetConnection] RemoteAddr: 127.0.0.1:60660, Name: IpConnection_3, Driver: GameNetDriver IpNetDriver_2, IsServer: YES, PC: NULL, Owner: NULL, UniqueId: INVALID
[2018.10.19-04.50.22:319][220]LogNet: AddClientConnection: Added client connection: [UNetConnection] RemoteAddr: 127.0.0.1:60660, Name: IpConnection_3, Driver: GameNetDriver IpNetDriver_2, IsServer: YES, PC: NULL, Owner: NULL, UniqueId: INVALID
[2018.10.19-04.50.22:320][220]LogNet: UPendingNetGame::SendInitialJoin: Sending hello. [UNetConnection] RemoteAddr: 127.0.0.1:17777, Name: IpConnection_2, Driver: PendingNetDriver IpNetDriver_3, IsServer: NO, PC: NULL, Owner: NULL, UniqueId: INVALID
[2018.10.19-04.50.22:344][221]LogNet: NotifyAcceptingChannel Control 0 server World /Game/Levels/UEDPIE_1_MainLevel.MainLevel: Accepted
[2018.10.19-04.50.22:344][221]LogNet: Remote platform little endian=1
[2018.10.19-04.50.22:344][221]LogNet: This platform little endian=1
[2018.10.19-04.50.22:367][222]LogNet: Login request: /Game/Levels/MainLevel userId: Invalid
[2018.10.19-04.50.22:368][222]LogNet: Welcomed by server (Level: /Game/Levels/UEDPIE_1_MainLevel, Game: /Script/Assignment2.Assignment2GameMode)
[2018.10.19-04.50.22:378][222]LogLoad: LoadMap: 127.0.0.1:17777//Game/Levels/UEDPIE_1_MainLevel?game=/Script/Assignment2.Assignment2GameMode
[2018.10.19-04.50.22:420][222]LogAIModule: Creating AISystem for world MainLevel
[2018.10.19-04.50.22:420][222]LogTemp: Display: ParseSettings for GameNetDriver
[2018.10.19-04.50.22:428][222]LogWorld: Bringing World /Game/Levels/UEDPIE_2_MainLevel.MainLevel up for play (max tick rate 60) at 2018.10.19-15.50.22
[2018.10.19-04.50.22:428][222]LogWorld: Bringing up level for play took: 0.006564
[2018.10.19-04.50.22:428][222]LogLoad: Took 0.050603 seconds to LoadMap(/Game/Levels/UEDPIE_1_MainLevel)
[2018.10.19-04.50.22:451][223]LogNet: Client netspeed is 10000
[2018.10.19-04.50.22:451][223]LogNet: Join request: /Game/Levels/MainLevel?SplitscreenCount=1
[2018.10.19-04.50.22:453][223]LogNet: Join succeeded: 259
[2018.10.19-04.50.23:309][274]LogSlate: FSceneViewport::OnFocusLost() reason 2
[2018.10.19-04.50.30:930][618]LogSlate: FSceneViewport::OnFocusLost() reason 2
[2018.10.19-04.50.39:651][140]LogSlate: FSceneViewport::OnFocusLost() reason 2
[2018.10.19-04.50.47:481][591]LogSlate: FSceneViewport::OnFocusLost() reason 2
[2018.10.19-04.50.49:936][738]LogSlate: FSceneViewport::OnFocusLost() reason 2
[2018.10.19-04.50.59:804][329]LogSlate: FSceneViewport::OnFocusLost() reason 2
[2018.10.19-04.51.04:570][614]LogSlate: FSceneViewport::OnFocusLost() reason 2
[2018.10.19-04.51.07:476][788]LogSlate: FSceneViewport::OnFocusLost() reason 2
[2018.10.19-04.51.14:313][197]LogSlate: FSceneViewport::OnFocusLost() reason 2
[2018.10.19-04.51.20:409][562]LogSlate: FSceneViewport::OnFocusLost() reason 2
[2018.10.19-04.51.27:535][989]LogSlate: FSceneViewport::OnFocusLost() reason 2
[2018.10.19-04.51.52:577][488]LogSlate: FSceneViewport::OnFocusLost() reason 2
[2018.10.19-04.52.04:062][176]LogSlate: FSceneViewport::OnFocusLost() reason 2
[2018.10.19-04.52.13:297][729]LogSlate: FSceneViewport::OnFocusLost() reason 2
[2018.10.19-04.52.19:792][117]LogSlate: FSceneViewport::OnFocusLost() reason 2
[2018.10.19-04.52.20:874][182]LogSlate: FSceneViewport::OnFocusLost() reason 0
[2018.10.19-04.52.20:971][188]LogBlueprintUserMessages: Early EndPlayMap Detection: Level '/Game/Levels/MainLevel.MainLevel:PersistentLevel' has LevelScriptBlueprint '/Game/Levels/MainLevel.MainLevel:PersistentLevel.MainLevel' with GeneratedClass '/Game/Levels/MainLevel.MainLevel_C' with ClassGeneratedBy '/Game/Levels/MainLevel.MainLevel:PersistentLevel.MainLevel'
[2018.10.19-04.52.21:273][188]LogSlate: Window 'Assignment2 Game Preview Client 1 (64-bit/PCD3D_SM5)' being destroyed
[2018.10.19-04.52.21:355][188]LogSlate: Window 'Assignment2 Game Preview Server (64-bit/PCD3D_SM5)' being destroyed
[2018.10.19-04.52.21:390][188]LogBlueprintUserMessages: Late EndPlayMap Detection: Level '/Game/Levels/MainLevel.MainLevel:PersistentLevel' has LevelScriptBlueprint '/Game/Levels/MainLevel.MainLevel:PersistentLevel.MainLevel' with GeneratedClass '/Game/Levels/MainLevel.MainLevel_C' with ClassGeneratedBy '/Game/Levels/MainLevel.MainLevel:PersistentLevel.MainLevel'
[2018.10.19-04.52.21:405][188]LogNet: UChannel::CleanUp: ChIndex == 0. Closing connection. [UChannel] ChIndex: 0, Closing: 0 [UNetConnection] RemoteAddr: 127.0.0.1:60660, Name: IpConnection_3, Driver: GameNetDriver IpNetDriver_2, IsServer: YES, PC: None, Owner: None, UniqueId: INVALID
[2018.10.19-04.52.21:405][188]LogNet: UNetConnection::Close: [UNetConnection] RemoteAddr: 127.0.0.1:60660, Name: IpConnection_3, Driver: GameNetDriver IpNetDriver_2, IsServer: YES, PC: None, Owner: None, UniqueId: INVALID, Channels: 2, Time: 2018.10.19-04.52.21
[2018.10.19-04.52.21:405][188]LogNet: UChannel::Close: Sending CloseBunch. ChIndex == 0. Name: [UChannel] ChIndex: 0, Closing: 0 [UNetConnection] RemoteAddr: 127.0.0.1:60660, Name: IpConnection_3, Driver: GameNetDriver IpNetDriver_2, IsServer: YES, PC: None, Owner: None, UniqueId: INVALID
[2018.10.19-04.52.21:405][188]LogNet: UChannel::CleanUp: ChIndex == 0. Closing connection. [UChannel] ChIndex: 0, Closing: 0 [UNetConnection] RemoteAddr: 127.0.0.1:17777, Name: IpConnection_2, Driver: GameNetDriver IpNetDriver_3, IsServer: NO, PC: None, Owner: None, UniqueId: INVALID
[2018.10.19-04.52.21:405][188]LogNet: UNetConnection::Close: [UNetConnection] RemoteAddr: 127.0.0.1:17777, Name: IpConnection_2, Driver: GameNetDriver IpNetDriver_3, IsServer: NO, PC: None, Owner: None, UniqueId: INVALID, Channels: 2, Time: 2018.10.19-04.52.21
[2018.10.19-04.52.21:405][188]LogNet: UChannel::Close: Sending CloseBunch. ChIndex == 0. Name: [UChannel] ChIndex: 0, Closing: 0 [UNetConnection] RemoteAddr: 127.0.0.1:17777, Name: IpConnection_2, Driver: GameNetDriver IpNetDriver_3, IsServer: NO, PC: None, Owner: None, UniqueId: INVALID
[2018.10.19-04.52.21:411][188]LogExit: GameNetDriver None shut down
[2018.10.19-04.52.21:411][188]LogExit: GameNetDriver None shut down
