Log file open, 10/19/18 15:11:57
LogWindows: Failed to load 'aqProf.dll' (GetLastError=126)
LogWindows: File 'aqProf.dll' does not exist
LogWindows: Failed to load 'VtuneApi.dll' (GetLastError=126)
LogWindows: File 'VtuneApi.dll' does not exist
LogWindows: Failed to load 'VtuneApi32e.dll' (GetLastError=126)
LogWindows: File 'VtuneApi32e.dll' does not exist
LogInit: Display: Running engine for game: Assignment2
LogPlatformFile: Not using cached read wrapper
LogInit: Display: RandInit(-1908994337) SRandInit(-1908994337).
LogInit: Read version file with build ID '3944462'
LogInit: Overriding engine version to CL 4033788, compatible CL 3944462
LogInit: Registered custom module enumerator with build ID '3944462'
LogTaskGraph: Started task graph with 5 named threads and 23 total threads with 3 sets of task threads.
LogStats: Stats thread started at 0.367566
LogD3D11RHI: Aftermath initialized
LogICUInternationalization: Display: ICU TimeZone Detection - Raw Offset: +10:00, Platform Override: ''
LogPluginManager: Mounting plugin Paper2D
LogPluginManager: Mounting plugin LiveLink
LogPluginManager: Mounting plugin LightPropagationVolume
LogPluginManager: Mounting plugin CLionSourceCodeAccess
LogPluginManager: Mounting plugin CodeLiteSourceCodeAccess
LogPluginManager: Mounting plugin GitSourceControl
LogPluginManager: Mounting plugin KDevelopSourceCodeAccess
LogPluginManager: Mounting plugin NullSourceCodeAccess
LogPluginManager: Mounting plugin PerforceSourceControl
LogPluginManager: Mounting plugin SubversionSourceControl
LogPluginManager: Mounting plugin UObjectPlugin
LogPluginManager: Mounting plugin VisualStudioCodeSourceCodeAccess
LogPluginManager: Mounting plugin VisualStudioSourceCodeAccess
LogPluginManager: Mounting plugin XCodeSourceCodeAccess
LogPluginManager: Mounting plugin AssetManagerEditor
LogPluginManager: Mounting plugin CryptoKeys
LogPluginManager: Mounting plugin DataValidation
LogPluginManager: Mounting plugin FacialAnimation
LogPluginManager: Mounting plugin GameplayTagsEditor
LogPluginManager: Mounting plugin MobileLauncherProfileWizard
LogPluginManager: Mounting plugin PluginBrowser
LogPluginManager: Mounting plugin SpeedTreeImporter
LogPluginManager: Mounting plugin DatasmithContent
LogPluginManager: Mounting plugin AlembicImporter
LogPluginManager: Mounting plugin CharacterAI
LogPluginManager: Mounting plugin HTML5Networking
LogPluginManager: Mounting plugin AndroidMedia
LogPluginManager: Mounting plugin AvfMedia
LogPluginManager: Mounting plugin ImgMedia
LogPluginManager: Mounting plugin LinearTimecode
LogPluginManager: Mounting plugin MediaCompositing
LogPluginManager: Mounting plugin MediaPlayerEditor
LogPluginManager: Mounting plugin WmfMedia
LogPluginManager: Mounting plugin TcpMessaging
LogPluginManager: Mounting plugin UdpMessaging
LogPluginManager: Mounting plugin ActorSequence
LogPluginManager: Mounting plugin LevelSequenceEditor
LogPluginManager: Mounting plugin MatineeToLevelSequence
LogPluginManager: Mounting plugin NetcodeUnitTest
LogPluginManager: Mounting plugin NUTUnrealEngine4
LogPluginManager: Mounting plugin OnlineSubsystemGooglePlay
LogPluginManager: Mounting plugin OnlineSubsystemIOS
LogPluginManager: Mounting plugin OnlineSubsystem
LogPluginManager: Mounting plugin OnlineSubsystemNull
LogPluginManager: Mounting plugin OnlineSubsystemUtils
LogPluginManager: Mounting plugin AndroidDeviceProfileSelector
LogPluginManager: Mounting plugin AndroidMoviePlayer
LogPluginManager: Mounting plugin AndroidPermission
LogPluginManager: Mounting plugin AppleARKit
LogPluginManager: Mounting plugin AppleMoviePlayer
LogPluginManager: Mounting plugin ArchVisCharacter
LogPluginManager: Mounting plugin AudioCapture
LogPluginManager: Mounting plugin CableComponent
LogPluginManager: Mounting plugin CustomMeshComponent
LogPluginManager: Mounting plugin ExampleDeviceProfileSelector
LogPluginManager: Mounting plugin GoogleCloudMessaging
LogPluginManager: Mounting plugin ImmediatePhysics
LogPluginManager: Mounting plugin IOSDeviceProfileSelector
LogPluginManager: Mounting plugin LinuxDeviceProfileSelector
LogPluginManager: Mounting plugin LocationServicesBPLibrary
LogPluginManager: Mounting plugin MobilePatchingUtils
LogPluginManager: Mounting plugin OculusVR
LogPluginManager: Plugin shader directory ../../../Engine/Plugins/Runtime/Oculus/OculusVR/Shaders found
LogPluginManager: Mapping shader source directory ../../../Engine/Plugins/Runtime/Oculus/OculusVR/Shaders to virtual directory /Plugin/OculusVR
LogPluginManager: Mounting plugin PhysXVehicles
LogPluginManager: Mounting plugin ProceduralMeshComponent
LogPluginManager: Mounting plugin RuntimePhysXCooking
LogPluginManager: Mounting plugin SteamVR
LogPluginManager: Mounting plugin WindowsMoviePlayer
LogStreaming: Display: Took  1.425s to configure plugins.
LogModuleManager: Display: Found up-to-date module file I:/Assignment2/Binaries/Win64/UE4Editor-Assignment2-2644.dll (API version 3944462).
LogModuleManager: Display: Found up-to-date module file ../../../Engine/Plugins/2D/Paper2D/Binaries/Win64/UE4Editor-Paper2D.dll (API version 3944462).
LogModuleManager: Display: Found up-to-date module file ../../../Engine/Plugins/2D/Paper2D/Binaries/Win64/UE4Editor-Paper2DEditor.dll (API version 3944462).
LogModuleManager: Display: Found up-to-date module file ../../../Engine/Plugins/2D/Paper2D/Binaries/Win64/UE4Editor-PaperSpriteSheetImporter.dll (API version 3944462).
LogModuleManager: Display: Found up-to-date module file ../../../Engine/Plugins/2D/Paper2D/Binaries/Win64/UE4Editor-PaperTiledImporter.dll (API version 3944462).
LogModuleManager: Display: Found up-to-date module file ../../../Engine/Plugins/2D/Paper2D/Binaries/Win64/UE4Editor-SmartSnapping.dll (API version 3944462).
LogModuleManager: Display: Found up-to-date module file ../../../Engine/Plugins/Animation/LiveLink/Binaries/Win64/UE4Editor-LiveLink.dll (API version 3944462).
LogModuleManager: Display: Found up-to-date module file ../../../Engine/Plugins/Animation/LiveLink/Binaries/Win64/UE4Editor-LiveLinkEditor.dll (API version 3944462).
LogModuleManager: Display: Found up-to-date module file ../../../Engine/Plugins/Blendables/LightPropagationVolume/Binaries/Win64/UE4Editor-LightPropagationVolumeRuntime.dll (API version 3944462).
LogModuleManager: Display: Found up-to-date module file ../../../Engine/Plugins/Blendables/LightPropagationVolume/Binaries/Win64/UE4Editor-LightPropagationVolumeEditor.dll (API version 3944462).
LogModuleManager: Display: Found up-to-date module file ../../../Engine/Plugins/Developer/CLionSourceCodeAccess/Binaries/Win64/UE4Editor-CLionSourceCodeAccess.dll (API version 3944462).
LogModuleManager: Display: Found up-to-date module file ../../../Engine/Plugins/Developer/GitSourceControl/Binaries/Win64/UE4Editor-GitSourceControl.dll (API version 3944462).
LogModuleManager: Display: Found up-to-date module file ../../../Engine/Plugins/Developer/PerforceSourceControl/Binaries/Win64/UE4Editor-PerforceSourceControl.dll (API version 3944462).
LogModuleManager: Display: Found up-to-date module file ../../../Engine/Plugins/Developer/SubversionSourceControl/Binaries/Win64/UE4Editor-SubversionSourceControl.dll (API version 3944462).
LogModuleManager: Display: Found up-to-date module file ../../../Engine/Plugins/Developer/UObjectPlugin/Binaries/Win64/UE4Editor-UObjectPlugin.dll (API version 3944462).
LogModuleManager: Display: Found up-to-date module file ../../../Engine/Plugins/Developer/VisualStudioCodeSourceCodeAccess/Binaries/Win64/UE4Editor-VisualStudioCodeSourceCodeAccess.dll (API version 3944462).
LogModuleManager: Display: Found up-to-date module file ../../../Engine/Plugins/Developer/VisualStudioSourceCodeAccess/Binaries/Win64/UE4Editor-VisualStudioSourceCodeAccess.dll (API version 3944462).
LogModuleManager: Display: Found up-to-date module file ../../../Engine/Plugins/Editor/AssetManagerEditor/Binaries/Win64/UE4Editor-AssetManagerEditor.dll (API version 3944462).
LogModuleManager: Display: Found up-to-date module file ../../../Engine/Plugins/Editor/CryptoKeys/Binaries/Win64/UE4Editor-CryptoKeys.dll (API version 3944462).
LogModuleManager: Display: Found up-to-date module file ../../../Engine/Plugins/Editor/CryptoKeys/Binaries/Win64/UE4Editor-CryptoKeysOpenSSL.dll (API version 3944462).
LogModuleManager: Display: Found up-to-date module file ../../../Engine/Plugins/Editor/DataValidation/Binaries/Win64/UE4Editor-DataValidation.dll (API version 3944462).
LogModuleManager: Display: Found up-to-date module file ../../../Engine/Plugins/Editor/FacialAnimation/Binaries/Win64/UE4Editor-FacialAnimation.dll (API version 3944462).
LogModuleManager: Display: Found up-to-date module file ../../../Engine/Plugins/Editor/FacialAnimation/Binaries/Win64/UE4Editor-FacialAnimationEditor.dll (API version 3944462).
LogModuleManager: Display: Found up-to-date module file ../../../Engine/Plugins/Editor/GameplayTagsEditor/Binaries/Win64/UE4Editor-GameplayTagsEditor.dll (API version 3944462).
LogModuleManager: Display: Found up-to-date module file ../../../Engine/Plugins/Editor/MobileLauncherProfileWizard/Binaries/Win64/UE4Editor-MobileLauncherProfileWizard.dll (API version 3944462).
LogModuleManager: Display: Found up-to-date module file ../../../Engine/Plugins/Editor/PluginBrowser/Binaries/Win64/UE4Editor-PluginBrowser.dll (API version 3944462).
LogModuleManager: Display: Found up-to-date module file ../../../Engine/Plugins/Editor/SpeedTreeImporter/Binaries/Win64/UE4Editor-SpeedTreeImporter.dll (API version 3944462).
LogModuleManager: Display: Found up-to-date module file ../../../Engine/Plugins/Enterprise/DatasmithContent/Binaries/Win64/UE4Editor-DatasmithContent.dll (API version 3944462).
LogModuleManager: Display: Found up-to-date module file ../../../Engine/Plugins/Experimental/AlembicImporter/Binaries/Win64/UE4Editor-AlembicImporter.dll (API version 3944462).
LogModuleManager: Display: Found up-to-date module file ../../../Engine/Plugins/Experimental/AlembicImporter/Binaries/Win64/UE4Editor-AlembicLibrary.dll (API version 3944462).
LogModuleManager: Display: Found up-to-date module file ../../../Engine/Plugins/Experimental/CharacterAI/Binaries/Win64/UE4Editor-CharacterAI.dll (API version 3944462).
LogModuleManager: Display: Found up-to-date module file ../../../Engine/Plugins/Experimental/HTML5Networking/Binaries/Win64/UE4Editor-HTML5Networking.dll (API version 3944462).
LogModuleManager: Display: Found up-to-date module file ../../../Engine/Plugins/Media/AndroidMedia/Binaries/Win64/UE4Editor-AndroidMediaEditor.dll (API version 3944462).
LogModuleManager: Display: Found up-to-date module file ../../../Engine/Plugins/Media/AndroidMedia/Binaries/Win64/UE4Editor-AndroidMediaFactory.dll (API version 3944462).
LogModuleManager: Display: Found up-to-date module file ../../../Engine/Plugins/Media/AvfMedia/Binaries/Win64/UE4Editor-AvfMediaEditor.dll (API version 3944462).
LogModuleManager: Display: Found up-to-date module file ../../../Engine/Plugins/Media/AvfMedia/Binaries/Win64/UE4Editor-AvfMediaFactory.dll (API version 3944462).
LogModuleManager: Display: Found up-to-date module file ../../../Engine/Plugins/Media/AvfMedia/Binaries/Win64/UE4Editor-AvfMediaFactory.dll (API version 3944462).
LogModuleManager: Display: Found up-to-date module file ../../../Engine/Plugins/Media/ImgMedia/Binaries/Win64/UE4Editor-ImgMedia.dll (API version 3944462).
LogModuleManager: Display: Found up-to-date module file ../../../Engine/Plugins/Media/ImgMedia/Binaries/Win64/UE4Editor-ImgMediaEditor.dll (API version 3944462).
LogModuleManager: Display: Found up-to-date module file ../../../Engine/Plugins/Media/ImgMedia/Binaries/Win64/UE4Editor-ImgMediaFactory.dll (API version 3944462).
LogModuleManager: Display: Found up-to-date module file ../../../Engine/Plugins/Media/ImgMedia/Binaries/Win64/UE4Editor-ImgMediaFactory.dll (API version 3944462).
LogModuleManager: Display: Found up-to-date module file ../../../Engine/Plugins/Media/ImgMedia/Binaries/Win64/UE4Editor-OpenExrWrapper.dll (API version 3944462).
LogModuleManager: Display: Found up-to-date module file ../../../Engine/Plugins/Media/LinearTimecode/Binaries/Win64/UE4Editor-LinearTimecode.dll (API version 3944462).
LogModuleManager: Display: Found up-to-date module file ../../../Engine/Plugins/Media/MediaCompositing/Binaries/Win64/UE4Editor-MediaCompositing.dll (API version 3944462).
LogModuleManager: Display: Found up-to-date module file ../../../Engine/Plugins/Media/MediaCompositing/Binaries/Win64/UE4Editor-MediaCompositingEditor.dll (API version 3944462).
LogModuleManager: Display: Found up-to-date module file ../../../Engine/Plugins/Media/MediaPlayerEditor/Binaries/Win64/UE4Editor-MediaPlayerEditor.dll (API version 3944462).
LogModuleManager: Display: Found up-to-date module file ../../../Engine/Plugins/Media/WmfMedia/Binaries/Win64/UE4Editor-WmfMedia.dll (API version 3944462).
LogModuleManager: Display: Found up-to-date module file ../../../Engine/Plugins/Media/WmfMedia/Binaries/Win64/UE4Editor-WmfMediaEditor.dll (API version 3944462).
LogModuleManager: Display: Found up-to-date module file ../../../Engine/Plugins/Media/WmfMedia/Binaries/Win64/UE4Editor-WmfMediaFactory.dll (API version 3944462).
LogModuleManager: Display: Found up-to-date module file ../../../Engine/Plugins/Media/WmfMedia/Binaries/Win64/UE4Editor-WmfMediaFactory.dll (API version 3944462).
LogModuleManager: Display: Found up-to-date module file ../../../Engine/Plugins/Messaging/TcpMessaging/Binaries/Win64/UE4Editor-TcpMessaging.dll (API version 3944462).
LogModuleManager: Display: Found up-to-date module file ../../../Engine/Plugins/Messaging/UdpMessaging/Binaries/Win64/UE4Editor-UdpMessaging.dll (API version 3944462).
LogModuleManager: Display: Found up-to-date module file ../../../Engine/Plugins/MovieScene/ActorSequence/Binaries/Win64/UE4Editor-ActorSequence.dll (API version 3944462).
LogModuleManager: Display: Found up-to-date module file ../../../Engine/Plugins/MovieScene/LevelSequenceEditor/Binaries/Win64/UE4Editor-LevelSequenceEditor.dll (API version 3944462).
LogModuleManager: Display: Found up-to-date module file ../../../Engine/Plugins/MovieScene/MatineeToLevelSequence/Binaries/Win64/UE4Editor-MatineeToLevelSequence.dll (API version 3944462).
LogModuleManager: Display: Found up-to-date module file ../../../Engine/Plugins/NetcodeUnitTest/NetcodeUnitTest/Binaries/Win64/UE4Editor-NetcodeUnitTest.dll (API version 3944462).
LogModuleManager: Display: Found up-to-date module file ../../../Engine/Plugins/NetcodeUnitTest/NUTUnrealEngine4/Binaries/Win64/UE4Editor-NUTUnrealEngine4.dll (API version 3944462).
LogModuleManager: Display: Found up-to-date module file ../../../Engine/Plugins/Online/OnlineSubsystem/Binaries/Win64/UE4Editor-OnlineSubsystem.dll (API version 3944462).
LogModuleManager: Display: Found up-to-date module file ../../../Engine/Plugins/Online/OnlineSubsystemNull/Binaries/Win64/UE4Editor-OnlineSubsystemNull.dll (API version 3944462).
LogModuleManager: Display: Found up-to-date module file ../../../Engine/Plugins/Online/OnlineSubsystemUtils/Binaries/Win64/UE4Editor-OnlineSubsystemUtils.dll (API version 3944462).
LogModuleManager: Display: Found up-to-date module file ../../../Engine/Plugins/Online/OnlineSubsystemUtils/Binaries/Win64/UE4Editor-OnlineBlueprintSupport.dll (API version 3944462).
LogModuleManager: Display: Found up-to-date module file ../../../Engine/Plugins/Runtime/AndroidDeviceProfileSelector/Binaries/Win64/UE4Editor-AndroidDeviceProfileSelector.dll (API version 3944462).
LogModuleManager: Display: Found up-to-date module file ../../../Engine/Plugins/Runtime/AndroidPermission/Binaries/Win64/UE4Editor-AndroidPermission.dll (API version 3944462).
LogModuleManager: Display: Found up-to-date module file ../../../Engine/Plugins/Runtime/AppleARKit/Binaries/Win64/UE4Editor-AppleARKit.dll (API version 3944462).
LogModuleManager: Display: Found up-to-date module file ../../../Engine/Plugins/Runtime/ArchVisCharacter/Binaries/Win64/UE4Editor-ArchVisCharacter.dll (API version 3944462).
LogModuleManager: Display: Found up-to-date module file ../../../Engine/Plugins/Runtime/AudioCapture/Binaries/Win64/UE4Editor-AudioCapture.dll (API version 3944462).
LogModuleManager: Display: Found up-to-date module file ../../../Engine/Plugins/Runtime/AudioCapture/Binaries/Win64/UE4Editor-AudioCaptureEditor.dll (API version 3944462).
LogModuleManager: Display: Found up-to-date module file ../../../Engine/Plugins/Runtime/CableComponent/Binaries/Win64/UE4Editor-CableComponent.dll (API version 3944462).
LogModuleManager: Display: Found up-to-date module file ../../../Engine/Plugins/Runtime/CustomMeshComponent/Binaries/Win64/UE4Editor-CustomMeshComponent.dll (API version 3944462).
LogModuleManager: Display: Found up-to-date module file ../../../Engine/Plugins/Runtime/ExampleDeviceProfileSelector/Binaries/Win64/UE4Editor-ExampleDeviceProfileSelector.dll (API version 3944462).
LogModuleManager: Display: Found up-to-date module file ../../../Engine/Plugins/Runtime/ImmediatePhysics/Binaries/Win64/UE4Editor-ImmediatePhysics.dll (API version 3944462).
LogModuleManager: Display: Found up-to-date module file ../../../Engine/Plugins/Runtime/ImmediatePhysics/Binaries/Win64/UE4Editor-ImmediatePhysicsEditor.dll (API version 3944462).
LogModuleManager: Display: Found up-to-date module file ../../../Engine/Plugins/Runtime/LocationServicesBPLibrary/Binaries/Win64/UE4Editor-LocationServicesBPLibrary.dll (API version 3944462).
LogModuleManager: Display: Found up-to-date module file ../../../Engine/Plugins/Runtime/MobilePatchingUtils/Binaries/Win64/UE4Editor-MobilePatchingUtils.dll (API version 3944462).
LogModuleManager: Display: Found up-to-date module file ../../../Engine/Plugins/Runtime/Oculus/OculusVR/Binaries/Win64/UE4Editor-OculusHMD.dll (API version 3944462).
LogModuleManager: Display: Found up-to-date module file ../../../Engine/Plugins/Runtime/Oculus/OculusVR/Binaries/Win64/UE4Editor-OculusInput.dll (API version 3944462).
LogModuleManager: Display: Found up-to-date module file ../../../Engine/Plugins/Runtime/Oculus/OculusVR/Binaries/Win64/UE4Editor-OculusEditor.dll (API version 3944462).
LogModuleManager: Display: Found up-to-date module file ../../../Engine/Plugins/Runtime/PhysXVehicles/Binaries/Win64/UE4Editor-PhysXVehicles.dll (API version 3944462).
LogModuleManager: Display: Found up-to-date module file ../../../Engine/Plugins/Runtime/PhysXVehicles/Binaries/Win64/UE4Editor-PhysXVehiclesEditor.dll (API version 3944462).
LogModuleManager: Display: Found up-to-date module file ../../../Engine/Plugins/Runtime/ProceduralMeshComponent/Binaries/Win64/UE4Editor-ProceduralMeshComponent.dll (API version 3944462).
LogModuleManager: Display: Found up-to-date module file ../../../Engine/Plugins/Runtime/ProceduralMeshComponent/Binaries/Win64/UE4Editor-ProceduralMeshComponentEditor.dll (API version 3944462).
LogModuleManager: Display: Found up-to-date module file ../../../Engine/Plugins/Runtime/RuntimePhysXCooking/Binaries/Win64/UE4Editor-RuntimePhysXCooking.dll (API version 3944462).
LogModuleManager: Display: Found up-to-date module file ../../../Engine/Plugins/Runtime/Steam/SteamVR/Binaries/Win64/UE4Editor-SteamVR.dll (API version 3944462).
LogModuleManager: Display: Found up-to-date module file ../../../Engine/Plugins/Runtime/Steam/SteamVR/Binaries/Win64/UE4Editor-SteamVRController.dll (API version 3944462).
LogModuleManager: Display: Found up-to-date module file ../../../Engine/Plugins/Runtime/WindowsMoviePlayer/Binaries/Win64/UE4Editor-WindowsMoviePlayer.dll (API version 3944462).
LogInit: Using libcurl 7.47.1
LogInit:  - built for x86_64-pc-win32
LogInit:  - supports SSL with OpenSSL/1.0.2g
LogInit:  - supports HTTP deflate (compression) using libz 1.2.8
LogInit:  - other features:
LogInit:      CURL_VERSION_SSL
LogInit:      CURL_VERSION_LIBZ
LogInit:      CURL_VERSION_IPV6
LogInit:      CURL_VERSION_ASYNCHDNS
LogInit:      CURL_VERSION_LARGEFILE
LogInit:      CURL_VERSION_IDN
LogInit:  CurlRequestOptions (configurable via config and command line):
LogInit:  - bVerifyPeer = false  - Libcurl will NOT verify peer certificate
LogInit:  - bUseHttpProxy = false  - Libcurl will NOT use HTTP proxy
LogInit:  - bDontReuseConnections = false  - Libcurl will reuse connections
LogInit:  - CertBundlePath = nullptr  - Libcurl will use whatever was configured at build time.
LogInit:  - MaxHostConnections = 16  - Libcurl will limit the number of connections to a host
LogInit:  - LocalHostAddr = Default
LogInit: WinSock: version 1.1 (2.2), MaxSocks=32767, MaxUdp=65467
LogInit: WinSock: I am DESKTOP-1DG4IFS (118.139.66.216:0)
LogInit: Build: ++UE4+Release-4.19-CL-4033788
LogInit: Engine Version: 4.19.2-4033788+++UE4+Release-4.19
LogInit: Compatible Engine Version: 4.19.0-3944462+++UE4+Release-4.19
LogInit: Net CL: 3944462
LogDevObjectVersion: Number of dev versions registered: 18
LogDevObjectVersion:   Dev-Blueprints (B0D832E4-1F89-4F0D-ACCF-7EB736FD4AA2): 10
LogDevObjectVersion:   Dev-Build (E1C64328-A22C-4D53-A36C-8E866417BD8C): 0
LogDevObjectVersion:   Dev-Core (375EC13C-06E4-48FB-B500-84F0262A717E): 2
LogDevObjectVersion:   Dev-Editor (E4B068ED-F494-42E9-A231-DA0B2E46BB41): 23
LogDevObjectVersion:   Dev-Framework (CFFC743F-43B0-4480-9391-14DF171D2073): 33
LogDevObjectVersion:   Dev-Mobile (B02B49B5-BB20-44E9-A304-32B752E40360): 2
LogDevObjectVersion:   Dev-Networking (A4E4105C-59A1-49B5-A7C5-40C4547EDFEE): 0
LogDevObjectVersion:   Dev-Online (39C831C9-5AE6-47DC-9A44-9C173E1C8E7C): 0
LogDevObjectVersion:   Dev-Physics (78F01B33-EBEA-4F98-B9B4-84EACCB95AA2): 0
LogDevObjectVersion:   Dev-Platform (6631380F-2D4D-43E0-8009-CF276956A95A): 0
LogDevObjectVersion:   Dev-Rendering (12F88B9F-8875-4AFC-A67C-D90C383ABD29): 25
LogDevObjectVersion:   Dev-Sequencer (7B5AE74C-D270-4C10-A958-57980B212A5A): 6
LogDevObjectVersion:   Dev-VR (D7296918-1DD6-4BDD-9DE2-64A83CC13884): 1
LogDevObjectVersion:   Dev-LoadTimes (C2A15278-BFE7-4AFE-6C17-90FF531DF755): 1
LogDevObjectVersion:   Private-Geometry (6EACA3D4-40EC-4CC1-B786-8BED09428FC5): 2
LogDevObjectVersion:   Dev-AnimPhys (29E575DD-E0A3-4627-9D10-D276232CDCEA): 16
LogDevObjectVersion:   Dev-ReflectionCapture (6B266CEC-1EC7-4B8F-A30B-E4D90942FC07): 1
LogDevObjectVersion:   Dev-Automation (0DF73D61-A23F-47EA-B727-89E90C41499A): 1
LogInit: Compiled (64-bit): Apr 27 2018 02:06:57
LogInit: Compiled with Visual C++: 19.00.24215.01
LogInit: Build Configuration: Development
LogInit: Branch Name: ++UE4+Release-4.19
LogInit: Command Line:  
LogInit: Base Directory: F:/UE_4.19/Engine/Binaries/Win64/
LogInit: Installed Engine Build: 1
LogStreaming: Display: Took  0.196s to delete old logs.
LogInit: Presizing for max 8388607 objects, including 0 objects not considered by GC, pre-allocating 0 bytes for permanent pool.
LogInit: Object subsystem initialized
[2018.10.19-04.12.06:872][  0]LogInit: Selected Device Profile: [Windows]
[2018.10.19-04.12.06:872][  0]LogInit: Applying CVar settings loaded from the selected device profile: [Windows]
[2018.10.19-04.12.07:607][  0]LogInit: Computer: DESKTOP-1DG4IFS
[2018.10.19-04.12.07:607][  0]LogInit: User: asus
[2018.10.19-04.12.07:607][  0]LogInit: CPU Page size=4096, Cores=4
[2018.10.19-04.12.07:607][  0]LogInit: High frequency timer resolution =2.531252 MHz
[2018.10.19-04.12.07:615][  0]LogMemory: Memory total: Physical=15.9GB (16GB approx)
[2018.10.19-04.12.07:615][  0]LogMemory: Platform Memory Stats for Windows
[2018.10.19-04.12.07:615][  0]LogMemory: Process Physical Memory: 274.63 MB used, 274.63 MB peak
[2018.10.19-04.12.07:615][  0]LogMemory: Process Virtual Memory: 270.61 MB used, 270.61 MB peak
[2018.10.19-04.12.07:615][  0]LogMemory: Physical Memory: 4690.73 MB used,  11554.07 MB free, 16244.80 MB total
[2018.10.19-04.12.07:615][  0]LogMemory: Virtual Memory: 4801.21 MB used,  11554.07 MB free, 134217728.00 MB total
[2018.10.19-04.12.08:433][  0]LogInit: Overriding language with editor language configuration option (en).
[2018.10.19-04.12.08:433][  0]LogInit: Overriding locale with editor locale configuration option (en).
[2018.10.19-04.12.09:484][  0]LogStreaming: Display: Took  1.051s to EndInitTextLocalization.
[2018.10.19-04.12.09:508][  0]LogInit: Setting process to per monitor DPI aware
[2018.10.19-04.12.10:752][  0]LogSlate: New Slate User Created.  User Index 0, Is Virtual User: 0
[2018.10.19-04.12.10:752][  0]LogSlate: Slate User Registered.  User Index 0, Is Virtual User: 0
[2018.10.19-04.12.11:695][  0]LogD3D11RHI: D3D11 adapters:
[2018.10.19-04.12.12:456][  0]LogD3D11RHI:    0. 'NVIDIA GeForce GTX 970M' (Feature Level 11_0)
[2018.10.19-04.12.12:456][  0]LogD3D11RHI:       6108/0/8122 MB DedicatedVideo/DedicatedSystem/SharedSystem, Outputs:1, VendorId:0x10de
[2018.10.19-04.12.12:495][  0]LogD3D11RHI:    1. 'Intel(R) HD Graphics 530' (Feature Level 11_0)
[2018.10.19-04.12.12:495][  0]LogD3D11RHI:       128/0/8122 MB DedicatedVideo/DedicatedSystem/SharedSystem, Outputs:0, VendorId:0x8086
[2018.10.19-04.12.12:498][  0]LogD3D11RHI:    2. 'Microsoft Basic Render Driver' (Feature Level 11_0)
[2018.10.19-04.12.12:498][  0]LogD3D11RHI:       0/0/8122 MB DedicatedVideo/DedicatedSystem/SharedSystem, Outputs:0, VendorId:0x1414
[2018.10.19-04.12.12:498][  0]LogD3D11RHI: Chosen D3D11 Adapter: 0
[2018.10.19-04.12.12:522][  0]LogD3D11RHI: Creating new Direct3DDevice
[2018.10.19-04.12.12:523][  0]LogD3D11RHI:     GPU DeviceId: 0x13d8 (for the marketing name, search the web for "GPU Device Id")
[2018.10.19-04.12.12:523][  0]LogWindows: EnumDisplayDevices:
[2018.10.19-04.12.12:523][  0]LogWindows:    0. 'Intel(R) HD Graphics 530' (P:1 D:1)
[2018.10.19-04.12.12:523][  0]LogWindows:    1. 'Intel(R) HD Graphics 530' (P:0 D:0)
[2018.10.19-04.12.12:523][  0]LogWindows:    2. 'Intel(R) HD Graphics 530' (P:0 D:0)
[2018.10.19-04.12.12:524][  0]LogWindows: DebugString: GetVideoDriverDetailsInvalid PrimaryIsNotTheChoosenAdapter GetVideoDriverDetailsInvalid PrimaryIsNotTheChoosenAdapter GetVideoDriverDetailsInvalid PrimaryIsNotTheChoosenAdapter FoundDriverCount:0 
[2018.10.19-04.12.12:524][  0]LogD3D11RHI:     Adapter Name: NVIDIA GeForce GTX 970M
[2018.10.19-04.12.12:524][  0]LogD3D11RHI:   Driver Version: Unknown (internal:Unknown, unified:Unknown)
[2018.10.19-04.12.12:524][  0]LogD3D11RHI:      Driver Date: Unknown
[2018.10.19-04.12.12:524][  0]LogRHI: Texture pool is 4276 MB (70% of 6108 MB)
[2018.10.19-04.12.13:282][  0]LogD3D11RHI: [Aftermath] Aftermath enabled but failed to initialize
[2018.10.19-04.12.13:282][  0]LogD3D11RHI: [Aftermath] Aftermath enabled and primed
[2018.10.19-04.12.13:282][  0]LogD3D11RHI: Async texture creation enabled
[2018.10.19-04.12.13:752][  0]LogD3D11RHI: GPU Timing Frequency: 1000.000000 (Debug: 2 1)
[2018.10.19-04.12.13:878][  0]LogShaderCompilers: Guid format shader working directory is 30 characters bigger than the processId version (I:/Assignment2/Intermediate/Shaders/WorkingDirectory/10888/).
[2018.10.19-04.12.13:886][  0]LogShaderCompilers: Cleaned the shader compiler working directory 'C:/Users/asus/AppData/Local/Temp/UnrealShaderWorkingDir/09797FB74FF5A6364B37C78C13CF8770/'.
[2018.10.19-04.12.14:666][  0]LogTemp: Display: Loaded TP AllDesktopTargetPlatform
[2018.10.19-04.12.14:681][  0]LogTemp: Display: Loaded TP MacClientTargetPlatform
[2018.10.19-04.12.14:697][  0]LogTemp: Display: Loaded TP MacNoEditorTargetPlatform
[2018.10.19-04.12.14:713][  0]LogTemp: Display: Loaded TP MacServerTargetPlatform
[2018.10.19-04.12.14:751][  0]LogTemp: Display: Loaded TP MacTargetPlatform
[2018.10.19-04.12.14:778][  0]LogTemp: Display: Loaded TP WindowsClientTargetPlatform
[2018.10.19-04.12.14:796][  0]LogTemp: Display: Loaded TP WindowsNoEditorTargetPlatform
[2018.10.19-04.12.14:813][  0]LogTemp: Display: Loaded TP WindowsServerTargetPlatform
[2018.10.19-04.12.14:823][  0]LogTemp: Display: Loaded TP WindowsTargetPlatform
[2018.10.19-04.12.14:848][  0]LogTemp: Display: Loaded TP Android_ASTCTargetPlatform
[2018.10.19-04.12.14:864][  0]LogTemp: Display: Loaded TP Android_ATCTargetPlatform
[2018.10.19-04.12.14:879][  0]LogTemp: Display: Loaded TP Android_DXTTargetPlatform
[2018.10.19-04.12.14:895][  0]LogTemp: Display: Loaded TP Android_ETC1aTargetPlatform
[2018.10.19-04.12.14:910][  0]LogTemp: Display: Loaded TP Android_ETC1TargetPlatform
[2018.10.19-04.12.14:925][  0]LogTemp: Display: Loaded TP Android_ETC2TargetPlatform
[2018.10.19-04.12.14:955][  0]LogTemp: Display: Loaded TP Android_MultiTargetPlatform
[2018.10.19-04.12.14:955][  0]LogTemp: Display: Loaded TP Android_PVRTCTargetPlatform
[2018.10.19-04.12.15:000][  0]LogTemp: Display: Loaded TP AndroidTargetPlatform
[2018.10.19-04.12.15:011][  0]LogTemp: Display: Loaded TP HTML5TargetPlatform
[2018.10.19-04.12.15:116][  0]LogTemp: Display: Loaded TP IOSTargetPlatform
[2018.10.19-04.12.15:153][  0]LogTemp: Display: Loaded TP TVOSTargetPlatform
[2018.10.19-04.12.15:182][  0]LogTemp: Display: Loaded TP LinuxClientTargetPlatform
[2018.10.19-04.12.15:202][  0]LogTemp: Display: Loaded TP LinuxNoEditorTargetPlatform
[2018.10.19-04.12.15:243][  0]LogTemp: Display: Loaded TP LinuxServerTargetPlatform
[2018.10.19-04.12.15:292][  0]LogTemp: Display: Loaded TP LinuxTargetPlatform
[2018.10.19-04.12.15:292][  0]LogTargetPlatformManager: Display: Building Assets For Windows
[2018.10.19-04.12.15:940][  0]LogXGEController: Cleaning working directory: C:/Users/asus/AppData/Local/Temp/UnrealXGEWorkingDir/
[2018.10.19-04.12.15:942][  0]LogXGEController: Cannot use XGE Controller as Incredibuild is not installed on this machine.
[2018.10.19-04.12.15:953][  0]LogShaderCompilers: Cannot use XGE Shader Compiler as Incredibuild is not installed on this machine.
[2018.10.19-04.12.15:953][  0]LogShaderCompilers: Display: Using Local Shader Compiler.
[2018.10.19-04.12.19:293][  0]LogDerivedDataCache: Display: Max Cache Size: 512 MB
[2018.10.19-04.12.19:628][  0]LogDerivedDataCache: Loaded boot cache 0.33s 76MB C:/Users/asus/AppData/Local/UnrealEngine/4.19/DerivedDataCache/Boot.ddc.
[2018.10.19-04.12.19:628][  0]LogDerivedDataCache: Display: Loaded Boot cache: C:/Users/asus/AppData/Local/UnrealEngine/4.19/DerivedDataCache/Boot.ddc
[2018.10.19-04.12.19:628][  0]LogDerivedDataCache: FDerivedDataBackendGraph:  Pak pak cache file I:/Assignment2/DerivedDataCache/DDC.ddp not found, will not use a pak cache.
[2018.10.19-04.12.19:628][  0]LogDerivedDataCache: Unable to find inner node Pak for hierarchical cache Hierarchy.
[2018.10.19-04.12.19:628][  0]LogDerivedDataCache: FDerivedDataBackendGraph:  CompressedPak pak cache file I:/Assignment2/DerivedDataCache/Compressed.ddp not found, will not use a pak cache.
[2018.10.19-04.12.19:628][  0]LogDerivedDataCache: Unable to find inner node CompressedPak for hierarchical cache Hierarchy.
[2018.10.19-04.12.19:705][  0]LogDerivedDataCache: Display: Pak cache opened for reading ../../../Engine/DerivedDataCache/Compressed.ddp.
[2018.10.19-04.12.19:719][  0]LogDerivedDataCache: Using Local data cache path C:/Users/asus/AppData/Local/UnrealEngine/Common/DerivedDataCache: Writable
[2018.10.19-04.12.19:719][  0]LogDerivedDataCache: Shared data cache path not found in *engine.ini, will not use an Shared cache.
[2018.10.19-04.12.19:719][  0]LogDerivedDataCache: Unable to find inner node Shared for hierarchical cache Hierarchy.
[2018.10.19-04.12.19:829][  0]LogMaterial: Verifying Global Shaders for PCD3D_SM5
[2018.10.19-04.12.19:871][  0]LogSlate: Using Freetype 2.6.0
[2018.10.19-04.12.19:973][  0]LogSlate: SlateFontCache - WITH_FREETYPE: 1, WITH_HARFBUZZ: 1
[2018.10.19-04.12.19:973][  0]LogSlate: SlateFontCache - WITH_FREETYPE: 1, WITH_HARFBUZZ: 1
[2018.10.19-04.12.23:328][  0]LogAssetRegistry: FAssetRegistry took 0.0421 seconds to start up
[2018.10.19-04.12.33:021][  0]LogInit: Selected Device Profile: [Windows]
[2018.10.19-04.12.38:617][  0]LogSimplygon: Simplygon DLL not present - disabling.
[2018.10.19-04.12.38:714][  0]LogMeshReduction: Using SimplygonSwarm for distributed automatic mesh merging
[2018.10.19-04.12.38:730][  0]LogMeshReduction: Using QuadricMeshReduction for automatic static mesh reduction
[2018.10.19-04.12.38:730][  0]LogMeshReduction: No automatic skeletal mesh reduction module available
[2018.10.19-04.12.38:730][  0]LogMeshReduction: No automatic mesh merging module available
[2018.10.19-04.12.38:730][  0]LogMeshMerging: No automatic mesh merging module available
[2018.10.19-04.12.39:732][  0]LogNetVersion: Assignment2 , NetCL: 3944462, EngineNetVer: 2, GameNetVer: 0 (Checksum: 48999329)
[2018.10.19-04.12.49:599][  0]LogPackageLocalizationCache: Processed 9 localized package path(s) for 1 prioritized culture(s) in 0.937838 seconds
[2018.10.19-04.12.49:642][  0]LogUObjectArray: 36728 objects as part of root set at end of initial load.
[2018.10.19-04.12.49:642][  0]LogUObjectAllocator: 7314304 out of 0 bytes used by permanent object pool.
[2018.10.19-04.12.49:642][  0]LogUObjectArray: CloseDisregardForGC: 0/0 objects in disregard for GC pool
[2018.10.19-04.13.11:232][  0]LogTcpMessaging: Initializing TcpMessaging bridge
[2018.10.19-04.13.11:276][  0]LogUdpMessaging: Initializing bridge on interface 0.0.0.0:0 to multicast group 230.0.0.1:6666.
[2018.10.19-04.13.12:842][  0]LogUObjectGlobals: Created PersistentFrame Addr=0x00000150c33bbec0, Size=72, Default__FirstPerson_AnimBP_C Function /Game/FirstPerson/Animations/FirstPerson_AnimBP.FirstPerson_AnimBP_C:ExecuteUbergraph_FirstPerson_AnimBP
[2018.10.19-04.13.13:041][  0]LogUObjectGlobals: Destroyed PersistentFrame Addr=0x00000150c33bbec0, Size=72
[2018.10.19-04.13.13:041][  0]LogUObjectGlobals: Created PersistentFrame Addr=0x00000150c334a340, Size=72, Default__FirstPerson_AnimBP_C Function /Engine/Transient.REINST_FirstPerson_AnimBP_C_0:ExecuteUbergraph_FirstPerson_AnimBP
[2018.10.19-04.13.13:143][  0]LogUObjectGlobals: Created PersistentFrame Addr=0x00000150c32f2480, Size=72, Default__FirstPerson_AnimBP_C Function /Game/FirstPerson/Animations/FirstPerson_AnimBP.FirstPerson_AnimBP_C:ExecuteUbergraph_FirstPerson_AnimBP
[2018.10.19-04.13.14:398][  0]LogSkeletalMesh: Skeletal Mesh found in DDC [71.240639ms] /Game/FirstPerson/Character/Mesh/SK_Mannequin_Arms.SK_Mannequin_Arms
[2018.10.19-04.13.14:444][  0]LogSkeletalMesh: Skeletal Mesh found in DDC [0.612345ms] /Game/FirstPerson/FPWeapon/Mesh/SK_FPGun.SK_FPGun
[2018.10.19-04.13.15:193][  0]SourceControl: Source control is disabled
[2018.10.19-04.13.15:193][  0]SourceControl: Source control is disabled
[2018.10.19-04.13.15:293][  0]SourceControl: Source control is disabled
[2018.10.19-04.13.15:337][  0]SourceControl: Source control is disabled
[2018.10.19-04.13.17:280][  0]LogAndroidPermission: UAndroidPermissionCallbackProxy::GetInstance
[2018.10.19-04.13.17:509][  0]LogOcInput: OculusInput pre-init called
[2018.10.19-04.13.18:149][  0]LogEngine: Initializing Engine...
[2018.10.19-04.13.18:178][  0]LogHMD: Failed to initialize OpenVR with code 110
[2018.10.19-04.13.18:188][  0]LogStats: UGameplayTagsManager::ConstructGameplayTagTree: Construct from data asset -  0.000 s
[2018.10.19-04.13.18:200][  0]LogStats: UGameplayTagsManager::ConstructGameplayTagTree: GameplayTagTreeChangedEvent.Broadcast -  0.004 s
[2018.10.19-04.13.18:918][  0]LogAIModule: Creating AISystem for world Untitled
[2018.10.19-04.13.19:091][  0]LogInit: XAudio2 using '扬声器 (Realtek High Definition Audio)' : 2 channels at 48 kHz using 32 bits per sample (channel mask 0x3)
[2018.10.19-04.13.19:238][  0]LogInit: FAudioDevice initialized.
[2018.10.19-04.13.19:343][  0]LogDerivedDataCache: Saved boot cache 0.09s 76MB C:/Users/asus/AppData/Local/UnrealEngine/4.19/DerivedDataCache/Boot.ddc.
[2018.10.19-04.13.19:357][  0]LogInit: Texture streaming: Enabled
[2018.10.19-04.13.19:467][  0]LogEngineSessionManager: EngineSessionManager initialized
[2018.10.19-04.13.19:602][  0]LogInit: Transaction tracking system initialized
[2018.10.19-04.13.20:064][  0]BlueprintLog: New page: Editor Load
[2018.10.19-04.13.21:517][  0]LocalizationService: Localization service is disabled
[2018.10.19-04.13.22:459][  0]LogConsoleResponse: Display: 
[2018.10.19-04.13.24:513][  0]LogFileCache: Scanning file cache for directory 'I:/Assignment2/Content/' took 0.02s
[2018.10.19-04.13.24:513][  0]LogCook: Display: Max memory allowance for cook 16384mb min free memory 0mb
[2018.10.19-04.13.24:526][  0]LogCook: Display: Mobile HDR setting 1
[2018.10.19-04.13.24:526][  0]LogGameplayTags: Display: UGameplayTagsManager::DoneAddingNativeTags. DelegateIsBound: 0
[2018.10.19-04.13.24:526][  0]LogStats: UGameplayTagsManager::ConstructGameplayTagTree: Construct from data asset -  0.000 s
[2018.10.19-04.13.24:526][  0]LogStats: UGameplayTagsManager::ConstructGameplayTagTree: GameplayTagTreeChangedEvent.Broadcast -  0.000 s
[2018.10.19-04.13.29:245][  0]SourceControl: Source control is disabled
[2018.10.19-04.13.29:291][  0]Cmd: MAP LOAD FILE="I:/Assignment2/Content/Levels/MainLevel.umap" TEMPLATE=0 SHOWPROGRESS=1 FEATURELEVEL=3
[2018.10.19-04.13.29:322][  0]LightingResults: New page: Lighting Build
[2018.10.19-04.13.29:453][  0]MapCheck: New page: Map Check
[2018.10.19-04.13.29:453][  0]LightingResults: New page: Lighting Build
[2018.10.19-04.13.29:585][  0]LogUObjectGlobals: Destroyed PersistentFrame Addr=0x00000150c334a340, Size=72
[2018.10.19-04.13.29:717][  0]LogUObjectGlobals: Created PersistentFrame Addr=0x00000150c5c64c00, Size=232, Default__FusePack_C Function /Game/Blueprints/FusePack.FusePack_C:ExecuteUbergraph_FusePack
[2018.10.19-04.13.29:718][  0]LogUObjectGlobals: Destroyed PersistentFrame Addr=0x00000150c5c64c00, Size=232
[2018.10.19-04.13.29:719][  0]LogUObjectGlobals: Created PersistentFrame Addr=0x00000150c5c64c00, Size=232, Default__FusePack_C Function /Engine/Transient.REINST_FusePack_C_6:ExecuteUbergraph_FusePack
[2018.10.19-04.13.29:754][  0]LogUObjectGlobals: Created PersistentFrame Addr=0x00000150b323ea00, Size=232, Default__FusePack_C Function /Game/Blueprints/FusePack.FusePack_C:ExecuteUbergraph_FusePack
[2018.10.19-04.13.29:777][  0]LogUObjectGlobals: Created PersistentFrame Addr=0x00000150b323c200, Size=232, Default__KeyPack_C Function /Game/Blueprints/KeyPack.KeyPack_C:ExecuteUbergraph_KeyPack
[2018.10.19-04.13.29:780][  0]LogUObjectGlobals: Destroyed PersistentFrame Addr=0x00000150b323c200, Size=232
[2018.10.19-04.13.29:780][  0]LogUObjectGlobals: Created PersistentFrame Addr=0x00000150b323c200, Size=232, Default__KeyPack_C Function /Engine/Transient.REINST_KeyPack_C_8:ExecuteUbergraph_KeyPack
[2018.10.19-04.13.29:781][  0]LogUObjectGlobals: Created PersistentFrame Addr=0x00000150c33a6200, Size=232, Default__KeyPack_C Function /Game/Blueprints/KeyPack.KeyPack_C:ExecuteUbergraph_KeyPack
[2018.10.19-04.13.30:762][  0]LogUObjectGlobals: Created PersistentFrame Addr=0x00000150a97efc08, Size=8, Default__NoFuse_C Function /Game/Blueprints/NoFuse.NoFuse_C:ExecuteUbergraph_NoFuse
[2018.10.19-04.13.30:868][  0]LogUObjectGlobals: Destroyed PersistentFrame Addr=0x00000150a97efc08, Size=8
[2018.10.19-04.13.30:868][  0]LogUObjectGlobals: Created PersistentFrame Addr=0x00000150a97efc08, Size=8, Default__NoFuse_C Function /Engine/Transient.REINST_NoFuse_C_0:ExecuteUbergraph_NoFuse
[2018.10.19-04.13.30:878][  0]LogUObjectGlobals: Created PersistentFrame Addr=0x00000150a97efb28, Size=8, Default__NoFuse_C Function /Game/Blueprints/NoFuse.NoFuse_C:ExecuteUbergraph_NoFuse
[2018.10.19-04.13.30:897][  0]LogUObjectGlobals: Created PersistentFrame Addr=0x00000150a97ef9e8, Size=8, Default__NoKey_C Function /Game/Blueprints/NoKey.NoKey_C:ExecuteUbergraph_NoKey
[2018.10.19-04.13.30:900][  0]LogUObjectGlobals: Destroyed PersistentFrame Addr=0x00000150a97ef9e8, Size=8
[2018.10.19-04.13.30:900][  0]LogUObjectGlobals: Created PersistentFrame Addr=0x00000150a97ef9e8, Size=8, Default__NoKey_C Function /Engine/Transient.REINST_NoKey_C_1:ExecuteUbergraph_NoKey
[2018.10.19-04.13.30:902][  0]LogUObjectGlobals: Created PersistentFrame Addr=0x00000150a97ef908, Size=8, Default__NoKey_C Function /Game/Blueprints/NoKey.NoKey_C:ExecuteUbergraph_NoKey
[2018.10.19-04.13.30:909][  0]LogUObjectGlobals: Created PersistentFrame Addr=0x00000150c35ba020, Size=32, Default__PauseMenu_C Function /Game/Blueprints/PauseMenu.PauseMenu_C:ExecuteUbergraph_PauseMenu
[2018.10.19-04.13.30:927][  0]LogUObjectGlobals: Destroyed PersistentFrame Addr=0x00000150c35ba020, Size=32
[2018.10.19-04.13.30:927][  0]LogUObjectGlobals: Created PersistentFrame Addr=0x00000150c35ba020, Size=32, Default__PauseMenu_C Function /Engine/Transient.REINST_PauseMenu_C_2:ExecuteUbergraph_PauseMenu
[2018.10.19-04.13.30:929][  0]LogUObjectGlobals: Created PersistentFrame Addr=0x00000150c35b8c60, Size=32, Default__PauseMenu_C Function /Game/Blueprints/PauseMenu.PauseMenu_C:ExecuteUbergraph_PauseMenu
[2018.10.19-04.13.30:937][  0]LogUObjectGlobals: Created PersistentFrame Addr=0x00000150a9786f80, Size=128, Default__StatusScreen_C Function /Game/Blueprints/StatusScreen.StatusScreen_C:ExecuteUbergraph_StatusScreen
[2018.10.19-04.13.30:942][  0]LogUObjectGlobals: Destroyed PersistentFrame Addr=0x00000150a9786f80, Size=128
[2018.10.19-04.13.30:942][  0]LogUObjectGlobals: Created PersistentFrame Addr=0x00000150a9786f80, Size=128, Default__StatusScreen_C Function /Engine/Transient.REINST_StatusScreen_C_3:ExecuteUbergraph_StatusScreen
[2018.10.19-04.13.30:946][  0]LogUObjectGlobals: Created PersistentFrame Addr=0x00000150a9785e00, Size=128, Default__StatusScreen_C Function /Game/Blueprints/StatusScreen.StatusScreen_C:ExecuteUbergraph_StatusScreen
[2018.10.19-04.13.30:951][  0]LogUObjectGlobals: Created PersistentFrame Addr=0x00000150aa016f70, Size=16, Default__WinScreen_C Function /Game/Blueprints/WinScreen.WinScreen_C:ExecuteUbergraph_WinScreen
[2018.10.19-04.13.30:953][  0]LogUObjectGlobals: Destroyed PersistentFrame Addr=0x00000150aa016f70, Size=16
[2018.10.19-04.13.30:953][  0]LogUObjectGlobals: Created PersistentFrame Addr=0x00000150aa016f70, Size=16, Default__WinScreen_C Function /Engine/Transient.REINST_WinScreen_C_4:ExecuteUbergraph_WinScreen
[2018.10.19-04.13.30:954][  0]LogUObjectGlobals: Created PersistentFrame Addr=0x00000150aa016fe0, Size=16, Default__WinScreen_C Function /Game/Blueprints/WinScreen.WinScreen_C:ExecuteUbergraph_WinScreen
[2018.10.19-04.13.31:716][  0]LogUObjectGlobals: Created PersistentFrame Addr=0x00000150a9b8c600, Size=240, Default__MainLevel_C Function /Game/Levels/MainLevel.MainLevel_C:ExecuteUbergraph_MainLevel
[2018.10.19-04.13.31:730][  0]LogUObjectGlobals: Destroyed PersistentFrame Addr=0x00000150a9b8c600, Size=240
[2018.10.19-04.13.31:730][  0]LogUObjectGlobals: Created PersistentFrame Addr=0x00000150c89b7400, Size=240, Default__MainLevel_C Function /Engine/Transient.REINST_MainLevel_C_15:ExecuteUbergraph_MainLevel
[2018.10.19-04.13.31:748][  0]LogUObjectGlobals: Created PersistentFrame Addr=0x00000150c95bb900, Size=240, Default__MainLevel_C Function /Game/Levels/MainLevel.MainLevel_C:ExecuteUbergraph_MainLevel
[2018.10.19-04.13.33:373][  0]LogAIModule: Creating AISystem for world MainLevel
[2018.10.19-04.13.33:895][  0]LogEditorServer: Finished looking for orphan Actors (0.000 secs)
[2018.10.19-04.13.34:026][  0]LogUObjectGlobals: Destroyed PersistentFrame Addr=0x00000150b323c200, Size=232
[2018.10.19-04.13.34:026][  0]LogUObjectGlobals: Destroyed PersistentFrame Addr=0x00000150c5c64c00, Size=232
[2018.10.19-04.13.34:026][  0]LogUObjectGlobals: Destroyed PersistentFrame Addr=0x00000150a97efc08, Size=8
[2018.10.19-04.13.34:026][  0]LogUObjectGlobals: Destroyed PersistentFrame Addr=0x00000150a97ef9e8, Size=8
[2018.10.19-04.13.34:026][  0]LogUObjectGlobals: Destroyed PersistentFrame Addr=0x00000150c35ba020, Size=32
[2018.10.19-04.13.34:026][  0]LogUObjectGlobals: Destroyed PersistentFrame Addr=0x00000150a9786f80, Size=128
[2018.10.19-04.13.34:026][  0]LogUObjectGlobals: Destroyed PersistentFrame Addr=0x00000150aa016f70, Size=16
[2018.10.19-04.13.34:027][  0]LogUObjectGlobals: Destroyed PersistentFrame Addr=0x00000150c89b7400, Size=240
[2018.10.19-04.13.34:062][  0]Cmd: MAP CHECKDEP NOCLEARLOG
[2018.10.19-04.13.34:150][  0]MapCheck: Map check complete: 0 Error(s), 0 Warning(s), took 86.706ms to complete.
[2018.10.19-04.13.34:150][  0]LogFileHelpers: Loading map 'MainLevel' took 4.872
[2018.10.19-04.13.35:562][  0]LogCollectionManager: Loaded 0 collections in 0.002188 seconds
[2018.10.19-04.13.35:742][  0]LogFileCache: Scanning file cache for directory 'I:/Assignment2/Saved/Collections/' took 0.01s
[2018.10.19-04.13.35:742][  0]LogFileCache: Scanning file cache for directory 'I:/Assignment2/Content/Developers/asus/Collections/' took 0.01s
[2018.10.19-04.13.35:742][  0]LogFileCache: Scanning file cache for directory 'I:/Assignment2/Content/Collections/' took 0.01s
[2018.10.19-04.13.35:742][  0]LogCollectionManager: Rebuilt the GUID cache for 0 collections in 0.000000 seconds
[2018.10.19-04.13.35:766][  0]LogContentBrowser: Native class hierarchy populated in 0.0234 seconds. Added 2460 classes and 560 folders.
[2018.10.19-04.13.35:841][  0]LogContentBrowser: Native class hierarchy updated for 'WidgetCarousel' in 0.0005 seconds. Added 0 classes and 0 folders.
[2018.10.19-04.13.36:837][  0]LogContentBrowser: Native class hierarchy updated for 'AddContentDialog' in 0.0005 seconds. Added 0 classes and 0 folders.
[2018.10.19-04.13.36:898][  0]LogContentBrowser: Native class hierarchy updated for 'SceneOutliner' in 0.0005 seconds. Added 1 classes and 2 folders.
[2018.10.19-04.13.37:507][  0]LogContentBrowser: Native class hierarchy updated for 'HierarchicalLODOutliner' in 0.0006 seconds. Added 0 classes and 0 folders.
[2018.10.19-04.13.37:507][  0]LogLoad: (Engine Initialization) Total time: 112.71 seconds
[2018.10.19-04.13.37:507][  0]LogLoad: (Engine Initialization) Total Blueprint compile time: 0.00 seconds
[2018.10.19-04.13.37:973][  0]LogContentStreaming: Texture pool size now 1000 MB
[2018.10.19-04.13.38:075][  0]LogSlate: Took 0.008557 seconds to synchronously load lazily loaded font '../../../Engine/Content/Slate/Fonts/Roboto-Regular.ttf' (155K)
[2018.10.19-04.13.38:103][  0]LogSlate: Took 0.025840 seconds to synchronously load lazily loaded font '../../../Engine/Content/Slate/Fonts/Roboto-Bold.ttf' (160K)
[2018.10.19-04.13.38:128][  0]LogSlate: Took 0.010359 seconds to synchronously load lazily loaded font '../../../Engine/Content/Editor/Slate/Fonts/FontAwesome.ttf' (139K)
[2018.10.19-04.13.38:604][  0]LogRenderer: Reallocating scene render targets to support 788x512 Format 10 NumSamples 1 (Frame:1).
[2018.10.19-04.13.38:605][  0]LogSlate: Took 0.078214 seconds to synchronously load lazily loaded font '../../../Engine/Content/Slate/Fonts/Roboto-Light.ttf' (167K)
[2018.10.19-04.13.39:032][  1]LogAssetRegistry: Asset discovery search completed in 75.7363 seconds
[2018.10.19-04.13.39:033][  1]LogCollectionManager: Rebuilt the object cache for 0 collections in 0.000000 seconds (found 0 objects)
[2018.10.19-04.13.39:033][  1]LogCollectionManager: Fixed up redirectors for 0 collections in 0.000045 seconds (updated 0 objects)
[2018.10.19-04.13.39:272][  2]LogSlate: Took 0.000178 seconds to synchronously load lazily loaded font '../../../Engine/Content/Slate/Fonts/Roboto-Light.ttf' (167K)
[2018.10.19-04.15.24:463][664]LogSlate: FSceneViewport::OnFocusLost() reason 2
[2018.10.19-04.15.27:866][853]LogSlate: FSceneViewport::OnFocusLost() reason 0
[2018.10.19-04.15.29:131][927]LogTemp: Repeating last play command: New Editor Window (PIE)
[2018.10.19-04.15.29:705][927]LogBlueprintUserMessages: Early PlayInEditor Detection: Level '/Game/Levels/MainLevel.MainLevel:PersistentLevel' has LevelScriptBlueprint '/Game/Levels/MainLevel.MainLevel:PersistentLevel.MainLevel' with GeneratedClass '/Game/Levels/MainLevel.MainLevel_C' with ClassGeneratedBy '/Game/Levels/MainLevel.MainLevel:PersistentLevel.MainLevel'
[2018.10.19-04.15.29:705][927]LogPlayLevel: PlayLevel: No blueprints needed recompiling
[2018.10.19-04.15.29:750][927]PIE: New page: PIE session: MainLevel (Oct 20, 2018, 2:15:29 AM)
[2018.10.19-04.15.29:751][927]LogPlayLevel: Creating play world package: /Game/Levels/UEDPIE_1_MainLevel
[2018.10.19-04.15.29:811][927]LogPlayLevel: PIE: StaticDuplicateObject took: (0.060092s)
[2018.10.19-04.15.29:812][927]LogAIModule: Creating AISystem for world MainLevel
[2018.10.19-04.15.29:812][927]LogPlayLevel: PIE: World Init took: (0.000697s)
[2018.10.19-04.15.29:812][927]LogPlayLevel: PIE: Created PIE world by copying editor world from /Game/Levels/MainLevel.MainLevel to /Game/Levels/UEDPIE_1_MainLevel.MainLevel (0.061021s)
[2018.10.19-04.15.29:836][927]LogInit: XAudio2 using '扬声器 (Realtek High Definition Audio)' : 2 channels at 48 kHz using 32 bits per sample (channel mask 0x3)
[2018.10.19-04.15.29:843][927]LogInit: FAudioDevice initialized.
[2018.10.19-04.15.30:001][927]LogLoad: Game class is 'Assignment2GameMode'
[2018.10.19-04.15.30:030][927]LogWorld: Bringing World /Game/Levels/UEDPIE_1_MainLevel.MainLevel up for play (max tick rate 60) at 2018.10.19-15.15.30
[2018.10.19-04.15.30:105][927]LogWorld: Bringing up level for play took: 0.081631
[2018.10.19-04.15.30:181][927]LogContentBrowser: Native class hierarchy updated for 'MovieSceneCapture' in 0.0006 seconds. Added 11 classes and 0 folders.
[2018.10.19-04.15.30:232][927]LogTemp: Display: ParseSettings for GameNetDriver
[2018.10.19-04.15.30:232][927]LogTemp: Display: ParseSettings for IpNetDriver_0
[2018.10.19-04.15.30:232][927]LogTemp: Display: ParseSettings for GameNetDriver
[2018.10.19-04.15.30:232][927]LogInit: WinSock: Socket queue 131072 / 131072
[2018.10.19-04.15.30:238][927]PacketHandlerLog: Loaded PacketHandler component: Engine.EngineHandlerComponentFactory (StatelessConnectHandlerComponent)
[2018.10.19-04.15.30:249][927]LogNet: GameNetDriver IpNetDriver_0 IpNetDriver listening on port 17777
[2018.10.19-04.15.30:326][927]PIE: Play in editor start time for /Game/Levels/UEDPIE_1_MainLevel 0.929
[2018.10.19-04.15.30:340][927]PIE: New page: PIE session: MainLevel (Oct 20, 2018, 2:15:30 AM)
[2018.10.19-04.15.30:351][927]LogSlate: FSceneViewport::OnFocusLost() reason 2
[2018.10.19-04.15.30:446][927]LogNet: Browse: 127.0.0.1:17777//Game/Levels/MainLevel
[2018.10.19-04.15.30:446][927]LogTemp: Display: ParseSettings for GameNetDriver
[2018.10.19-04.15.30:446][927]LogTemp: Display: ParseSettings for IpNetDriver_1
[2018.10.19-04.15.30:446][927]LogTemp: Display: ParseSettings for PendingNetDriver
[2018.10.19-04.15.30:446][927]LogInit: WinSock: Socket queue 32768 / 32768
[2018.10.19-04.15.30:447][927]PacketHandlerLog: Loaded PacketHandler component: Engine.EngineHandlerComponentFactory (StatelessConnectHandlerComponent)
[2018.10.19-04.15.30:474][927]LogNet: Game client on port 17777, rate 10000
[2018.10.19-04.15.30:478][927]PIE: Play in editor start time for /Game/Levels/MainLevel 1.08
[2018.10.19-04.15.30:493][927]LogBlueprintUserMessages: Late PlayInEditor Detection: Level '/Game/Levels/MainLevel.MainLevel:PersistentLevel' has LevelScriptBlueprint '/Game/Levels/MainLevel.MainLevel:PersistentLevel.MainLevel' with GeneratedClass '/Game/Levels/MainLevel.MainLevel_C' with ClassGeneratedBy '/Game/Levels/MainLevel.MainLevel:PersistentLevel.MainLevel'
[2018.10.19-04.15.30:505][927]LogNet: NotifyAcceptingConnection accepted from: 127.0.0.1:60354
[2018.10.19-04.15.30:514][927]LogHandshake: SendConnectChallenge. Timestamp: 0.016667, Cookie: 066059015090217031041118183040133226010202095121138230090087
[2018.10.19-04.15.30:639][927]LogHandshake: SendChallengeResponse. Timestamp: 0.016667, Cookie: 066059015090217031041118183040133226010202095121138230090087
[2018.10.19-04.15.30:698][927]LogRenderer: Reallocating scene render targets to support 788x720 Format 10 NumSamples 1 (Frame:1).
[2018.10.19-04.15.30:804][928]LogNet: NotifyAcceptingConnection accepted from: 127.0.0.1:60354
[2018.10.19-04.15.30:804][928]LogHandshake: SendChallengeAck. InCookie: 066059015090217031041118183040133226010202095121138230090087
[2018.10.19-04.15.30:804][928]LogNet: Server accepting post-challenge connection from: 127.0.0.1:60354
[2018.10.19-04.15.30:804][928]PacketHandlerLog: Loaded PacketHandler component: Engine.EngineHandlerComponentFactory (StatelessConnectHandlerComponent)
[2018.10.19-04.15.30:804][928]LogNet: NotifyAcceptedConnection: Name: MainLevel, TimeStamp: 10/19/18 15:15:30, [UNetConnection] RemoteAddr: 127.0.0.1:60354, Name: IpConnection_1, Driver: GameNetDriver IpNetDriver_0, IsServer: YES, PC: NULL, Owner: NULL, UniqueId: INVALID
[2018.10.19-04.15.30:804][928]LogNet: AddClientConnection: Added client connection: [UNetConnection] RemoteAddr: 127.0.0.1:60354, Name: IpConnection_1, Driver: GameNetDriver IpNetDriver_0, IsServer: YES, PC: NULL, Owner: NULL, UniqueId: INVALID
[2018.10.19-04.15.30:832][928]LogNetVersion: Assignment2 1.0.0.0, NetCL: 3944462, EngineNetVer: 2, GameNetVer: 0 (Checksum: 416247383)
[2018.10.19-04.15.30:841][928]LogNet: UPendingNetGame::SendInitialJoin: Sending hello. [UNetConnection] RemoteAddr: 127.0.0.1:17777, Name: IpConnection_0, Driver: PendingNetDriver IpNetDriver_1, IsServer: NO, PC: NULL, Owner: NULL, UniqueId: INVALID
[2018.10.19-04.15.30:864][929]LogNet: NotifyAcceptingChannel Control 0 server World /Game/Levels/UEDPIE_1_MainLevel.MainLevel: Accepted
[2018.10.19-04.15.30:875][929]LogNet: Remote platform little endian=1
[2018.10.19-04.15.30:875][929]LogNet: This platform little endian=1
[2018.10.19-04.15.30:884][930]LogNet: Login request: /Game/Levels/MainLevel userId: Invalid
[2018.10.19-04.15.30:885][930]LogNet: Welcomed by server (Level: /Game/Levels/UEDPIE_1_MainLevel, Game: /Script/Assignment2.Assignment2GameMode)
[2018.10.19-04.15.30:907][930]LogLoad: LoadMap: 127.0.0.1:17777//Game/Levels/UEDPIE_1_MainLevel?game=/Script/Assignment2.Assignment2GameMode
[2018.10.19-04.15.30:956][930]LogAIModule: Creating AISystem for world MainLevel
[2018.10.19-04.15.30:956][930]LogTemp: Display: ParseSettings for GameNetDriver
[2018.10.19-04.15.30:977][930]LogWorld: Bringing World /Game/Levels/UEDPIE_2_MainLevel.MainLevel up for play (max tick rate 60) at 2018.10.19-15.15.30
[2018.10.19-04.15.30:978][930]LogWorld: Bringing up level for play took: 0.006161
[2018.10.19-04.15.30:978][930]LogLoad: Took 0.070529 seconds to LoadMap(/Game/Levels/UEDPIE_1_MainLevel)
[2018.10.19-04.15.31:007][931]LogNet: Client netspeed is 10000
[2018.10.19-04.15.31:007][931]LogNet: Join request: /Game/Levels/MainLevel?SplitscreenCount=1
[2018.10.19-04.15.31:038][931]LogNet: Join succeeded: 257
