Log file open, 10/19/18 21:42:19
LogWindows: Failed to load 'aqProf.dll' (GetLastError=126)
LogWindows: File 'aqProf.dll' does not exist
LogWindows: Failed to load 'VtuneApi.dll' (GetLastError=126)
LogWindows: File 'VtuneApi.dll' does not exist
LogWindows: Failed to load 'VtuneApi32e.dll' (GetLastError=126)
LogWindows: File 'VtuneApi32e.dll' does not exist
LogInit: Display: Running engine for game: Assignment2
LogPlatformFile: Not using cached read wrapper
LogInit: Display: RandInit(-1870100303) SRandInit(-1870100303).
LogInit: Read version file with build ID '3944462'
LogInit: Overriding engine version to CL 4033788, compatible CL 3944462
LogInit: Registered custom module enumerator with build ID '3944462'
LogTaskGraph: Started task graph with 5 named threads and 23 total threads with 3 sets of task threads.
LogStats: Stats thread started at 0.272938
LogD3D11RHI: Aftermath initialized
LogICUInternationalization: Display: ICU TimeZone Detection - Raw Offset: +10:00, Platform Override: ''
LogPluginManager: Mounting plugin Paper2D
LogPluginManager: Mounting plugin LiveLink
LogPluginManager: Mounting plugin LightPropagationVolume
LogPluginManager: Mounting plugin CLionSourceCodeAccess
LogPluginManager: Mounting plugin CodeLiteSourceCodeAccess
LogPluginManager: Mounting plugin GitSourceControl
LogPluginManager: Mounting plugin KDevelopSourceCodeAccess
LogPluginManager: Mounting plugin NullSourceCodeAccess
LogPluginManager: Mounting plugin PerforceSourceControl
LogPluginManager: Mounting plugin SubversionSourceControl
LogPluginManager: Mounting plugin UObjectPlugin
LogPluginManager: Mounting plugin VisualStudioCodeSourceCodeAccess
LogPluginManager: Mounting plugin VisualStudioSourceCodeAccess
LogPluginManager: Mounting plugin XCodeSourceCodeAccess
LogPluginManager: Mounting plugin AssetManagerEditor
LogPluginManager: Mounting plugin CryptoKeys
LogPluginManager: Mounting plugin DataValidation
LogPluginManager: Mounting plugin FacialAnimation
LogPluginManager: Mounting plugin GameplayTagsEditor
LogPluginManager: Mounting plugin MobileLauncherProfileWizard
LogPluginManager: Mounting plugin PluginBrowser
LogPluginManager: Mounting plugin SpeedTreeImporter
LogPluginManager: Mounting plugin DatasmithContent
LogPluginManager: Mounting plugin AlembicImporter
LogPluginManager: Mounting plugin CharacterAI
LogPluginManager: Mounting plugin HTML5Networking
LogPluginManager: Mounting plugin AndroidMedia
LogPluginManager: Mounting plugin AvfMedia
LogPluginManager: Mounting plugin ImgMedia
LogPluginManager: Mounting plugin LinearTimecode
LogPluginManager: Mounting plugin MediaCompositing
LogPluginManager: Mounting plugin MediaPlayerEditor
LogPluginManager: Mounting plugin WmfMedia
LogPluginManager: Mounting plugin TcpMessaging
LogPluginManager: Mounting plugin UdpMessaging
LogPluginManager: Mounting plugin ActorSequence
LogPluginManager: Mounting plugin LevelSequenceEditor
LogPluginManager: Mounting plugin MatineeToLevelSequence
LogPluginManager: Mounting plugin NetcodeUnitTest
LogPluginManager: Mounting plugin NUTUnrealEngine4
LogPluginManager: Mounting plugin OnlineSubsystemGooglePlay
LogPluginManager: Mounting plugin OnlineSubsystemIOS
LogPluginManager: Mounting plugin OnlineSubsystem
LogPluginManager: Mounting plugin OnlineSubsystemNull
LogPluginManager: Mounting plugin OnlineSubsystemUtils
LogPluginManager: Mounting plugin AndroidDeviceProfileSelector
LogPluginManager: Mounting plugin AndroidMoviePlayer
LogPluginManager: Mounting plugin AndroidPermission
LogPluginManager: Mounting plugin AppleARKit
LogPluginManager: Mounting plugin AppleMoviePlayer
LogPluginManager: Mounting plugin ArchVisCharacter
LogPluginManager: Mounting plugin AudioCapture
LogPluginManager: Mounting plugin CableComponent
LogPluginManager: Mounting plugin CustomMeshComponent
LogPluginManager: Mounting plugin ExampleDeviceProfileSelector
LogPluginManager: Mounting plugin GoogleCloudMessaging
LogPluginManager: Mounting plugin ImmediatePhysics
LogPluginManager: Mounting plugin IOSDeviceProfileSelector
LogPluginManager: Mounting plugin LinuxDeviceProfileSelector
LogPluginManager: Mounting plugin LocationServicesBPLibrary
LogPluginManager: Mounting plugin MobilePatchingUtils
LogPluginManager: Mounting plugin OculusVR
LogPluginManager: Plugin shader directory ../../../Engine/Plugins/Runtime/Oculus/OculusVR/Shaders found
LogPluginManager: Mapping shader source directory ../../../Engine/Plugins/Runtime/Oculus/OculusVR/Shaders to virtual directory /Plugin/OculusVR
LogPluginManager: Mounting plugin PhysXVehicles
LogPluginManager: Mounting plugin ProceduralMeshComponent
LogPluginManager: Mounting plugin RuntimePhysXCooking
LogPluginManager: Mounting plugin SteamVR
LogPluginManager: Mounting plugin WindowsMoviePlayer
LogStreaming: Display: Took  0.110s to configure plugins.
LogModuleManager: Display: Found up-to-date module file ../../../../../Github/FIT2097_Assignment2/Assignment2/Binaries/Win64/UE4Editor-Assignment2-8926.dll (API version 3944462).
LogModuleManager: Display: Found up-to-date module file ../../../Engine/Plugins/2D/Paper2D/Binaries/Win64/UE4Editor-Paper2D.dll (API version 3944462).
LogModuleManager: Display: Found up-to-date module file ../../../Engine/Plugins/2D/Paper2D/Binaries/Win64/UE4Editor-Paper2DEditor.dll (API version 3944462).
LogModuleManager: Display: Found up-to-date module file ../../../Engine/Plugins/2D/Paper2D/Binaries/Win64/UE4Editor-PaperSpriteSheetImporter.dll (API version 3944462).
LogModuleManager: Display: Found up-to-date module file ../../../Engine/Plugins/2D/Paper2D/Binaries/Win64/UE4Editor-PaperTiledImporter.dll (API version 3944462).
LogModuleManager: Display: Found up-to-date module file ../../../Engine/Plugins/2D/Paper2D/Binaries/Win64/UE4Editor-SmartSnapping.dll (API version 3944462).
LogModuleManager: Display: Found up-to-date module file ../../../Engine/Plugins/Animation/LiveLink/Binaries/Win64/UE4Editor-LiveLink.dll (API version 3944462).
LogModuleManager: Display: Found up-to-date module file ../../../Engine/Plugins/Animation/LiveLink/Binaries/Win64/UE4Editor-LiveLinkEditor.dll (API version 3944462).
LogModuleManager: Display: Found up-to-date module file ../../../Engine/Plugins/Blendables/LightPropagationVolume/Binaries/Win64/UE4Editor-LightPropagationVolumeRuntime.dll (API version 3944462).
LogModuleManager: Display: Found up-to-date module file ../../../Engine/Plugins/Blendables/LightPropagationVolume/Binaries/Win64/UE4Editor-LightPropagationVolumeEditor.dll (API version 3944462).
LogModuleManager: Display: Found up-to-date module file ../../../Engine/Plugins/Developer/CLionSourceCodeAccess/Binaries/Win64/UE4Editor-CLionSourceCodeAccess.dll (API version 3944462).
LogModuleManager: Display: Found up-to-date module file ../../../Engine/Plugins/Developer/GitSourceControl/Binaries/Win64/UE4Editor-GitSourceControl.dll (API version 3944462).
LogModuleManager: Display: Found up-to-date module file ../../../Engine/Plugins/Developer/PerforceSourceControl/Binaries/Win64/UE4Editor-PerforceSourceControl.dll (API version 3944462).
LogModuleManager: Display: Found up-to-date module file ../../../Engine/Plugins/Developer/SubversionSourceControl/Binaries/Win64/UE4Editor-SubversionSourceControl.dll (API version 3944462).
LogModuleManager: Display: Found up-to-date module file ../../../Engine/Plugins/Developer/UObjectPlugin/Binaries/Win64/UE4Editor-UObjectPlugin.dll (API version 3944462).
LogModuleManager: Display: Found up-to-date module file ../../../Engine/Plugins/Developer/VisualStudioCodeSourceCodeAccess/Binaries/Win64/UE4Editor-VisualStudioCodeSourceCodeAccess.dll (API version 3944462).
LogModuleManager: Display: Found up-to-date module file ../../../Engine/Plugins/Developer/VisualStudioSourceCodeAccess/Binaries/Win64/UE4Editor-VisualStudioSourceCodeAccess.dll (API version 3944462).
LogModuleManager: Display: Found up-to-date module file ../../../Engine/Plugins/Editor/AssetManagerEditor/Binaries/Win64/UE4Editor-AssetManagerEditor.dll (API version 3944462).
LogModuleManager: Display: Found up-to-date module file ../../../Engine/Plugins/Editor/CryptoKeys/Binaries/Win64/UE4Editor-CryptoKeys.dll (API version 3944462).
LogModuleManager: Display: Found up-to-date module file ../../../Engine/Plugins/Editor/CryptoKeys/Binaries/Win64/UE4Editor-CryptoKeysOpenSSL.dll (API version 3944462).
LogModuleManager: Display: Found up-to-date module file ../../../Engine/Plugins/Editor/DataValidation/Binaries/Win64/UE4Editor-DataValidation.dll (API version 3944462).
LogModuleManager: Display: Found up-to-date module file ../../../Engine/Plugins/Editor/FacialAnimation/Binaries/Win64/UE4Editor-FacialAnimation.dll (API version 3944462).
LogModuleManager: Display: Found up-to-date module file ../../../Engine/Plugins/Editor/FacialAnimation/Binaries/Win64/UE4Editor-FacialAnimationEditor.dll (API version 3944462).
LogModuleManager: Display: Found up-to-date module file ../../../Engine/Plugins/Editor/GameplayTagsEditor/Binaries/Win64/UE4Editor-GameplayTagsEditor.dll (API version 3944462).
LogModuleManager: Display: Found up-to-date module file ../../../Engine/Plugins/Editor/MobileLauncherProfileWizard/Binaries/Win64/UE4Editor-MobileLauncherProfileWizard.dll (API version 3944462).
LogModuleManager: Display: Found up-to-date module file ../../../Engine/Plugins/Editor/PluginBrowser/Binaries/Win64/UE4Editor-PluginBrowser.dll (API version 3944462).
LogModuleManager: Display: Found up-to-date module file ../../../Engine/Plugins/Editor/SpeedTreeImporter/Binaries/Win64/UE4Editor-SpeedTreeImporter.dll (API version 3944462).
LogModuleManager: Display: Found up-to-date module file ../../../Engine/Plugins/Enterprise/DatasmithContent/Binaries/Win64/UE4Editor-DatasmithContent.dll (API version 3944462).
LogModuleManager: Display: Found up-to-date module file ../../../Engine/Plugins/Experimental/AlembicImporter/Binaries/Win64/UE4Editor-AlembicImporter.dll (API version 3944462).
LogModuleManager: Display: Found up-to-date module file ../../../Engine/Plugins/Experimental/AlembicImporter/Binaries/Win64/UE4Editor-AlembicLibrary.dll (API version 3944462).
LogModuleManager: Display: Found up-to-date module file ../../../Engine/Plugins/Experimental/CharacterAI/Binaries/Win64/UE4Editor-CharacterAI.dll (API version 3944462).
LogModuleManager: Display: Found up-to-date module file ../../../Engine/Plugins/Experimental/HTML5Networking/Binaries/Win64/UE4Editor-HTML5Networking.dll (API version 3944462).
LogModuleManager: Display: Found up-to-date module file ../../../Engine/Plugins/Media/AndroidMedia/Binaries/Win64/UE4Editor-AndroidMediaEditor.dll (API version 3944462).
LogModuleManager: Display: Found up-to-date module file ../../../Engine/Plugins/Media/AndroidMedia/Binaries/Win64/UE4Editor-AndroidMediaFactory.dll (API version 3944462).
LogModuleManager: Display: Found up-to-date module file ../../../Engine/Plugins/Media/AvfMedia/Binaries/Win64/UE4Editor-AvfMediaEditor.dll (API version 3944462).
LogModuleManager: Display: Found up-to-date module file ../../../Engine/Plugins/Media/AvfMedia/Binaries/Win64/UE4Editor-AvfMediaFactory.dll (API version 3944462).
LogModuleManager: Display: Found up-to-date module file ../../../Engine/Plugins/Media/AvfMedia/Binaries/Win64/UE4Editor-AvfMediaFactory.dll (API version 3944462).
LogModuleManager: Display: Found up-to-date module file ../../../Engine/Plugins/Media/ImgMedia/Binaries/Win64/UE4Editor-ImgMedia.dll (API version 3944462).
LogModuleManager: Display: Found up-to-date module file ../../../Engine/Plugins/Media/ImgMedia/Binaries/Win64/UE4Editor-ImgMediaEditor.dll (API version 3944462).
LogModuleManager: Display: Found up-to-date module file ../../../Engine/Plugins/Media/ImgMedia/Binaries/Win64/UE4Editor-ImgMediaFactory.dll (API version 3944462).
LogModuleManager: Display: Found up-to-date module file ../../../Engine/Plugins/Media/ImgMedia/Binaries/Win64/UE4Editor-ImgMediaFactory.dll (API version 3944462).
LogModuleManager: Display: Found up-to-date module file ../../../Engine/Plugins/Media/ImgMedia/Binaries/Win64/UE4Editor-OpenExrWrapper.dll (API version 3944462).
LogModuleManager: Display: Found up-to-date module file ../../../Engine/Plugins/Media/LinearTimecode/Binaries/Win64/UE4Editor-LinearTimecode.dll (API version 3944462).
LogModuleManager: Display: Found up-to-date module file ../../../Engine/Plugins/Media/MediaCompositing/Binaries/Win64/UE4Editor-MediaCompositing.dll (API version 3944462).
LogModuleManager: Display: Found up-to-date module file ../../../Engine/Plugins/Media/MediaCompositing/Binaries/Win64/UE4Editor-MediaCompositingEditor.dll (API version 3944462).
LogModuleManager: Display: Found up-to-date module file ../../../Engine/Plugins/Media/MediaPlayerEditor/Binaries/Win64/UE4Editor-MediaPlayerEditor.dll (API version 3944462).
LogModuleManager: Display: Found up-to-date module file ../../../Engine/Plugins/Media/WmfMedia/Binaries/Win64/UE4Editor-WmfMedia.dll (API version 3944462).
LogModuleManager: Display: Found up-to-date module file ../../../Engine/Plugins/Media/WmfMedia/Binaries/Win64/UE4Editor-WmfMediaEditor.dll (API version 3944462).
LogModuleManager: Display: Found up-to-date module file ../../../Engine/Plugins/Media/WmfMedia/Binaries/Win64/UE4Editor-WmfMediaFactory.dll (API version 3944462).
LogModuleManager: Display: Found up-to-date module file ../../../Engine/Plugins/Media/WmfMedia/Binaries/Win64/UE4Editor-WmfMediaFactory.dll (API version 3944462).
LogModuleManager: Display: Found up-to-date module file ../../../Engine/Plugins/Messaging/TcpMessaging/Binaries/Win64/UE4Editor-TcpMessaging.dll (API version 3944462).
LogModuleManager: Display: Found up-to-date module file ../../../Engine/Plugins/Messaging/UdpMessaging/Binaries/Win64/UE4Editor-UdpMessaging.dll (API version 3944462).
LogModuleManager: Display: Found up-to-date module file ../../../Engine/Plugins/MovieScene/ActorSequence/Binaries/Win64/UE4Editor-ActorSequence.dll (API version 3944462).
LogModuleManager: Display: Found up-to-date module file ../../../Engine/Plugins/MovieScene/LevelSequenceEditor/Binaries/Win64/UE4Editor-LevelSequenceEditor.dll (API version 3944462).
LogModuleManager: Display: Found up-to-date module file ../../../Engine/Plugins/MovieScene/MatineeToLevelSequence/Binaries/Win64/UE4Editor-MatineeToLevelSequence.dll (API version 3944462).
LogModuleManager: Display: Found up-to-date module file ../../../Engine/Plugins/NetcodeUnitTest/NetcodeUnitTest/Binaries/Win64/UE4Editor-NetcodeUnitTest.dll (API version 3944462).
LogModuleManager: Display: Found up-to-date module file ../../../Engine/Plugins/NetcodeUnitTest/NUTUnrealEngine4/Binaries/Win64/UE4Editor-NUTUnrealEngine4.dll (API version 3944462).
LogModuleManager: Display: Found up-to-date module file ../../../Engine/Plugins/Online/OnlineSubsystem/Binaries/Win64/UE4Editor-OnlineSubsystem.dll (API version 3944462).
LogModuleManager: Display: Found up-to-date module file ../../../Engine/Plugins/Online/OnlineSubsystemNull/Binaries/Win64/UE4Editor-OnlineSubsystemNull.dll (API version 3944462).
LogModuleManager: Display: Found up-to-date module file ../../../Engine/Plugins/Online/OnlineSubsystemUtils/Binaries/Win64/UE4Editor-OnlineSubsystemUtils.dll (API version 3944462).
LogModuleManager: Display: Found up-to-date module file ../../../Engine/Plugins/Online/OnlineSubsystemUtils/Binaries/Win64/UE4Editor-OnlineBlueprintSupport.dll (API version 3944462).
LogModuleManager: Display: Found up-to-date module file ../../../Engine/Plugins/Runtime/AndroidDeviceProfileSelector/Binaries/Win64/UE4Editor-AndroidDeviceProfileSelector.dll (API version 3944462).
LogModuleManager: Display: Found up-to-date module file ../../../Engine/Plugins/Runtime/AndroidPermission/Binaries/Win64/UE4Editor-AndroidPermission.dll (API version 3944462).
LogModuleManager: Display: Found up-to-date module file ../../../Engine/Plugins/Runtime/AppleARKit/Binaries/Win64/UE4Editor-AppleARKit.dll (API version 3944462).
LogModuleManager: Display: Found up-to-date module file ../../../Engine/Plugins/Runtime/ArchVisCharacter/Binaries/Win64/UE4Editor-ArchVisCharacter.dll (API version 3944462).
LogModuleManager: Display: Found up-to-date module file ../../../Engine/Plugins/Runtime/AudioCapture/Binaries/Win64/UE4Editor-AudioCapture.dll (API version 3944462).
LogModuleManager: Display: Found up-to-date module file ../../../Engine/Plugins/Runtime/AudioCapture/Binaries/Win64/UE4Editor-AudioCaptureEditor.dll (API version 3944462).
LogModuleManager: Display: Found up-to-date module file ../../../Engine/Plugins/Runtime/CableComponent/Binaries/Win64/UE4Editor-CableComponent.dll (API version 3944462).
LogModuleManager: Display: Found up-to-date module file ../../../Engine/Plugins/Runtime/CustomMeshComponent/Binaries/Win64/UE4Editor-CustomMeshComponent.dll (API version 3944462).
LogModuleManager: Display: Found up-to-date module file ../../../Engine/Plugins/Runtime/ExampleDeviceProfileSelector/Binaries/Win64/UE4Editor-ExampleDeviceProfileSelector.dll (API version 3944462).
LogModuleManager: Display: Found up-to-date module file ../../../Engine/Plugins/Runtime/ImmediatePhysics/Binaries/Win64/UE4Editor-ImmediatePhysics.dll (API version 3944462).
LogModuleManager: Display: Found up-to-date module file ../../../Engine/Plugins/Runtime/ImmediatePhysics/Binaries/Win64/UE4Editor-ImmediatePhysicsEditor.dll (API version 3944462).
LogModuleManager: Display: Found up-to-date module file ../../../Engine/Plugins/Runtime/LocationServicesBPLibrary/Binaries/Win64/UE4Editor-LocationServicesBPLibrary.dll (API version 3944462).
LogModuleManager: Display: Found up-to-date module file ../../../Engine/Plugins/Runtime/MobilePatchingUtils/Binaries/Win64/UE4Editor-MobilePatchingUtils.dll (API version 3944462).
LogModuleManager: Display: Found up-to-date module file ../../../Engine/Plugins/Runtime/Oculus/OculusVR/Binaries/Win64/UE4Editor-OculusHMD.dll (API version 3944462).
LogModuleManager: Display: Found up-to-date module file ../../../Engine/Plugins/Runtime/Oculus/OculusVR/Binaries/Win64/UE4Editor-OculusInput.dll (API version 3944462).
LogModuleManager: Display: Found up-to-date module file ../../../Engine/Plugins/Runtime/Oculus/OculusVR/Binaries/Win64/UE4Editor-OculusEditor.dll (API version 3944462).
LogModuleManager: Display: Found up-to-date module file ../../../Engine/Plugins/Runtime/PhysXVehicles/Binaries/Win64/UE4Editor-PhysXVehicles.dll (API version 3944462).
LogModuleManager: Display: Found up-to-date module file ../../../Engine/Plugins/Runtime/PhysXVehicles/Binaries/Win64/UE4Editor-PhysXVehiclesEditor.dll (API version 3944462).
LogModuleManager: Display: Found up-to-date module file ../../../Engine/Plugins/Runtime/ProceduralMeshComponent/Binaries/Win64/UE4Editor-ProceduralMeshComponent.dll (API version 3944462).
LogModuleManager: Display: Found up-to-date module file ../../../Engine/Plugins/Runtime/ProceduralMeshComponent/Binaries/Win64/UE4Editor-ProceduralMeshComponentEditor.dll (API version 3944462).
LogModuleManager: Display: Found up-to-date module file ../../../Engine/Plugins/Runtime/RuntimePhysXCooking/Binaries/Win64/UE4Editor-RuntimePhysXCooking.dll (API version 3944462).
LogModuleManager: Display: Found up-to-date module file ../../../Engine/Plugins/Runtime/Steam/SteamVR/Binaries/Win64/UE4Editor-SteamVR.dll (API version 3944462).
LogModuleManager: Display: Found up-to-date module file ../../../Engine/Plugins/Runtime/Steam/SteamVR/Binaries/Win64/UE4Editor-SteamVRController.dll (API version 3944462).
LogModuleManager: Display: Found up-to-date module file ../../../Engine/Plugins/Runtime/WindowsMoviePlayer/Binaries/Win64/UE4Editor-WindowsMoviePlayer.dll (API version 3944462).
LogInit: Using libcurl 7.47.1
LogInit:  - built for x86_64-pc-win32
LogInit:  - supports SSL with OpenSSL/1.0.2g
LogInit:  - supports HTTP deflate (compression) using libz 1.2.8
LogInit:  - other features:
LogInit:      CURL_VERSION_SSL
LogInit:      CURL_VERSION_LIBZ
LogInit:      CURL_VERSION_IPV6
LogInit:      CURL_VERSION_ASYNCHDNS
LogInit:      CURL_VERSION_LARGEFILE
LogInit:      CURL_VERSION_IDN
LogInit:  CurlRequestOptions (configurable via config and command line):
LogInit:  - bVerifyPeer = false  - Libcurl will NOT verify peer certificate
LogInit:  - bUseHttpProxy = false  - Libcurl will NOT use HTTP proxy
LogInit:  - bDontReuseConnections = false  - Libcurl will reuse connections
LogInit:  - CertBundlePath = nullptr  - Libcurl will use whatever was configured at build time.
LogInit:  - MaxHostConnections = 16  - Libcurl will limit the number of connections to a host
LogInit:  - LocalHostAddr = Default
LogInit: WinSock: version 1.1 (2.2), MaxSocks=32767, MaxUdp=65467
LogInit: WinSock: I am DESKTOP-BR29E2U (118.138.192.193:0)
LogInit: Build: ++UE4+Release-4.19-CL-4033788
LogInit: Engine Version: 4.19.2-4033788+++UE4+Release-4.19
LogInit: Compatible Engine Version: 4.19.0-3944462+++UE4+Release-4.19
LogInit: Net CL: 3944462
LogDevObjectVersion: Number of dev versions registered: 18
LogDevObjectVersion:   Dev-Blueprints (B0D832E4-1F89-4F0D-ACCF-7EB736FD4AA2): 10
LogDevObjectVersion:   Dev-Build (E1C64328-A22C-4D53-A36C-8E866417BD8C): 0
LogDevObjectVersion:   Dev-Core (375EC13C-06E4-48FB-B500-84F0262A717E): 2
LogDevObjectVersion:   Dev-Editor (E4B068ED-F494-42E9-A231-DA0B2E46BB41): 23
LogDevObjectVersion:   Dev-Framework (CFFC743F-43B0-4480-9391-14DF171D2073): 33
LogDevObjectVersion:   Dev-Mobile (B02B49B5-BB20-44E9-A304-32B752E40360): 2
LogDevObjectVersion:   Dev-Networking (A4E4105C-59A1-49B5-A7C5-40C4547EDFEE): 0
LogDevObjectVersion:   Dev-Online (39C831C9-5AE6-47DC-9A44-9C173E1C8E7C): 0
LogDevObjectVersion:   Dev-Physics (78F01B33-EBEA-4F98-B9B4-84EACCB95AA2): 0
LogDevObjectVersion:   Dev-Platform (6631380F-2D4D-43E0-8009-CF276956A95A): 0
LogDevObjectVersion:   Dev-Rendering (12F88B9F-8875-4AFC-A67C-D90C383ABD29): 25
LogDevObjectVersion:   Dev-Sequencer (7B5AE74C-D270-4C10-A958-57980B212A5A): 6
LogDevObjectVersion:   Dev-VR (D7296918-1DD6-4BDD-9DE2-64A83CC13884): 1
LogDevObjectVersion:   Dev-LoadTimes (C2A15278-BFE7-4AFE-6C17-90FF531DF755): 1
LogDevObjectVersion:   Private-Geometry (6EACA3D4-40EC-4CC1-B786-8BED09428FC5): 2
LogDevObjectVersion:   Dev-AnimPhys (29E575DD-E0A3-4627-9D10-D276232CDCEA): 16
LogDevObjectVersion:   Dev-ReflectionCapture (6B266CEC-1EC7-4B8F-A30B-E4D90942FC07): 1
LogDevObjectVersion:   Dev-Automation (0DF73D61-A23F-47EA-B727-89E90C41499A): 1
LogInit: Compiled (64-bit): Apr 27 2018 02:06:57
LogInit: Compiled with Visual C++: 19.00.24215.01
LogInit: Build Configuration: Development
LogInit: Branch Name: ++UE4+Release-4.19
LogInit: Command Line:  
LogInit: Base Directory: G:/FORTNITE/UE_4.19/Engine/Binaries/Win64/
LogInit: Installed Engine Build: 1
LogStreaming: Display: Took  0.035s to delete old logs.
LogInit: Presizing for max 8388607 objects, including 0 objects not considered by GC, pre-allocating 0 bytes for permanent pool.
LogInit: Object subsystem initialized
[2018.10.19-10.42.22:114][  0]LogInit: Selected Device Profile: [Windows]
[2018.10.19-10.42.22:114][  0]LogInit: Applying CVar settings loaded from the selected device profile: [Windows]
[2018.10.19-10.42.22:125][  0]LogInit: Computer: DESKTOP-BR29E2U
[2018.10.19-10.42.22:125][  0]LogInit: User: User
[2018.10.19-10.42.22:125][  0]LogInit: CPU Page size=4096, Cores=4
[2018.10.19-10.42.22:125][  0]LogInit: High frequency timer resolution =4.101567 MHz
[2018.10.19-10.42.22:125][  0]LogMemory: Memory total: Physical=15.9GB (16GB approx)
[2018.10.19-10.42.22:125][  0]LogMemory: Platform Memory Stats for Windows
[2018.10.19-10.42.22:125][  0]LogMemory: Process Physical Memory: 274.81 MB used, 274.81 MB peak
[2018.10.19-10.42.22:125][  0]LogMemory: Process Virtual Memory: 264.97 MB used, 264.97 MB peak
[2018.10.19-10.42.22:125][  0]LogMemory: Physical Memory: 8828.03 MB used,  7480.95 MB free, 16308.98 MB total
[2018.10.19-10.42.22:125][  0]LogMemory: Virtual Memory: 4795.83 MB used,  7480.95 MB free, 134217728.00 MB total
[2018.10.19-10.42.22:149][  0]LogInit: Overriding language with editor language configuration option (en).
[2018.10.19-10.42.22:149][  0]LogInit: Overriding locale with editor locale configuration option (en).
[2018.10.19-10.42.22:488][  0]LogStreaming: Display: Took  0.339s to EndInitTextLocalization.
[2018.10.19-10.42.22:488][  0]LogInit: Setting process to per monitor DPI aware
[2018.10.19-10.42.22:527][  0]LogSlate: New Slate User Created.  User Index 0, Is Virtual User: 0
[2018.10.19-10.42.22:528][  0]LogSlate: Slate User Registered.  User Index 0, Is Virtual User: 0
[2018.10.19-10.42.22:816][  0]LogD3D11RHI: D3D11 adapters:
[2018.10.19-10.42.22:878][  0]LogD3D11RHI:    0. 'NVIDIA GeForce GTX 1080 Ti' (Feature Level 11_0)
[2018.10.19-10.42.22:878][  0]LogD3D11RHI:       11127/0/8154 MB DedicatedVideo/DedicatedSystem/SharedSystem, Outputs:1, VendorId:0x10de
[2018.10.19-10.42.22:881][  0]LogD3D11RHI:    1. 'Microsoft Basic Render Driver' (Feature Level 11_0)
[2018.10.19-10.42.22:881][  0]LogD3D11RHI:       0/0/8154 MB DedicatedVideo/DedicatedSystem/SharedSystem, Outputs:0, VendorId:0x1414
[2018.10.19-10.42.22:881][  0]LogD3D11RHI: Chosen D3D11 Adapter: 0
[2018.10.19-10.42.22:888][  0]LogD3D11RHI: Creating new Direct3DDevice
[2018.10.19-10.42.22:889][  0]LogD3D11RHI:     GPU DeviceId: 0x1b06 (for the marketing name, search the web for "GPU Device Id")
[2018.10.19-10.42.22:889][  0]LogWindows: EnumDisplayDevices:
[2018.10.19-10.42.22:889][  0]LogWindows:    0. 'NVIDIA GeForce GTX 1080 Ti' (P:1 D:1)
[2018.10.19-10.42.22:889][  0]LogWindows:    1. 'NVIDIA GeForce GTX 1080 Ti' (P:0 D:0)
[2018.10.19-10.42.22:890][  0]LogWindows:    2. 'NVIDIA GeForce GTX 1080 Ti' (P:0 D:0)
[2018.10.19-10.42.22:891][  0]LogWindows:    3. 'NVIDIA GeForce GTX 1080 Ti' (P:0 D:0)
[2018.10.19-10.42.22:891][  0]LogWindows: DebugString: GetVideoDriverDetailsInvalid PrimaryIsNotTheChoosenAdapter GetVideoDriverDetailsInvalid PrimaryIsNotTheChoosenAdapter GetVideoDriverDetailsInvalid PrimaryIsNotTheChoosenAdapter GetVideoDriverDetailsInvalid PrimaryIsNotTheChoosenAdapter FoundDriverCount:0 
[2018.10.19-10.42.22:891][  0]LogD3D11RHI:     Adapter Name: NVIDIA GeForce GTX 1080 Ti
[2018.10.19-10.42.22:891][  0]LogD3D11RHI:   Driver Version: Unknown (internal:Unknown, unified:Unknown)
[2018.10.19-10.42.22:891][  0]LogD3D11RHI:      Driver Date: Unknown
[2018.10.19-10.42.22:891][  0]LogRHI: Texture pool is 7788 MB (70% of 11127 MB)
[2018.10.19-10.42.22:930][  0]LogD3D11RHI: [Aftermath] Aftermath enabled and primed
[2018.10.19-10.42.22:931][  0]LogD3D11RHI: [Aftermath] Aftermath enabled and primed
[2018.10.19-10.42.22:931][  0]LogD3D11RHI: Async texture creation enabled
[2018.10.19-10.42.22:948][  0]LogD3D11RHI: GPU Timing Frequency: 1000.000000 (Debug: 2 2)
[2018.10.19-10.42.22:996][  0]LogShaderCompilers: Guid format shader working directory is -9 characters bigger than the processId version (../../../../../Github/FIT2097_Assignment2/Assignment2/Intermediate/Shaders/WorkingDirectory/11140/).
[2018.10.19-10.42.22:996][  0]LogShaderCompilers: Cleaned the shader compiler working directory 'C:/Users/User/AppData/Local/Temp/UnrealShaderWorkingDir/3553E6894F7451F9210843A56367F0D7/'.
[2018.10.19-10.42.23:202][  0]LogTemp: Display: Loaded TP AllDesktopTargetPlatform
[2018.10.19-10.42.23:214][  0]LogTemp: Display: Loaded TP MacClientTargetPlatform
[2018.10.19-10.42.23:228][  0]LogTemp: Display: Loaded TP MacNoEditorTargetPlatform
[2018.10.19-10.42.23:240][  0]LogTemp: Display: Loaded TP MacServerTargetPlatform
[2018.10.19-10.42.23:252][  0]LogTemp: Display: Loaded TP MacTargetPlatform
[2018.10.19-10.42.23:265][  0]LogTemp: Display: Loaded TP WindowsClientTargetPlatform
[2018.10.19-10.42.23:279][  0]LogTemp: Display: Loaded TP WindowsNoEditorTargetPlatform
[2018.10.19-10.42.23:290][  0]LogTemp: Display: Loaded TP WindowsServerTargetPlatform
[2018.10.19-10.42.23:296][  0]LogTemp: Display: Loaded TP WindowsTargetPlatform
[2018.10.19-10.42.23:309][  0]LogTemp: Display: Loaded TP Android_ASTCTargetPlatform
[2018.10.19-10.42.23:322][  0]LogTemp: Display: Loaded TP Android_ATCTargetPlatform
[2018.10.19-10.42.23:334][  0]LogTemp: Display: Loaded TP Android_DXTTargetPlatform
[2018.10.19-10.42.23:344][  0]LogTemp: Display: Loaded TP Android_ETC1aTargetPlatform
[2018.10.19-10.42.23:356][  0]LogTemp: Display: Loaded TP Android_ETC1TargetPlatform
[2018.10.19-10.42.23:366][  0]LogTemp: Display: Loaded TP Android_ETC2TargetPlatform
[2018.10.19-10.42.23:387][  0]LogTemp: Display: Loaded TP Android_MultiTargetPlatform
[2018.10.19-10.42.23:387][  0]LogTemp: Display: Loaded TP Android_PVRTCTargetPlatform
[2018.10.19-10.42.23:398][  0]LogTemp: Display: Loaded TP AndroidTargetPlatform
[2018.10.19-10.42.23:402][  0]LogTemp: Display: Loaded TP HTML5TargetPlatform
[2018.10.19-10.42.23:444][  0]LogTemp: Display: Loaded TP IOSTargetPlatform
[2018.10.19-10.42.23:454][  0]LogTemp: Display: Loaded TP TVOSTargetPlatform
[2018.10.19-10.42.23:467][  0]LogTemp: Display: Loaded TP LinuxClientTargetPlatform
[2018.10.19-10.42.23:480][  0]LogTemp: Display: Loaded TP LinuxNoEditorTargetPlatform
[2018.10.19-10.42.23:492][  0]LogTemp: Display: Loaded TP LinuxServerTargetPlatform
[2018.10.19-10.42.23:503][  0]LogTemp: Display: Loaded TP LinuxTargetPlatform
[2018.10.19-10.42.23:504][  0]LogTargetPlatformManager: Display: Building Assets For Windows
[2018.10.19-10.42.23:627][  0]LogXGEController: Cleaning working directory: C:/Users/User/AppData/Local/Temp/UnrealXGEWorkingDir/
[2018.10.19-10.42.23:627][  0]LogXGEController: Cannot use XGE Controller as Incredibuild is not installed on this machine.
[2018.10.19-10.42.23:627][  0]LogShaderCompilers: Cannot use XGE Shader Compiler as Incredibuild is not installed on this machine.
[2018.10.19-10.42.23:627][  0]LogShaderCompilers: Display: Using Local Shader Compiler.
[2018.10.19-10.42.24:144][  0]LogDerivedDataCache: Display: Max Cache Size: 512 MB
[2018.10.19-10.42.24:205][  0]LogDerivedDataCache: Loaded boot cache 0.06s 76MB C:/Users/User/AppData/Local/UnrealEngine/4.19/DerivedDataCache/Boot.ddc.
[2018.10.19-10.42.24:205][  0]LogDerivedDataCache: Display: Loaded Boot cache: C:/Users/User/AppData/Local/UnrealEngine/4.19/DerivedDataCache/Boot.ddc
[2018.10.19-10.42.24:205][  0]LogDerivedDataCache: FDerivedDataBackendGraph:  Pak pak cache file ../../../../../Github/FIT2097_Assignment2/Assignment2/DerivedDataCache/DDC.ddp not found, will not use a pak cache.
[2018.10.19-10.42.24:205][  0]LogDerivedDataCache: Unable to find inner node Pak for hierarchical cache Hierarchy.
[2018.10.19-10.42.24:205][  0]LogDerivedDataCache: FDerivedDataBackendGraph:  CompressedPak pak cache file ../../../../../Github/FIT2097_Assignment2/Assignment2/DerivedDataCache/Compressed.ddp not found, will not use a pak cache.
[2018.10.19-10.42.24:205][  0]LogDerivedDataCache: Unable to find inner node CompressedPak for hierarchical cache Hierarchy.
[2018.10.19-10.42.24:219][  0]LogDerivedDataCache: Display: Pak cache opened for reading ../../../Engine/DerivedDataCache/Compressed.ddp.
[2018.10.19-10.42.24:231][  0]LogDerivedDataCache: Using Local data cache path C:/Users/User/AppData/Local/UnrealEngine/Common/DerivedDataCache: Writable
[2018.10.19-10.42.24:231][  0]LogDerivedDataCache: Shared data cache path not found in *engine.ini, will not use an Shared cache.
[2018.10.19-10.42.24:231][  0]LogDerivedDataCache: Unable to find inner node Shared for hierarchical cache Hierarchy.
[2018.10.19-10.42.24:241][  0]LogMaterial: Verifying Global Shaders for PCD3D_SM5
[2018.10.19-10.42.24:241][  0]LogSlate: Using Freetype 2.6.0
[2018.10.19-10.42.24:242][  0]LogSlate: SlateFontCache - WITH_FREETYPE: 1, WITH_HARFBUZZ: 1
[2018.10.19-10.42.24:242][  0]LogSlate: SlateFontCache - WITH_FREETYPE: 1, WITH_HARFBUZZ: 1
[2018.10.19-10.42.24:368][  0]LogAssetRegistry: FAssetRegistry took 0.0247 seconds to start up
[2018.10.19-10.42.24:620][  0]LogInit: Selected Device Profile: [Windows]
[2018.10.19-10.42.24:748][  0]LogSimplygon: Simplygon DLL not present - disabling.
[2018.10.19-10.42.24:750][  0]LogMeshReduction: Using SimplygonSwarm for distributed automatic mesh merging
[2018.10.19-10.42.24:750][  0]LogMeshReduction: Using QuadricMeshReduction for automatic static mesh reduction
[2018.10.19-10.42.24:750][  0]LogMeshReduction: No automatic skeletal mesh reduction module available
[2018.10.19-10.42.24:750][  0]LogMeshReduction: No automatic mesh merging module available
[2018.10.19-10.42.24:750][  0]LogMeshMerging: No automatic mesh merging module available
[2018.10.19-10.42.24:788][  0]LogNetVersion: Assignment2 , NetCL: 3944462, EngineNetVer: 2, GameNetVer: 0 (Checksum: 48999329)
[2018.10.19-10.42.25:179][  0]LogPackageLocalizationCache: Processed 9 localized package path(s) for 1 prioritized culture(s) in 0.054099 seconds
[2018.10.19-10.42.25:185][  0]LogUObjectArray: 36728 objects as part of root set at end of initial load.
[2018.10.19-10.42.25:185][  0]LogUObjectAllocator: 7314304 out of 0 bytes used by permanent object pool.
[2018.10.19-10.42.25:185][  0]LogUObjectArray: CloseDisregardForGC: 0/0 objects in disregard for GC pool
[2018.10.19-10.42.26:871][  0]LogTcpMessaging: Initializing TcpMessaging bridge
[2018.10.19-10.42.26:905][  0]LogUdpMessaging: Initializing bridge on interface 0.0.0.0:0 to multicast group 230.0.0.1:6666.
[2018.10.19-10.42.27:209][  0]LogUObjectGlobals: Created PersistentFrame Addr=0x000002dd23557600, Size=72, Default__FirstPerson_AnimBP_C Function /Game/FirstPerson/Animations/FirstPerson_AnimBP.FirstPerson_AnimBP_C:ExecuteUbergraph_FirstPerson_AnimBP
[2018.10.19-10.42.27:215][  0]LogUObjectGlobals: Destroyed PersistentFrame Addr=0x000002dd23557600, Size=72
[2018.10.19-10.42.27:215][  0]LogUObjectGlobals: Created PersistentFrame Addr=0x000002dd235023e0, Size=72, Default__FirstPerson_AnimBP_C Function /Engine/Transient.REINST_FirstPerson_AnimBP_C_0:ExecuteUbergraph_FirstPerson_AnimBP
[2018.10.19-10.42.27:221][  0]LogUObjectGlobals: Created PersistentFrame Addr=0x000002dd234a2520, Size=72, Default__FirstPerson_AnimBP_C Function /Game/FirstPerson/Animations/FirstPerson_AnimBP.FirstPerson_AnimBP_C:ExecuteUbergraph_FirstPerson_AnimBP
[2018.10.19-10.42.27:306][  0]LogSkeletalMesh: Skeletal Mesh found in DDC [0.448853ms] /Game/FirstPerson/FPWeapon/Mesh/SK_FPGun.SK_FPGun
[2018.10.19-10.42.27:313][  0]LogSkeletalMesh: Skeletal Mesh found in DDC [0.584411ms] /Game/FirstPerson/Character/Mesh/SK_Mannequin_Arms.SK_Mannequin_Arms
[2018.10.19-10.42.27:489][  0]SourceControl: Source control is disabled
[2018.10.19-10.42.27:489][  0]SourceControl: Source control is disabled
[2018.10.19-10.42.27:513][  0]SourceControl: Source control is disabled
[2018.10.19-10.42.27:535][  0]SourceControl: Source control is disabled
[2018.10.19-10.42.28:107][  0]LogAndroidPermission: UAndroidPermissionCallbackProxy::GetInstance
[2018.10.19-10.42.28:294][  0]LogOcInput: OculusInput pre-init called
[2018.10.19-10.42.28:409][  0]LogEngine: Initializing Engine...
[2018.10.19-10.42.28:411][  0]LogHMD: Failed to initialize OpenVR with code 110
[2018.10.19-10.42.28:412][  0]LogStats: UGameplayTagsManager::ConstructGameplayTagTree: Construct from data asset -  0.000 s
[2018.10.19-10.42.28:412][  0]LogStats: UGameplayTagsManager::ConstructGameplayTagTree: GameplayTagTreeChangedEvent.Broadcast -  0.000 s
[2018.10.19-10.42.28:596][  0]LogAIModule: Creating AISystem for world Untitled
[2018.10.19-10.42.28:619][  0]LogAudio: Error: GetDeviceCount error: Unhandled error code -536870389
[2018.10.19-10.42.28:619][  0]LogInit: No audio devices found!
[2018.10.19-10.42.28:663][  0]LogDerivedDataCache: Saved boot cache 0.04s 76MB C:/Users/User/AppData/Local/UnrealEngine/4.19/DerivedDataCache/Boot.ddc.
[2018.10.19-10.42.28:677][  0]LogInit: Texture streaming: Enabled
[2018.10.19-10.42.28:690][  0]LogEngineSessionManager: EngineSessionManager initialized
[2018.10.19-10.42.28:706][  0]LogInit: Transaction tracking system initialized
[2018.10.19-10.42.28:722][  0]BlueprintLog: New page: Editor Load
[2018.10.19-10.42.28:813][  0]LocalizationService: Localization service is disabled
[2018.10.19-10.42.28:914][  0]LogConsoleResponse: Display: 
[2018.10.19-10.42.29:047][  0]LogCook: Display: Max memory allowance for cook 16384mb min free memory 0mb
[2018.10.19-10.42.29:047][  0]LogCook: Display: Mobile HDR setting 1
[2018.10.19-10.42.29:047][  0]LogGameplayTags: Display: UGameplayTagsManager::DoneAddingNativeTags. DelegateIsBound: 0
[2018.10.19-10.42.29:047][  0]LogStats: UGameplayTagsManager::ConstructGameplayTagTree: Construct from data asset -  0.000 s
[2018.10.19-10.42.29:047][  0]LogStats: UGameplayTagsManager::ConstructGameplayTagTree: GameplayTagTreeChangedEvent.Broadcast -  0.000 s
[2018.10.19-10.42.29:483][  0]LogFileCache: Scanning file cache for directory 'G:/Github/FIT2097_Assignment2/Assignment2/Content/' took 0.02s
[2018.10.19-10.42.29:483][  0]SourceControl: Source control is disabled
[2018.10.19-10.42.29:483][  0]Cmd: MAP LOAD FILE="../../../../../Github/FIT2097_Assignment2/Assignment2/Content/Levels/MainLevel.umap" TEMPLATE=0 SHOWPROGRESS=1 FEATURELEVEL=3
[2018.10.19-10.42.29:483][  0]LightingResults: New page: Lighting Build
[2018.10.19-10.42.29:485][  0]MapCheck: New page: Map Check
[2018.10.19-10.42.29:485][  0]LightingResults: New page: Lighting Build
[2018.10.19-10.42.29:492][  0]LogUObjectGlobals: Destroyed PersistentFrame Addr=0x000002dd235023e0, Size=72
[2018.10.19-10.42.29:507][  0]LogUObjectGlobals: Created PersistentFrame Addr=0x000002dd25220e00, Size=232, Default__FusePack_C Function /Game/Blueprints/FusePack.FusePack_C:ExecuteUbergraph_FusePack
[2018.10.19-10.42.29:509][  0]LogUObjectGlobals: Destroyed PersistentFrame Addr=0x000002dd25220e00, Size=232
[2018.10.19-10.42.29:509][  0]LogUObjectGlobals: Created PersistentFrame Addr=0x000002dd25220e00, Size=232, Default__FusePack_C Function /Engine/Transient.REINST_FusePack_C_6:ExecuteUbergraph_FusePack
[2018.10.19-10.42.29:510][  0]LogUObjectGlobals: Created PersistentFrame Addr=0x000002dd24d84700, Size=232, Default__FusePack_C Function /Game/Blueprints/FusePack.FusePack_C:ExecuteUbergraph_FusePack
[2018.10.19-10.42.29:515][  0]LogUObjectGlobals: Created PersistentFrame Addr=0x000002dd24d84f00, Size=232, Default__KeyPack_C Function /Game/Blueprints/KeyPack.KeyPack_C:ExecuteUbergraph_KeyPack
[2018.10.19-10.42.29:517][  0]LogUObjectGlobals: Destroyed PersistentFrame Addr=0x000002dd24d84f00, Size=232
[2018.10.19-10.42.29:517][  0]LogUObjectGlobals: Created PersistentFrame Addr=0x000002dd24d84f00, Size=232, Default__KeyPack_C Function /Engine/Transient.REINST_KeyPack_C_8:ExecuteUbergraph_KeyPack
[2018.10.19-10.42.29:519][  0]LogUObjectGlobals: Created PersistentFrame Addr=0x000002dd0f480d00, Size=232, Default__KeyPack_C Function /Game/Blueprints/KeyPack.KeyPack_C:ExecuteUbergraph_KeyPack
[2018.10.19-10.42.29:587][  0]LogUObjectGlobals: Created PersistentFrame Addr=0x000002dd24ce3208, Size=8, Default__NoFuse_C Function /Game/Blueprints/NoFuse.NoFuse_C:ExecuteUbergraph_NoFuse
[2018.10.19-10.42.29:589][  0]LogUObjectGlobals: Destroyed PersistentFrame Addr=0x000002dd24ce3208, Size=8
[2018.10.19-10.42.29:589][  0]LogUObjectGlobals: Created PersistentFrame Addr=0x000002dd24ce3208, Size=8, Default__NoFuse_C Function /Engine/Transient.REINST_NoFuse_C_0:ExecuteUbergraph_NoFuse
[2018.10.19-10.42.29:591][  0]LogUObjectGlobals: Created PersistentFrame Addr=0x000002dd24ce3128, Size=8, Default__NoFuse_C Function /Game/Blueprints/NoFuse.NoFuse_C:ExecuteUbergraph_NoFuse
[2018.10.19-10.42.29:594][  0]LogUObjectGlobals: Created PersistentFrame Addr=0x000002dd24ce2fe8, Size=8, Default__NoKey_C Function /Game/Blueprints/NoKey.NoKey_C:ExecuteUbergraph_NoKey
[2018.10.19-10.42.29:596][  0]LogUObjectGlobals: Destroyed PersistentFrame Addr=0x000002dd24ce2fe8, Size=8
[2018.10.19-10.42.29:596][  0]LogUObjectGlobals: Created PersistentFrame Addr=0x000002dd24ce2fe8, Size=8, Default__NoKey_C Function /Engine/Transient.REINST_NoKey_C_1:ExecuteUbergraph_NoKey
[2018.10.19-10.42.29:597][  0]LogUObjectGlobals: Created PersistentFrame Addr=0x000002dd24ce2f08, Size=8, Default__NoKey_C Function /Game/Blueprints/NoKey.NoKey_C:ExecuteUbergraph_NoKey
[2018.10.19-10.42.29:600][  0]LogUObjectGlobals: Created PersistentFrame Addr=0x000002dd2524cf40, Size=32, Default__PauseMenu_C Function /Game/Blueprints/PauseMenu.PauseMenu_C:ExecuteUbergraph_PauseMenu
[2018.10.19-10.42.29:602][  0]LogUObjectGlobals: Destroyed PersistentFrame Addr=0x000002dd2524cf40, Size=32
[2018.10.19-10.42.29:602][  0]LogUObjectGlobals: Created PersistentFrame Addr=0x000002dd2524cf40, Size=32, Default__PauseMenu_C Function /Engine/Transient.REINST_PauseMenu_C_2:ExecuteUbergraph_PauseMenu
[2018.10.19-10.42.29:604][  0]LogUObjectGlobals: Created PersistentFrame Addr=0x000002dd2524c100, Size=32, Default__PauseMenu_C Function /Game/Blueprints/PauseMenu.PauseMenu_C:ExecuteUbergraph_PauseMenu
[2018.10.19-10.42.29:606][  0]LogUObjectGlobals: Created PersistentFrame Addr=0x000002dd04a8a180, Size=128, Default__StatusScreen_C Function /Game/Blueprints/StatusScreen.StatusScreen_C:ExecuteUbergraph_StatusScreen
[2018.10.19-10.42.29:611][  0]LogUObjectGlobals: Destroyed PersistentFrame Addr=0x000002dd04a8a180, Size=128
[2018.10.19-10.42.29:611][  0]LogUObjectGlobals: Created PersistentFrame Addr=0x000002dd04a8a180, Size=128, Default__StatusScreen_C Function /Engine/Transient.REINST_StatusScreen_C_3:ExecuteUbergraph_StatusScreen
[2018.10.19-10.42.29:614][  0]LogUObjectGlobals: Created PersistentFrame Addr=0x000002dd04a89000, Size=128, Default__StatusScreen_C Function /Game/Blueprints/StatusScreen.StatusScreen_C:ExecuteUbergraph_StatusScreen
[2018.10.19-10.42.29:616][  0]LogUObjectGlobals: Created PersistentFrame Addr=0x000002dd04a56f70, Size=16, Default__WinScreen_C Function /Game/Blueprints/WinScreen.WinScreen_C:ExecuteUbergraph_WinScreen
[2018.10.19-10.42.29:618][  0]LogUObjectGlobals: Destroyed PersistentFrame Addr=0x000002dd04a56f70, Size=16
[2018.10.19-10.42.29:618][  0]LogUObjectGlobals: Created PersistentFrame Addr=0x000002dd04a56f70, Size=16, Default__WinScreen_C Function /Engine/Transient.REINST_WinScreen_C_4:ExecuteUbergraph_WinScreen
[2018.10.19-10.42.29:618][  0]LogUObjectGlobals: Created PersistentFrame Addr=0x000002dd04a56fe0, Size=16, Default__WinScreen_C Function /Game/Blueprints/WinScreen.WinScreen_C:ExecuteUbergraph_WinScreen
[2018.10.19-10.42.29:697][  0]LogUObjectGlobals: Created PersistentFrame Addr=0x000002dd04ee9900, Size=256, Default__MainLevel_C Function /Game/Levels/MainLevel.MainLevel_C:ExecuteUbergraph_MainLevel
[2018.10.19-10.42.29:707][  0]LogUObjectGlobals: Destroyed PersistentFrame Addr=0x000002dd04ee9900, Size=256
[2018.10.19-10.42.29:707][  0]LogUObjectGlobals: Created PersistentFrame Addr=0x000002dd04ee9900, Size=256, Default__MainLevel_C Function /Engine/Transient.REINST_MainLevel_C_15:ExecuteUbergraph_MainLevel
[2018.10.19-10.42.29:717][  0]LogUObjectGlobals: Created PersistentFrame Addr=0x000002dd089dfd00, Size=256, Default__MainLevel_C Function /Game/Levels/MainLevel.MainLevel_C:ExecuteUbergraph_MainLevel
[2018.10.19-10.42.29:990][  0]LogAIModule: Creating AISystem for world MainLevel
[2018.10.19-10.42.30:005][  0]LogEditorServer: Finished looking for orphan Actors (0.000 secs)
[2018.10.19-10.42.30:016][  0]LogUObjectGlobals: Destroyed PersistentFrame Addr=0x000002dd24d84f00, Size=232
[2018.10.19-10.42.30:016][  0]LogUObjectGlobals: Destroyed PersistentFrame Addr=0x000002dd25220e00, Size=232
[2018.10.19-10.42.30:016][  0]LogUObjectGlobals: Destroyed PersistentFrame Addr=0x000002dd24ce3208, Size=8
[2018.10.19-10.42.30:016][  0]LogUObjectGlobals: Destroyed PersistentFrame Addr=0x000002dd24ce2fe8, Size=8
[2018.10.19-10.42.30:016][  0]LogUObjectGlobals: Destroyed PersistentFrame Addr=0x000002dd2524cf40, Size=32
[2018.10.19-10.42.30:016][  0]LogUObjectGlobals: Destroyed PersistentFrame Addr=0x000002dd04a8a180, Size=128
[2018.10.19-10.42.30:016][  0]LogUObjectGlobals: Destroyed PersistentFrame Addr=0x000002dd04a56f70, Size=16
[2018.10.19-10.42.30:016][  0]LogUObjectGlobals: Destroyed PersistentFrame Addr=0x000002dd04ee9900, Size=256
[2018.10.19-10.42.30:017][  0]Cmd: MAP CHECKDEP NOCLEARLOG
[2018.10.19-10.42.30:104][  0]MapCheck: Map check complete: 0 Error(s), 0 Warning(s), took 85.972ms to complete.
[2018.10.19-10.42.30:104][  0]LogFileHelpers: Loading map 'MainLevel' took 0.622
[2018.10.19-10.42.30:250][  0]LogCollectionManager: Loaded 0 collections in 0.001303 seconds
[2018.10.19-10.42.30:291][  0]LogFileCache: Scanning file cache for directory 'G:/Github/FIT2097_Assignment2/Assignment2/Saved/Collections/' took 0.01s
[2018.10.19-10.42.30:291][  0]LogFileCache: Scanning file cache for directory 'G:/Github/FIT2097_Assignment2/Assignment2/Content/Developers/User/Collections/' took 0.01s
[2018.10.19-10.42.30:291][  0]LogFileCache: Scanning file cache for directory 'G:/Github/FIT2097_Assignment2/Assignment2/Content/Collections/' took 0.01s
[2018.10.19-10.42.30:291][  0]LogCollectionManager: Rebuilt the GUID cache for 0 collections in 0.000001 seconds
[2018.10.19-10.42.30:301][  0]LogContentBrowser: Native class hierarchy populated in 0.0105 seconds. Added 2459 classes and 560 folders.
[2018.10.19-10.42.30:307][  0]LogContentBrowser: Native class hierarchy updated for 'WidgetCarousel' in 0.0008 seconds. Added 0 classes and 0 folders.
[2018.10.19-10.42.30:364][  0]LogContentBrowser: Native class hierarchy updated for 'AddContentDialog' in 0.0010 seconds. Added 0 classes and 0 folders.
[2018.10.19-10.42.30:367][  0]LogContentBrowser: Native class hierarchy updated for 'SceneOutliner' in 0.0008 seconds. Added 1 classes and 2 folders.
[2018.10.19-10.42.30:384][  0]LogSlate: Took 0.000310 seconds to synchronously load lazily loaded font '../../../Engine/Content/Slate/Fonts/Roboto-Regular.ttf' (155K)
[2018.10.19-10.42.30:386][  0]LogSlate: Took 0.000277 seconds to synchronously load lazily loaded font '../../../Engine/Content/Slate/Fonts/Roboto-Bold.ttf' (160K)
[2018.10.19-10.42.30:391][  0]LogSlate: Took 0.000322 seconds to synchronously load lazily loaded font '../../../Engine/Content/Editor/Slate/Fonts/FontAwesome.ttf' (139K)
[2018.10.19-10.42.30:460][  0]LogRenderer: Reallocating scene render targets to support 1268x592 Format 10 NumSamples 1 (Frame:1).
[2018.10.19-10.42.30:604][  0]LogContentBrowser: Native class hierarchy updated for 'HierarchicalLODOutliner' in 0.0008 seconds. Added 0 classes and 0 folders.
[2018.10.19-10.42.30:604][  0]LogLoad: (Engine Initialization) Total time: 12.00 seconds
[2018.10.19-10.42.30:604][  0]LogLoad: (Engine Initialization) Total Blueprint compile time: 0.00 seconds
[2018.10.19-10.42.30:618][  0]LogWindowsTextInputMethodSystem: Display: IME system now activated using TSF (搜狗拼音输入法).
[2018.10.19-10.42.30:636][  0]LogAssetRegistry: Asset discovery search completed in 6.2908 seconds
[2018.10.19-10.42.30:638][  0]LogCollectionManager: Rebuilt the object cache for 0 collections in 0.000000 seconds (found 0 objects)
[2018.10.19-10.42.30:639][  0]LogCollectionManager: Fixed up redirectors for 0 collections in 0.000083 seconds (updated 0 objects)
[2018.10.19-10.42.30:642][  0]LogContentStreaming: Texture pool size now 1000 MB
[2018.10.19-10.42.30:686][  0]LogSlate: Took 0.000292 seconds to synchronously load lazily loaded font '../../../Engine/Content/Slate/Fonts/Roboto-Light.ttf' (167K)
[2018.10.19-10.42.34:101][357]LogSlate: FSceneViewport::OnFocusLost() reason 0
[2018.10.19-10.42.44:876][642]LogSlate: Took 0.000256 seconds to synchronously load lazily loaded font '../../../Engine/Content/Slate/Fonts/Roboto-Light.ttf' (167K)
